code2828

Level 1 of the Dungeon
(0, 0, D:1)
  a +0 mace of protection
(12, -4, D:1)
  a +0 short sword
(14, -6, D:1)
  3 stones
(35, -14, D:1)
  a +0 dagger
  2 stones
(46, -14, D:1)
  a +0 short sword
(47, -25, D:1)
  a hobgoblin corpse (skeletalised by now)
(49, -45, D:1)
  a jackal corpse
  a jackal corpse
(50, -25, D:1)
  a bat corpse (skeletalised by now)
(55, -24, D:1)
  a frilled lizard corpse (skeletalised by now)
(62, -57, D:1)
  a +0 short sword
(63, -45, D:1)
  a dart slug corpse
(63, -43, D:1)
  a rat corpse
(65, -61, D:1)
  a +0 spear
(65, -43, D:1)
  a +0 scale mail

