code2828

Level 1 of the Dungeon
(9, -28, D:1)
  a +0 rapier
(10, -3, D:1)
  a +0 robe
(15, -9, D:1)
  a +0 robe
(21, 20, D:1)
  a +0 dagger
(34, -25, D:1)
  6 stones
(40, 9, D:1)
  7 stones
(40, 17, D:1)
  a +0 whip
(40, 21, D:1)
  2 stones
(41, 21, D:1)
  a +0 club
(42, 20, D:1)
  a +0 quarterstaff
(43, 2, D:1)
  a +0 short sword
(52, 7, D:1)
  a +0 short sword
(54, 9, D:1)
  a +0 club

Level 2 of the Dungeon
(0, 0, D:2)
  a +0 hand axe
(1, 24, D:2)
  3 stones
(5, 53, D:2)
  3 poisoned darts
(6, 37, D:2)
  a +0 dagger
(36, 16, D:2)
  a +0 dagger
(46, 42, D:2)
  6 stones
(53, 12, D:2)
  7 stones
(55, 0, D:2)
  a +0 leather armour

Level 3 of the Dungeon
(7, 21, D:3)
  a +0 robe
(13, 10, D:3)
  6 boomerangs
(17, 27, D:3)
  a rat skeleton
(17, 28, D:3)
  a +0 short sword
  a kobold skeleton
(18, 28, D:3)
  a +0 hand axe
  a +0 ring mail
(20, 10, D:3)
  6 stones
(26, 8, D:3)
  a staff of conjuration
(29, 26, D:3)
  a +0 dagger
(31, 7, D:3)
  a +0 dagger
(34, 9, D:3)
  2 stones
(35, -1, D:3)
  6 stones
(35, 3, D:3)
  a bat corpse (skeletalised by now)
(47, 7, D:3)
  a +0 dagger

Level 4 of the Dungeon
(0, 0, D:4)
  a potion of curing

