code2828

Level 1 of the Dungeon
[Shop] Sicum's Weapon Boutique
  a +0 whip (25 gold)
  a +0 spear (30 gold)
  a +0 dagger (20 gold)
  a +0 mace (30 gold)
  a +0 sling (15 gold)
  a +1 hand axe of flaming (124 gold)
  a +8 trident of venom (462 gold)
  a +0 mace (30 gold)
  a +0 falchion (30 gold)
  a +0 short sword of holy wrath (74 gold)
(0, 0, D:1)
  a +0 dagger
(7, 15, D:1)
  a +0 dagger
(15, 22, D:1)
  a +0 pair of boots
(18, 30, D:1)
  a +0 whip
(19, 42, D:1)
  a +0 club
(20, 5, D:1)
  a +0 whip
(21, 16, D:1)
  a +0 dagger
(22, 2, D:1)
  a +0 whip
  4 stones
(25, 2, D:1)
  a +2 whip of electrocution
  a stone
(31, 18, D:1)
  4 large rocks
(31, 23, D:1)
  a +0 short sword
(33, 33, D:1)
  a +0 club
  2 stones
(36, 1, D:1)
  a +0 dagger
  5 stones
(41, -2, D:1)
  7 stones
(55, 27, D:1)
  a +0 whip
(55, 30, D:1)
  a +0 club

Level 2 of the Dungeon
(0, 0, D:2)
  a +0 hand axe
(1, 31, D:2)
  a bat corpse
(4, 1, D:2)
  a +0 dagger
(5, 9, D:2)
  a +0 leather armour
(17, 7, D:2)
  a worm corpse
(22, 22, D:2)
  a bat corpse (skeletalised by now)
(38, 32, D:2)
  a ball python corpse (skeletalised by now)
(42, 4, D:2)
  a +0 leather armour
(50, -2, D:2)
  an adder corpse
(58, 20, D:2)
  a +0 ring mail
(59, 7, D:2)
  a giant cockroach corpse
(65, 16, D:2)
  a +0 dagger

