code2828

Level 1 of the Dungeon
[Shop] Nonef's General Store
  the +3 ring mail of the Blind Marksman {Dex+6} (501 gold)
    Dex:       It affects your dexterity (+6).
  5 large rocks (45 gold)
  a potion of curing (39 gold)
  a book of Conjurations (260 gold)
  a scroll of poison (52 gold)
  the +8 chain mail "Onuff" {Int+6} (833 gold)
    Int:       It affects your intelligence (+6).
  a scroll of poison (52 gold)
  the +7 mace of Variability {chain chaos} (780 gold)
    Each time it hits an enemy it has a different, random effect.
    
    It occasionally unleashes arcs of chaos on nearby creatures upon striking a
    foe.
  an amulet of regeneration (390 gold)
(2, 6, D:1)
  a +0 robe
(23, 30, D:1)
  4 poisoned darts
(23, 48, D:1)
  a +0 dagger
  a kobold corpse (skeletalised by now)
(48, -11, D:1)
  a +0 short sword
(54, 23, D:1)
  2 poisoned darts

Level 2 of the Dungeon
(0, 0, D:2)
  4 gold pieces
(5, 1, D:2)
  a hobgoblin corpse

