code2828

Level 1 of the Dungeon
(0, 0, D:1)
  a +0 club
(1, 14, D:1)
  a +0 mace
(2, -2, D:1)
  a +0 dagger
(3, 14, D:1)
  8 stones
(6, 14, D:1)
  a bat corpse (skeletalised by now)
(8, -1, D:1)
  a +0 ring mail
(8, 4, D:1)
  a +0 club
  2 stones
(14, -3, D:1)
  a +0 hand axe
(16, -25, D:1)
  7 stones
(17, -23, D:1)
  a stone
(21, 10, D:1)
  2 boomerangs
(23, -22, D:1)
  a +2 dagger of speed
  a +0 club
  a goblin skeleton
  a goblin skeleton
(24, 6, D:1)
  2 boomerangs
(42, 7, D:1)
  a bat corpse (skeletalised by now)
(49, -1, D:1)
  a staff of earth

Level 2 of the Dungeon
(7, 9, D:2)
  a +0 club
(34, 33, D:2)
  a scroll of silence
(38, 31, D:2)
  a +0 robe
(40, 29, D:2)
  4 poisoned darts
(44, 27, D:2)
  3 stones

