code2828

Level 1 of the Dungeon
(0, 0, D:1)
  a +0 robe
(10, -5, D:1)
  a +0 club
  2 stones
(13, 3, D:1)
  a +0 club
(19, -20, D:1)
  a +0 club
  4 stones
  a +0 club
(19, -1, D:1)
  a +0 whip
  a +0 dagger
(19, 12, D:1)
  a +0 club
(22, 11, D:1)
  a +0 falchion
(25, -11, D:1)
  a +0 leather armour
(28, -2, D:1)
  a +0 whip
(29, -2, D:1)
  a +0 dagger
(37, -10, D:1)
  a +0 ring mail

Level 2 of the Dungeon
(0, 0, D:2)
  6 stones
(11, 0, D:2)
  4 stones
(21, -9, D:2)
  a quokka corpse (skeletalised by now)
(21, -5, D:2)
  a +0 chain mail
(22, 4, D:2)
  a +0 dagger
(22, 8, D:2)
  a +0 trident
(22, 15, D:2)
  a +0 dagger
(37, 0, D:2)
  a giant cockroach corpse

