code2828

Level 1 of the Dungeon
(0, 0, D:1)
  a +0 robe
(15, 37, D:1)
  a +0 club
(17, 1, D:1)
  a +0 quarterstaff
(21, -1, D:1)
  a +0 dagger
(22, 35, D:1)
  a +0 dagger
(29, 22, D:1)
  a stone

Level 2 of the Dungeon
(1, -27, D:2)
  5 stones
(5, -41, D:2)
  6 javelins
(7, -20, D:2)
  a +0 leather armour
(13, -32, D:2)
  a +0 spear
(20, -34, D:2)
  a +0 dagger
(20, -7, D:2)
  a ring of see invisible
(21, -15, D:2)
  a +0 dagger
(28, -35, D:2)
  a +0 robe
(34, -41, D:2)
  a +0 short sword
(41, -13, D:2)
  a +0 dagger

Level 3 of the Dungeon
(0, 0, D:3)
  6 stones
(0, 2, D:3)
  3 stones
(1, 8, D:3)
  a +0 dagger
(4, 3, D:3)
  a +6 ring of dexterity
(5, 32, D:3)
  a ring of see invisible
(11, 20, D:3)
  a +0 leather armour
(14, 17, D:3)
  a staff of air
  a +0 giant club
  an ogre corpse (skeletalised by now)
(15, 49, D:3)
  a +0 leather armour
(19, 13, D:3)
  6 poisoned darts
(22, 18, D:3)
  a +0 club
  a goblin skeleton
(26, 19, D:3)
  a staff of poison
(30, 28, D:3)
  a +0 ring mail
(30, 40, D:3)
  a ring of ice
(36, 45, D:3)
  a +0 dagger
(37, 46, D:3)
  a +0 ring mail
  a +0 club
(38, 48, D:3)
  a +0 chain mail
  a +0 hand axe

Level 4 of the Dungeon
(14, 2, D:4)
  a ball python corpse
(18, 4, D:4)
  a hound corpse
(18, 5, D:4)
  a worm corpse
(22, 4, D:4)
  a ball python corpse
(26, -2, D:4)
  a +0 club
  a goblin corpse
(30, -3, D:4)
  6 stones
(37, 9, D:4)
  a +0 whip
(48, 37, D:4)
  a +0 plate armour
(49, 35, D:4)
  a scroll of fear
(50, 35, D:4)
  a ball python corpse
(51, 38, D:4)
  a +0 flail
  a gnoll corpse (skeletalised by now)
(54, 33, D:4)
  a scroll of poison

