code2828

Level 1 of the Dungeon
(0, 0, D:1)
  a +0 dagger
(2, -15, D:1)
  a +0 ring mail
(15, -2, D:1)
  2 boomerangs
(17, -13, D:1)
  3 stones
(20, -2, D:1)
  a +0 dagger
(21, -32, D:1)
  6 stones
(24, -11, D:1)
  a +0 leather armour
(28, -46, D:1)
  6 boomerangs
(29, -29, D:1)
  a +0 leather armour
(32, -32, D:1)
  a +0 animal skin
(32, -11, D:1)
  a +0 dagger
  4 stones
(48, -45, D:1)
  a +0 dagger
(49, -27, D:1)
  a +0 dagger
(50, -20, D:1)
  5 atropa-tipped darts
(54, -11, D:1)
  a +0 dagger
(62, -46, D:1)
  a +0 dagger

Level 2 of the Dungeon
(12, -6, D:2)
  a +0 scale mail
(18, 27, D:2)
  a +0 dagger
  4 stones
(26, -5, D:2)
  a +0 ring mail
(26, 9, D:2)
  a +0 dagger
(27, 29, D:2)
  6 stones
(28, 30, D:2)
  a +0 robe
(31, -2, D:2)
  a +0 leather armour
(48, 18, D:2)
  2 boomerangs

Level 3 of the Dungeon
(0, 0, D:3)
  a +0 short sword
(2, 21, D:3)
  6 poisoned darts
  a +0 whip
(3, 19, D:3)
  5 stones
(6, 10, D:3)
  a +0 mace
(20, 3, D:3)
  a +0 sling
  a +0 club
(27, 27, D:3)
  a +0 robe
(27, 39, D:3)
  7 stones
(37, 28, D:3)
  a +0 scimitar
(37, 29, D:3)
  a +0 dagger
  a +0 chain mail
(38, 25, D:3)
  a +0 whip
(39, 28, D:3)
  an Inescapable Atlas
(40, 26, D:3)
  a +0 war axe
(45, 33, D:3)
  the +0 staff of Battle
    It enhances your conjuration magic.
    It summons a battlesphere in combat, with strength depending on Conjurations
    skill.
    Its strikes trigger the battlesphere's blasts.
    
    Trog disapproves of the use of such an item.
(46, 24, D:3)
  a +0 dagger
(47, 39, D:3)
  a +0 leather armour

Level 4 of the Dungeon
(0, 0, D:4)
  a +2 vampiric dagger
(7, -5, D:4)
  a +0 flail
(9, -20, D:4)
  a +0 club
(9, -6, D:4)
  a +0 club
(14, -14, D:4)
  a +0 helmet
(17, -19, D:4)
  a +0 mace
  a +0 robe
  a +0 hand axe
(18, -19, D:4)
  a +0 robe
  a +0 dagger
(20, -16, D:4)
  an Everburning Encyclopedia
(24, -24, D:4)
  a +0 dagger
(24, -2, D:4)
  a +0 trident
  a +0 ring mail
  an orc skeleton
(26, -25, D:4)
  a +0 club
(27, -6, D:4)
  a +0 club
(32, -28, D:4)
  a +0 ring mail
(32, -26, D:4)
  a +0 whip
(32, -25, D:4)
  a +0 hand axe
  a +0 giant club
(34, -23, D:4)
  a +0 robe
  a +0 dagger
(35, -24, D:4)
  a +0 hand axe
  a +0 hand axe
(35, -2, D:4)
  a +0 dagger
  a kobold skeleton
(36, -4, D:4)
  a +0 sling
(40, -14, D:4)
  a +0 ring mail
(41, -5, D:4)
  a quokka skeleton
(46, -19, D:4)
  a +0 battleaxe
  a +0 robe

Level 5 of the Dungeon
[Shop] Getsoth's Overcharged Wands
  (Shop contents are unknown)
(2, -4, D:5)
  a water moccasin corpse
(3, -18, D:5)
  a scroll of identify
(5, -12, D:5)
  an iguana corpse
(7, -7, D:5)
  a +0 vampiric whip
(8, -15, D:5)
  4 gold pieces

the Ecumenical Temple

