code2828

Level 1 of the Dungeon
(2, 1, D:1)
  a +0 dagger
(3, 1, D:1)
  a +0 club
  a +1 vampiric dagger
(7, -8, D:1)
  a +0 hand axe
(12, -4, D:1)
  2 stones

Level 2 of the Dungeon
(0, 0, D:2)
  an orb of mayhem
  a +0 dagger
(10, 11, D:2)
  a +0 short sword
(53, 8, D:2)
  a +0 leather armour
(54, 18, D:2)
  a +0 club
(56, 15, D:2)
  4 stones
(58, 12, D:2)
  3 stones
  a +0 dagger

Level 3 of the Dungeon
(0, 0, D:3)
  a +0 dagger
(0, 18, D:3)
  a +2 short sword of holy wrath
  5 stones
(1, -3, D:3)
  a +0 hand axe
  a +0 leather armour
(1, 18, D:3)
  a +0 short sword
  2 stones
(4, -6, D:3)
  a +0 spear
(4, 22, D:3)
  a +0 scale mail
(10, 18, D:3)
  a +0 dagger of speed
(13, 19, D:3)
  a staff of earth
(17, 6, D:3)
  a +0 hand axe
  a +0 ring mail
(25, 4, D:3)
  a +0 dagger
(26, 3, D:3)
  a +0 flail
(27, 0, D:3)
  a +0 robe
(27, 7, D:3)
  a +0 club
  a +0 sling
(28, -2, D:3)
  a +0 dagger
(31, -9, D:3)
  5 stones
(34, -6, D:3)
  a +0 sling
(38, 7, D:3)
  3 stones
(45, -5, D:3)
  8 stones

Level 4 of the Dungeon
(0, 0, D:4)
  an amulet of faith
(9, -3, D:4)
  a +0 dagger
  a +0 leather armour
(13, 8, D:4)
  a +0 dagger
(17, 11, D:4)
  a +0 whip
(17, 13, D:4)
  a +0 club
(17, 14, D:4)
  a +0 flail
(18, -8, D:4)
  a +0 dagger
(18, 13, D:4)
  a +0 spear
(23, -8, D:4)
  a +0 dagger
(26, 2, D:4)
  a +0 war axe
(27, -7, D:4)
  a +0 hand axe
  a +0 leather armour
(29, -19, D:4)
  a +0 short sword
(29, 1, D:4)
  a +0 short sword
(32, -6, D:4)
  a +0 dagger
  5 stones
(32, 14, D:4)
  2 stones
(33, -7, D:4)
  a +0 hand axe
(42, -9, D:4)
  14 gold pieces
(42, 7, D:4)
  a +0 dagger
(42, 10, D:4)
  a +0 whip
(43, -22, D:4)
  an orb of wrath
(48, -9, D:4)
  2 stones
(50, -19, D:4)
  a +0 dagger
(52, 6, D:4)
  an orb of light
(53, 2, D:4)
  a +1 short sword of venom
  3 stones

Level 5 of the Dungeon
(0, 0, D:5)
  a +0 dagger
(1, -7, D:5)
  5 stones
(5, 5, D:5)
  4 stones
(14, 9, D:5)
  a +0 dagger
  a +0 robe
(14, 11, D:5)
  a +0 hand axe
  a +0 scale mail
(15, 9, D:5)
  a +0 dagger
  a +0 robe
(19, -16, D:5)
  6 stones
(24, 8, D:5)
  a +1 vampiric whip
(27, 0, D:5)
  5 stones
(30, 2, D:5)
  a +0 flail
(31, 2, D:5)
  a +0 hand axe
  a +0 flail
(33, 3, D:5)
  a +0 short sword of flaming
  a +0 chain mail
(33, 4, D:5)
  a +0 morningstar
  a +0 dagger
  a +0 robe
(38, 20, D:5)
  5 datura-tipped darts
(39, 20, D:5)
  a scroll of fear
(42, -1, D:5)
  8 stones
(45, -15, D:5)
  a +0 flail
  a +0 flail

Level 6 of the Dungeon
(0, 0, D:6)
  a scorpion corpse
(11, -1, D:6)
  an adder corpse
(22, -21, D:6)
  a +0 giant club
(22, -18, D:6)
  a +0 club
(22, -14, D:6)
  a +0 dagger
  a +0 robe
  an orc corpse
(22, -13, D:6)
  a +0 hand axe
  an orc corpse
(25, -20, D:6)
  a +0 falchion
(26, -30, D:6)
  a potion of degeneration
(26, -27, D:6)
  a necrophage corpse (skeletalised by now)
(29, -26, D:6)
  a +0 dagger

the Ecumenical Temple

