code2828

Level 1 of the Dungeon
(8, 6, D:1)
  a +0 short sword
  3 stones
(12, 23, D:1)
  a +0 leather armour
(14, 16, D:1)
  6 stones
(17, -20, D:1)
  a book of Misfortune
(19, 4, D:1)
  a +0 dagger
(29, -20, D:1)
  a +0 whip
(37, -6, D:1)
  a +0 club
(38, -9, D:1)
  a +0 leather armour
(43, -8, D:1)
  a +0 dagger
(51, 13, D:1)
  7 stones
(53, 18, D:1)
  a +0 leather armour
(54, 20, D:1)
  a +0 dagger
(55, -6, D:1)
  a +0 dagger
(64, 18, D:1)
  a +0 short sword
  5 stones

Level 2 of the Dungeon
(0, 0, D:2)
  a ball python corpse
(12, -29, D:2)
  a +0 dagger
(13, -3, D:2)
  a +0 dagger
(22, -20, D:2)
  a +0 ring mail
(33, -30, D:2)
  a +0 short sword

Level 3 of the Dungeon
(0, 0, D:3)
  5 gold pieces
(6, 0, D:3)
  an amulet of the acrobat
(10, -1, D:3)
  a +0 short sword

