code2828

Level 1 of the Dungeon
(0, 0, D:1)
  a +0 club
(12, -26, D:1)
  a +0 short sword
(13, -19, D:1)
  a +0 club
(21, -4, D:1)
  a +0 club
(36, 14, D:1)
  a +0 short sword
  5 stones
(45, 1, D:1)
  8 stones
(46, -21, D:1)
  4 stones
(46, -11, D:1)
  a +0 club
(53, -42, D:1)
  a +0 club
(54, 4, D:1)
  a +0 sling
(59, -36, D:1)
  a +0 dagger
  5 stones

Level 2 of the Dungeon
(0, 0, D:2)
  a +0 dagger
(7, -2, D:2)
  a +0 trident
(10, 14, D:2)
  a +0 robe
(14, 0, D:2)
  a +0 short sword
(25, -6, D:2)
  3 javelins
(26, 2, D:2)
  a +0 robe
(34, 13, D:2)
  a +0 hand axe
(35, -4, D:2)
  a +0 ring mail
(43, -15, D:2)
  a +0 mace
(52, 15, D:2)
  a +0 dagger
(55, 0, D:2)
  a +0 ring mail
  a +0 dagger
  a +0 ring mail
  a +0 short sword
(56, -1, D:2)
  a +0 club
  a +0 leather armour
  a +0 mace
  an orc corpse
  an orc corpse
(56, 1, D:2)
  a scroll of immolation
  a +0 club
(58, 3, D:2)
  a ball python skeleton

Level 3 of the Dungeon
(0, 0, D:3)
  a scroll of enchant armour
(7, 1, D:3)
  6 poisoned darts
  a +0 short sword
(9, -1, D:3)
  a frilled lizard corpse

