code2828

Level 1 of the Dungeon
[Shop] Baav's Antique Weapon Shop
  a +0 hand axe (60 gold)
  a +0 short sword (60 gold)
  the +7 short sword "Demonslayer" {freeze, Contam rF+ rN++ rCorr} (1298 gold)
    It freezes those it strikes, dealing additional cold damage. It can also
    slow down cold-blooded creatures.
    
    rF:        It protects you from fire.
    rN:        It greatly protects you from negative energy.
    Contam:    It causes magical contamination when unequipped.
    rCorr:     It protects you from acid and corrosion.
  a +0 whip (50 gold)
  a +0 hand axe (60 gold)
  a +0 spear (60 gold)
  a +2 longbow of flaming (474 gold)
  a +0 rapier of electrocution (240 gold)
  a +0 short sword (60 gold)
  a +0 dagger (40 gold)
(0, 0, D:1)
  6 stones
(9, -3, D:1)
  a dart slug corpse
(13, 3, D:1)
  a potion of invisibility
  a +0 robe
(16, -2, D:1)
  8 stones
(25, -11, D:1)
  a +0 club

