code2828

Level 1 of the Dungeon
(0, 0, D:1)
  a +0 ring mail
(23, -5, D:1)
  a +0 dagger
  2 stones
(25, 16, D:1)
  8 stones
(27, 17, D:1)
  2 stones
(32, 12, D:1)
  a +0 club
(32, 41, D:1)
  a +2 vorpal quarterstaff
(33, 24, D:1)
  a +0 short sword
  2 stones
(34, 31, D:1)
  6 stones
(36, 9, D:1)
  a +0 flail
(43, 13, D:1)
  5 stones
(43, 32, D:1)
  a +0 dagger
(44, 36, D:1)
  a hobgoblin corpse (skeletalised by now)
(45, -5, D:1)
  a +0 dagger

Level 2 of the Dungeon
(0, 0, D:2)
  a +0 club
  5 stones
(3, 2, D:2)
  a +0 robe
(8, 15, D:2)
  a +0 ring mail
(12, 11, D:2)
  7 stones
(13, -6, D:2)
  3 poisoned darts
(21, 22, D:2)
  a +0 ring mail
(32, 33, D:2)
  a +0 club
(42, 21, D:2)
  a +0 ring mail
(44, -6, D:2)
  a +0 dagger
(51, 17, D:2)
  a +0 dagger of holy wrath

Level 3 of the Dungeon
(0, 0, D:3)
  a +0 short sword
  an orc corpse
(2, 0, D:3)
  a +0 short sword
  an orc corpse

