code2828

Level 1 of the Dungeon
(0, 0, D:1)
  a +0 club
(8, 5, D:1)
  a +0 hand axe
(9, -3, D:1)
  a +0 dagger
(12, 25, D:1)
  a +0 hand axe
(15, 9, D:1)
  a staff of cold
(21, 33, D:1)
  a +0 dagger

Level 2 of the Dungeon
(12, -13, D:2)
  a +0 dagger
(15, -4, D:2)
  a +0 leather armour
(15, 2, D:2)
  a ball python skeleton
(24, -23, D:2)
  a ball python corpse (skeletalised by now)
(24, -17, D:2)
  5 poisoned darts
(26, -22, D:2)
  5 stones
(27, -8, D:2)
  a +0 club
  a +0 scale mail
(33, -1, D:2)
  a hobgoblin corpse (skeletalised by now)
(42, 14, D:2)
  a +0 flail

Level 3 of the Dungeon

Level 6 of the Dungeon
(0, 0, D:6)
  a +0 ring mail

