code2828

Level 1 of the Dungeon
[Shop] Wiergh's Weapon Emporium
  7 stones (8 gold)
  a +0 dagger (24 gold)
  a +0 whip (30 gold)
  5 stones (6 gold)
  a +0 short sword (36 gold)
  a +0 spear (36 gold)
  a +0 club (12 gold)
  a +0 spear (36 gold)
(0, 0, D:1)
  9 stones
(2, -14, D:1)
  a hobgoblin corpse (skeletalised by now)
(3, -13, D:1)
  a +0 club
(3, 6, D:1)
  a +0 scale mail
(5, 4, D:1)
  a +0 leather armour
(8, -11, D:1)
  a +0 whip
(10, 3, D:1)
  6 stones
(18, 3, D:1)
  a +0 dagger
(26, 9, D:1)
  a +0 whip
(27, 6, D:1)
  a +0 short sword
(33, -16, D:1)
  9 stones
(37, -5, D:1)
  a +0 tower shield
(37, 3, D:1)
  a +0 robe
(38, -8, D:1)
  a +0 club
  5 stones

Level 2 of the Dungeon
(0, 0, D:2)
  a +0 ring mail
(1, 0, D:2)
  a +0 robe
(16, -4, D:2)
  a poisoned dart

