code2828

Level 1 of the Dungeon
(0, 0, D:1)
  a +0 dagger
(7, 0, D:1)
  a +0 short sword
(13, -3, D:1)
  a +0 dagger
(15, 7, D:1)
  a +0 whip
(18, 13, D:1)
  a +0 whip
(26, 17, D:1)
  5 stones
(27, 6, D:1)
  a +0 club
(34, -1, D:1)
  a +0 dagger
(35, -2, D:1)
  a +0 dagger
(43, -13, D:1)
  3 stones
(43, 5, D:1)
  a +0 dagger of venom

Level 2 of the Dungeon
(0, 0, D:2)
  6 stones
(19, -26, D:2)
  a +0 spear
  a +0 spear
  a +0 halberd
(25, -16, D:2)
  a +0 kite shield
(25, 3, D:2)
  a +0 pair of gloves
(37, -18, D:2)
  a ball python skeleton

Level 3 of the Dungeon
(0, 0, D:3)
  a dart slug corpse

