code2828

Level 2 of the Dungeon
(0, 0, D:2)
  a +0 club
  a kobold corpse
(0, 1, D:2)
  a frilled lizard corpse
(7, 7, D:2)
  5 stones
(9, 21, D:2)
  5 gold pieces
(10, 0, D:2)
  a ball python corpse
(11, 14, D:2)
  5 stones
  a +0 whip
(12, 1, D:2)
  a kobold corpse
(12, 17, D:2)
  8 stones
(20, 6, D:2)
  a scroll of immolation
(20, 11, D:2)
  a +0 leather armour

Level 3 of the Dungeon
(0, 0, D:3)
  a +0 club
  a goblin corpse
(1, 1, D:3)
  a +0 flail
  a goblin corpse
  a hobgoblin corpse
(3, 0, D:3)
  a +0 whip
  a kobold corpse
(9, 3, D:3)
  5 stones

