code2828

Level 1 of the Dungeon
(0, 0, D:1)
  a +0 sling
(4, 29, D:1)
  a +0 short sword
(14, 26, D:1)
  a +0 club
(14, 30, D:1)
  a +0 robe
(23, -4, D:1)
  a +0 club
(30, 26, D:1)
  a stone
(34, 21, D:1)
  a +0 dagger
(36, -5, D:1)
  a +0 leather armour
(38, 13, D:1)
  a +0 dagger

Level 2 of the Dungeon
[Shop] Arufeaq's Jewellery Shoppe
  a ring of magical power (260 gold)
  a ring of wizardry (390 gold)
  a ring of protection from fire (325 gold)
  a +4 ring of protection (468 gold)
  a ring of protection from cold (325 gold)
  a ring of see invisible (195 gold)
  a ring of protection from cold (325 gold)
[Shop] Veyb's Assorted Antiques
  a potion of invisibility (216 gold)
  a potion of mutation (216 gold)
  a +0 hand axe (81 gold)
  a potion of flight (81 gold)
  the ring "Liplufips" {Fire rPois Str+4 Int+2} (1317 gold)
    [ring of fire]
    
    It enhances your fire magic.
    Str:       It affects your strength (+4).
    Int:       It affects your intelligence (+2).
    rF:        It protects you from fire.
    rC:        It makes you vulnerable to cold.
    rPois:     It protects you from poison.
  a scroll of enchant armour (202 gold)
  a potion of invisibility (216 gold)
  a +0 ring mail (108 gold)
  a +0 plate armour (621 gold)
  a +0 cloak (121 gold)
[Shop] Oches's Jewellery Shoppe
  a +4 ring of slaying (936 gold)
  a ring of protection from cold (300 gold)
  a ring of protection from fire (300 gold)
  an amulet of faith (480 gold)
  a +6 ring of intelligence (432 gold)
  a +6 ring of intelligence (432 gold)
  a ring of protection from fire (300 gold)
  a ring of wizardry (360 gold)
  an amulet of faith (480 gold)
[Shop] Suwevy's Armour Shoppe
  a +1 troll leather armour (242 gold)
  the +3 salamander hide armour {Flames rF++ rC--} (379 gold)
    It surrounds you with a cloud of flames.
    It grants immunity to clouds of flame.
    It enhances your fire magic.
    
    rF:        It greatly protects you from fire.
    rC:        It makes you very vulnerable to cold.
  a +2 ring mail of cold resistance (231 gold)
  a +0 robe (7 gold)
  a +2 robe (139 gold)
  a +0 helmet (49 gold)
  a +0 pair of boots (49 gold)
[Shop] Baenok's Antique Armour Shoppe
  a +0 helmet (130 gold)
  +0 acid dragon scales (1160 gold)
  a +0 chain mail (130 gold)
  a +0 leather armour (58 gold)
  a +0 robe (20 gold)
(0, 0, D:2)
  a +0 whip
  an orc corpse (skeletalised by now)
(1, -1, D:2)
  a jackal corpse (skeletalised by now)
(2, 1, D:2)
  a jackal corpse (skeletalised by now)
(4, 7, D:2)
  a +0 short sword
  4 stones
(6, 1, D:2)
  a staff of conjuration
(13, 14, D:2)
  a +0 short sword
(21, -19, D:2)
  a +0 scale mail
  a +0 short sword
(23, -25, D:2)
  6 stones
(24, -14, D:2)
  an adder corpse (skeletalised by now)
(28, -21, D:2)
  3 poisoned darts
(40, 27, D:2)
  8 stones
(44, -15, D:2)
  a stone
(44, -12, D:2)
  a +0 dagger
(49, 4, D:2)
  a +0 whip

Level 3 of the Dungeon
(0, 0, D:3)
  a ring of fire
  a ring of fire
(4, -18, D:3)
  a +0 ring mail
(5, -11, D:3)
  a +0 pair of boots
(8, -13, D:3)
  a +0 club
  a goblin corpse
(11, 2, D:3)
  a stone

