code2828

Level 1 of the Dungeon
(0, 0, D:1)
  a +0 dagger
(2, -4, D:1)
  a +0 short sword
  a +0 leather armour
(3, -16, D:1)
  a +0 club
(16, 15, D:1)
  5 stones
(16, 23, D:1)
  a +0 dagger
(25, -8, D:1)
  a +0 short sword
  3 stones
(25, -7, D:1)
  a +0 short sword
  a +0 short sword
  7 stones
  a +0 dagger
(27, -5, D:1)
  a +0 whip
(27, 11, D:1)
  a +0 short sword
(28, -15, D:1)
  6 poisoned darts
(30, -15, D:1)
  4 stones

Level 2 of the Dungeon
(0, 0, D:2)
  a +0 leather armour
(3, 22, D:2)
  9 stones
(4, 1, D:2)
  a +0 robe
(7, 20, D:2)
  a +0 ring mail
(10, 5, D:2)
  a +0 club
(20, 29, D:2)
  a +0 short sword
(26, 34, D:2)
  4 stones
(31, 38, D:2)
  a +0 dagger
(35, 27, D:2)
  a +0 leather armour

Level 3 of the Dungeon
(10, -13, D:3)
  a +0 dagger
(13, -20, D:3)
  a +0 falchion
  3 boomerangs
  a +0 whip
  4 stones
(13, -16, D:3)
  a +0 ring mail
(14, -25, D:3)
  a +0 ring mail
(15, -20, D:3)
  a stone
(16, -13, D:3)
  a +0 mace
(17, 10, D:3)
  a +0 club
(18, 11, D:3)
  a +0 whip
  5 stones
(21, -29, D:3)
  a +0 club
  a +1 ring mail of poison resistance
(33, -24, D:3)
  a +0 plate armour
(48, 1, D:3)
  a +0 hand axe
  a boomerang
  a +0 club
  a +0 hand axe
  2 silver boomerangs
  a +0 scale mail
(50, 2, D:3)
  a +0 hand axe
  a +0 leather armour

Level 4 of the Dungeon
(0, 0, D:4)
  a +0 club
(0, 10, D:4)
  a +0 ring mail
  a +0 dagger
(1, 26, D:4)
  a +0 club
(2, 26, D:4)
  a +0 dagger
(4, 33, D:4)
  a +0 chain mail
(17, 29, D:4)
  a +0 giant spiked club
(20, 18, D:4)
  a +0 robe
(32, 3, D:4)
  a +0 ring mail
(33, 43, D:4)
  a +0 falchion
(34, 40, D:4)
  a boomerang
  a +0 short sword
(34, 41, D:4)
  a +0 quarterstaff
  a +0 flail
  a +0 hand axe of freezing
(45, 40, D:4)
  a +0 club

Level 5 of the Dungeon
(0, 0, D:5)
  a +0 ring mail
(0, 31, D:5)
  a +0 hand axe
(5, 11, D:5)
  a +0 helmet
(7, 25, D:5)
  3 javelins
(9, 36, D:5)
  a +0 leather armour
(11, 9, D:5)
  a +0 robe
(12, 30, D:5)
  a +0 whip
(13, 1, D:5)
  a +0 falchion
(14, 28, D:5)
  a +0 dagger
(17, 27, D:5)
  a +0 war axe
  a boomerang
(19, 24, D:5)
  a +0 club
  3 boomerangs
  a +0 whip
  a +0 scale mail
  a +0 dagger
  a +0 ring mail
(19, 25, D:5)
  a +0 glaive
  a +0 scythe
  a -1 mace of flaming
  a +0 hand axe
(22, 45, D:5)
  a +0 club
(23, 45, D:5)
  a +0 trident
(24, 30, D:5)
  the +7 hammer of Sequestration {vorpal, Str+3}
    It inflicts extra damage upon your enemies.
    
    Str:       It affects your strength (+3).
(24, 32, D:5)
  a +0 hammer
(24, 46, D:5)
  a +0 club
(24, 47, D:5)
  a +0 club
  a +0 ring mail
  a +0 dagger
  a +0 robe
(25, 28, D:5)
  a +0 hammer
(25, 29, D:5)
  a +4 quarterstaff of chaos
(25, 30, D:5)
  a +0 hammer
(25, 31, D:5)
  a +0 hammer
(26, 24, D:5)
  a +0 hammer
(26, 26, D:5)
  a +0 hammer
(26, 27, D:5)
  a +0 hammer
(26, 30, D:5)
  a +0 hammer
(26, 31, D:5)
  a +0 hammer
(26, 32, D:5)
  a +0 hammer
(27, 23, D:5)
  a +0 hammer
(27, 25, D:5)
  a +2 hammer of holy wrath

Level 6 of the Dungeon
(0, 0, D:6)
  a +0 leather armour
  a +0 dagger
(1, -6, D:6)
  a +2 whip of draining
  a +0 chain mail
(1, -5, D:6)
  a +0 falchion
(1, 6, D:6)
  a +0 spear
(3, 0, D:6)
  a +0 dagger
(12, 2, D:6)
  a +0 club
(13, 1, D:6)
  a +0 whip
  a +0 ring mail
  an orc corpse
(13, 2, D:6)
  a +0 club
  an orc corpse
(14, 1, D:6)
  a +0 club
  a +0 club
  an orc corpse (skeletalised by now)
(14, 3, D:6)
  a +0 hand axe
(14, 4, D:6)
  a +0 ring mail
(15, 1, D:6)
  a +0 robe
  a +0 dagger
  an orc corpse (skeletalised by now)
(15, 11, D:6)
  a +0 leather armour
(18, -5, D:6)
  a +0 chain mail
(26, -12, D:6)
  a +0 dire flail
  a +0 robe
  a +4 hand axe of freezing
  a +0 robe
(27, -14, D:6)
  a +0 hand axe
  a +0 dagger of speed
  a +0 dagger
  a +0 flail
  a +0 ring mail
  a +0 mace
(28, -9, D:6)
  3 stones
(32, -2, D:6)
  a +0 giant spiked club
(36, -9, D:6)
  a +0 chain mail
(38, -21, D:6)
  a +0 chain mail
(43, -14, D:6)
  a +0 scimitar
  a +0 robe
  a +0 hand axe
  a +0 robe
(45, 3, D:6)
  a +0 club
  2 boomerangs
  a +0 ring mail

Level 7 of the Dungeon
(0, 0, D:7)
  3 boomerangs
(2, 19, D:7)
  a hornet corpse
(2, 20, D:7)
  a bullfrog corpse
(4, 5, D:7)
  a +0 flail
(5, 2, D:7)
  a +0 war axe
  an orc corpse
(5, 3, D:7)
  a +0 short sword
  a +0 ring mail
  an orc corpse
(7, 2, D:7)
  a +0 mace
  a +0 leather armour
  an orc corpse
(11, -10, D:7)
  +0 ice dragon scales
(11, 17, D:7)
  2 curare-tipped darts
(13, 11, D:7)
  6 stones

the Ecumenical Temple

