code2828

Level 1 of the Dungeon
(7, 7, D:1)
  a +0 club
(8, -14, D:1)
  a +0 leather armour
(9, -23, D:1)
  a +0 spear
(9, -13, D:1)
  a +0 dagger
(18, 10, D:1)
  a +0 short sword
(20, -21, D:1)
  4 stones
(21, 11, D:1)
  a +0 dagger
  2 stones
(24, -12, D:1)
  a +1 morningstar of holy wrath
(37, -5, D:1)
  a +0 spear
(38, -11, D:1)
  3 large rocks
(47, -23, D:1)
  a +0 chain mail
(47, -11, D:1)
  a +0 hand axe
(47, 11, D:1)
  a +0 scale mail

Level 2 of the Dungeon
(0, 0, D:2)
  a +0 short sword
  8 stones
(9, -5, D:2)
  a +0 scythe
  a +1 robe of cold resistance
(15, 30, D:2)
  a +0 whip
(16, 26, D:2)
  a +0 mace
(16, 29, D:2)
  a +0 trident
  a +0 whip
  a +0 leather armour
(16, 30, D:2)
  a +0 dagger
  a +0 robe
(16, 32, D:2)
  a +0 trident
(17, 14, D:2)
  6 stones
(21, -16, D:2)
  a +0 dagger
(22, -2, D:2)
  a +0 leather armour
(29, -10, D:2)
  a +0 ring mail
(30, 1, D:2)
  a +0 mace
(37, 16, D:2)
  a +0 short sword
  a +0 ring mail
(40, -10, D:2)
  a +0 short sword
  3 stones

Level 3 of the Dungeon
(0, 0, D:3)
  a +0 flail
  a +0 ring mail
(6, 14, D:3)
  a +0 dagger
(20, -4, D:3)
  a +0 leather armour of cold resistance
(21, 28, D:3)
  a +0 ring mail
(25, 8, D:3)
  a +0 morningstar
  a +0 scale mail
  an orc skeleton
(29, 10, D:3)
  a +0 short sword
(33, -2, D:3)
  a +0 dagger
  a +0 mace
(35, 33, D:3)
  5 stones
(36, 7, D:3)
  a +0 dagger
(42, 17, D:3)
  a +0 shortbow

Level 4 of the Dungeon
(0, 0, D:4)
  a +0 short sword
(2, 5, D:4)
  a scroll of enchant armour
(38, 26, D:4)
  a +0 dagger
  a +3 leather armour
  an orc corpse
(38, 27, D:4)
  a +0 whip (still there?)
  a +2 ring mail of fire resistance (still there?)
(38, 28, D:4)
  a +0 short sword
  a +0 chain mail
  an orc corpse
(41, 28, D:4)
  a staff of poison
(42, 31, D:4)
  an iguana skeleton
(42, 32, D:4)
  a +0 ring mail
  a +0 trident
  an orc skeleton
(45, 25, D:4)
  a jackal skeleton
(45, 26, D:4)
  a +0 dagger
(46, 23, D:4)
  4 stones
(47, 26, D:4)
  22 gold pieces

