code2828

Level 1 of the Dungeon
(0, 0, D:1)
  a +0 club
(6, -25, D:1)
  a +0 club
(14, -13, D:1)
  a +0 dagger
(32, -1, D:1)
  a +0 leather armour
(33, -8, D:1)
  a +0 club
(37, -29, D:1)
  a staff of death
(40, -24, D:1)
  a +0 flail
(47, 5, D:1)
  a +0 leather armour
(51, -9, D:1)
  a +0 dagger
(51, -3, D:1)
  a +0 dagger
(53, 4, D:1)
  4 atropa-tipped darts

Level 2 of the Dungeon
(0, 0, D:2)
  a +0 falchion
(2, -30, D:2)
  a +0 spear
(8, -26, D:2)
  a +0 robe
(18, -9, D:2)
  a +0 dagger
(18, -8, D:2)
  3 poisoned darts
(18, 0, D:2)
  a +0 dagger
(21, -11, D:2)
  a +0 robe
(34, 2, D:2)
  a +0 leather armour
(36, 4, D:2)
  a +0 dagger
(43, 2, D:2)
  a +0 leather armour

Level 3 of the Dungeon
(0, 0, D:3)
  a +0 club
(17, 16, D:3)
  a +0 short sword
  an orc corpse
(17, 19, D:3)
  a +0 chain mail
  a +0 short sword

