code2828

Level 1 of the Dungeon
(0, 0, D:1)
  a +0 club
  4 stones
(1, -27, D:1)
  a +0 dagger
(3, -62, D:1)
  a +0 flail
(7, -4, D:1)
  a +0 dagger
(12, -49, D:1)
  a +0 whip
(13, -58, D:1)
  a +0 whip
  3 stones
(15, -46, D:1)
  a +0 dagger
(25, -49, D:1)
  a ball python corpse (skeletalised by now)
(26, -17, D:1)
  a +0 short sword
  5 stones
(26, -16, D:1)
  a +0 short sword
(32, -55, D:1)
  a +0 dagger
  5 stones
  a +0 short sword
  a kobold corpse (skeletalised by now)
(37, -42, D:1)
  a rat corpse
(37, -10, D:1)
  a +0 club

Level 2 of the Dungeon
(0, 0, D:2)
  a frilled lizard corpse
(0, 3, D:2)
  a +0 spear
  a gnoll corpse
(0, 12, D:2)
  3 gold pieces
(3, -2, D:2)
  a +0 club
  a hobgoblin corpse
(10, -4, D:2)
  5 stones

