code2828

Level 1 of the Dungeon
(0, 0, D:1)
  a +0 club
(9, 10, D:1)
  a +0 chain mail

Level 2 of the Dungeon
(0, 0, D:2)
  4 stones
(1, 8, D:2)
  a +0 whip

Level 3 of the Dungeon
(0, 0, D:3)
  a scroll of identify
(44, 38, D:3)
  a +0 leather armour
(45, 37, D:3)
  a +0 whip
(52, 25, D:3)
  a +0 hand axe
  a +0 ring mail
(53, 25, D:3)
  a +0 dagger
  a +0 robe
(53, 26, D:3)
  a +0 flail
  a +0 scale mail
(54, 24, D:3)
  a +0 dagger
  a +0 ring mail

Level 5 of the Dungeon
(10, -2, D:5)
  a +0 mace
  a +0 robe

Level 6 of the Dungeon

Level 7 of the Dungeon
(0, 0, D:7)
  a +0 quarterstaff
(1, 1, D:7)
  a +0 flail
  2 poisoned darts
  a +0 club
(2, 2, D:7)
  a +0 robe
  a +0 whip
  a +0 flail
(3, -3, D:7)
  a +0 sling

an ossuary

