code2828

Level 1 of the Dungeon
(9, 7, D:1)
  a book of Weapons
(10, 32, D:1)
  a +0 dagger
(19, 41, D:1)
  a +2 robe of willpower
(22, 8, D:1)
  7 stones
(31, -3, D:1)
  a +0 animal skin
(33, -5, D:1)
  a +0 mace
(41, 40, D:1)
  a +0 short sword
  2 stones
(47, 42, D:1)
  a +0 club

Level 2 of the Dungeon
(2, -13, D:2)
  4 large rocks
(2, 1, D:2)
  a +2 dagger of venom
(4, -12, D:2)
  a +0 short sword
(13, -13, D:2)
  a +0 dagger
(13, -11, D:2)
  2 poisoned darts
(23, -41, D:2)
  a +0 short sword
(46, -6, D:2)
  a +0 whip
(53, -11, D:2)
  a +0 tower shield
(56, -16, D:2)
  a +0 flail
  a +0 whip
  a +0 club
  a +0 dagger of protection
  5 stones
(57, -16, D:2)
  a +0 club
(58, -16, D:2)
  a +0 whip
  a +0 flail
(59, -43, D:2)
  a +0 tower shield
(59, -16, D:2)
  a +0 short sword
  a +0 short sword
  5 stones
(59, -15, D:2)
  a +0 dagger
(59, -11, D:2)
  a +0 heavy spear

Level 3 of the Dungeon
(0, 0, D:3)
  a +0 club
(1, 0, D:3)
  a +0 whip
  a +0 spear
(1, 2, D:3)
  a +0 whip
(1, 4, D:3)
  5 stones
(2, 9, D:3)
  a +0 whip
(3, 6, D:3)
  a +0 sling
(6, 39, D:3)
  a +0 dagger
(11, 11, D:3)
  a +0 short sword
(27, 34, D:3)
  a +0 dagger
  a +0 robe
(28, 11, D:3)
  a +0 club
(30, 35, D:3)
  a +3 short sword of speed
  a +0 leather armour
(31, 33, D:3)
  a +0 mace
  a +0 leather armour
(31, 34, D:3)
  a +0 flail
  3 boomerangs
(36, 39, D:3)
  4 javelins
(41, 48, D:3)
  4 poisoned darts
(42, 39, D:3)
  4 stones
(42, 41, D:3)
  a +0 ring mail

Level 4 of the Dungeon
[Shop] Batathomp's Antique Weapon Shoppe
  a +0 trident (87 gold)
  a +2 sling of freezing (367 gold)
  a +0 dagger (50 gold)
  a +0 halberd (100 gold)
  a +0 trident (87 gold)
  a +0 long sword (87 gold)
  a +0 long sword (87 gold)
  a +0 falchion (75 gold)
(8, -4, D:4)
  a +0 sling
(18, 4, D:4)
  a +0 robe
(21, -1, D:4)
  a ring of magical power
(21, 40, D:4)
  4 stones
  a +1 whip of flaming
(22, 19, D:4)
  a +0 club
  a +0 dagger
(23, 19, D:4)
  a +0 falchion
(26, 17, D:4)
  a +0 club
(27, 20, D:4)
  the +0 helmet "Exkeubod" {*Slow rPois rC+ Str+3}
    Str:       It affects your strength (+3).
    rC:        It protects you from cold.
    rPois:     It protects you from poison.
    *Slow:     It may slow you when you take damage.
(37, 4, D:4)
  a +0 halberd
(38, 4, D:4)
  a +0 halberd
(38, 5, D:4)
  a +0 giant club
  a +0 flail
  a +0 club
(55, 23, D:4)
  a +0 giant spiked club

Level 5 of the Dungeon
(0, 0, D:5)
  a +0 leather armour
(5, 24, D:5)
  5 stones
(12, 23, D:5)
  2 javelins
(19, 32, D:5)
  a book of Displacement
(31, 30, D:5)
  4 poisoned darts
(32, 12, D:5)
  5 stones
(39, 15, D:5)
  a +0 hand axe
  a +0 chain mail
(40, 15, D:5)
  a +0 club
(40, 17, D:5)
  a +0 chain mail
(41, 14, D:5)
  a +0 hand axe
  a +0 leather armour
(47, 7, D:5)
  a +0 whip
  a +0 robe
(48, 22, D:5)
  a +0 pair of gloves

Level 6 of the Dungeon
(0, 0, D:6)
  a +0 great sword
(10, 24, D:6)
  a +0 flail
(11, 30, D:6)
  a +0 mace
  a +2 heavy hand axe
  a +0 ring mail
(11, 32, D:6)
  a +0 whip
(11, 35, D:6)
  a +0 club
  a +0 leather armour
(12, 29, D:6)
  a +0 dagger
  a +0 robe
(12, 30, D:6)
  a +0 whip
  a +0 dagger
  a +0 robe
(23, -4, D:6)
  a +0 helmet
(28, 14, D:6)
  a +0 trident
(39, 10, D:6)
  an orb of light
(40, 23, D:6)
  a +0 mace

Level 7 of the Dungeon
[Shop] Imorarut's Jewellery Shoppe
  an amulet of guardian spirit (360 gold)
  an amulet of faith (480 gold)
  a ring of flight (210 gold)
  a +4 ring of slaying (936 gold)
  a ring of magical power (240 gold)
  an amulet of magic regeneration (360 gold)
  a ring of wizardry (360 gold)
  an amulet of regeneration (360 gold)
(0, 0, D:7)
  14 stones
(2, -39, D:7)
  a +0 helmet
(2, 2, D:7)
  a +0 flail
(3, -10, D:7)
  a +0 falchion
(3, 3, D:7)
  a +0 spear
  a +0 ring mail
(4, 3, D:7)
  a +0 whip
  a +0 spear
  20 stones
  6 boomerangs
(5, 2, D:7)
  a +0 spear
(5, 3, D:7)
  10 stones
(8, -26, D:7)
  a +0 club
(9, -43, D:7)
  a +0 war axe of freezing
(9, -16, D:7)
  a +0 club
  a +0 robe
(10, -40, D:7)
  20 stones
  a +0 club
(10, -39, D:7)
  a +0 whip
  a +0 leather armour
  10 stones
  a +0 spear
(10, -38, D:7)
  a +0 trident
  a +0 scale mail
  a +0 kite shield
  a +0 shortbow
  a +0 club
  a +0 halberd
(12, 1, D:7)
  a +0 spear
(13, 1, D:7)
  a +0 club
(17, -8, D:7)
  3 boomerangs
  a +0 club
(18, -12, D:7)
  the +0 trident "Zaonar" {flame, rN+}
    It burns those it strikes, dealing additional fire damage.
    
    rN:        It protects you from negative energy.
(21, -18, D:7)
  a +0 robe
  a +2 dagger
(21, -17, D:7)
  a +0 robe
  a +0 flail
  a +0 leather armour
  a +0 war axe
(21, -14, D:7)
  a +0 scale mail
  a +0 spear
(22, -17, D:7)
  a +0 leather armour
  a +0 short sword
(23, -47, D:7)
  a +0 robe
(23, -18, D:7)
  a +0 robe
  a +0 long sword
(23, -17, D:7)
  a +2 dagger of draining
  a +0 spear
(24, -18, D:7)
  a +0 spear
(25, -18, D:7)
  a +0 leather armour
  a +2 antimagic whip
(27, -12, D:7)
  a +0 morningstar
  a +0 robe
(28, -46, D:7)
  a +2 flail of freezing
  a +0 robe
(30, -9, D:7)
  a +0 club
  a +0 whip
(31, -9, D:7)
  a +0 whip
  a +0 leather armour
  a +0 whip
(31, -8, D:7)
  a +0 whip
  a +0 whip
(32, -31, D:7)
  a +1 spear of venom
  a +0 ring mail
(36, -49, D:7)
  a +1 spear
  a +0 robe
(37, -49, D:7)
  a +3 morningstar
  a +0 robe
  a +0 hand axe
  a +0 robe
(37, -48, D:7)
  a +1 flail
  a +0 robe
(40, -27, D:7)
  a +0 spear
(42, -44, D:7)
  2 potions of brilliance
(44, -44, D:7)
  a scroll of teleportation
(46, -27, D:7)
  a +0 trident of protection
  a +0 ring mail
(46, -26, D:7)
  a +0 spear
(47, -27, D:7)
  a +0 dagger
  a +0 robe
  a +0 club
  a +0 flail
(48, -29, D:7)
  a +0 whip
  a +0 whip
(48, -28, D:7)
  a +0 dagger
(49, -29, D:7)
  a +0 halberd
  a +0 arbalest
  a +0 plate armour
(54, -39, D:7)
  a book of Death

Level 8 of the Dungeon
(0, 0, D:8)
  8 stones
(8, 8, D:8)
  a +0 trident
  an orc corpse (skeletalised by now)
(9, 7, D:8)
  a +0 short sword
  a +0 dagger
  a +0 robe
(9, 10, D:8)
  a +0 flail
  a +0 leather armour
  an orc corpse (skeletalised by now)
(10, 7, D:8)
  a +0 dagger
  a +0 robe
(15, -4, D:8)
  4 poisoned darts
(19, 14, D:8)
  a +0 robe
(27, 1, D:8)
  a wolf corpse
(34, -8, D:8)
  a +0 leather armour
(41, -20, D:8)
  a +0 club
(44, -2, D:8)
  a dream sheep corpse
(45, -1, D:8)
  a +0 dagger
  6 poisoned darts
  a kobold corpse
(47, -2, D:8)
  a +0 hand axe of flaming
(48, 1, D:8)
  a hydra corpse
(48, 2, D:8)
  a +0 dagger
  a curare-tipped dart
  a +0 halberd

