code2828

Level 1 of the Dungeon
(8, 8, D:1)
  a +0 ring mail
(16, 33, D:1)
  a +0 whip
(17, 37, D:1)
  a +0 dagger
(19, 32, D:1)
  a +0 club
(20, 42, D:1)
  a +0 dagger
(28, 33, D:1)
  a staff of earth
(29, 43, D:1)
  a +0 spear
(31, 49, D:1)
  a +0 whip
(37, 30, D:1)
  a +0 club
(41, 21, D:1)
  a +0 dagger
(48, 4, D:1)
  a +0 club

Level 2 of the Dungeon
(0, 0, D:2)
  a +0 ring mail
(12, -7, D:2)
  a +2 pair of boots
(13, 14, D:2)
  a +0 robe
(15, -5, D:2)
  2 stones
(15, -4, D:2)
  a +0 dagger
  4 stones
(29, -8, D:2)
  a +0 robe
  a +0 leather armour
(38, -19, D:2)
  a +0 hand axe
(43, -8, D:2)
  a +0 leather armour
(44, 29, D:2)
  a +0 sling
  a +0 club

Level 3 of the Dungeon
(0, 0, D:3)
  a +0 club
  a goblin corpse (skeletalised by now)
(4, 2, D:3)
  a rat corpse (skeletalised by now)
(28, 12, D:3)
  a +0 dagger
  a +0 robe
  a +0 dagger
  a +0 robe
(49, -5, D:3)
  9 stones
(52, 14, D:3)
  a +0 short sword
(55, -17, D:3)
  2 stones
(57, -9, D:3)
  a +0 leather armour
(70, 16, D:3)
  a +0 falchion
  a +0 chain mail
(70, 18, D:3)
  a +0 dagger

Level 4 of the Dungeon
(0, 0, D:4)
  a ball python corpse (skeletalised by now)
(1, -2, D:4)
  a +0 whip
  a stone
  a kobold corpse (skeletalised by now)
(1, 2, D:4)
  a black bear corpse (skeletalised by now)
(3, 0, D:4)
  2 stones
(5, -5, D:4)
  a +0 club
(15, -9, D:4)
  a +0 dagger
  a kobold corpse
(30, -8, D:4)
  an adder corpse
(33, -7, D:4)
  a jackal corpse
  a jackal corpse
(41, -6, D:4)
  a +0 club

