code2828

Level 1 of the Dungeon
(0, 0, D:1)
  a +0 rapier
(3, 8, D:1)
  a book of Burglary
(5, -18, D:1)
  a +0 whip
(11, 15, D:1)
  a +0 dagger
(17, -6, D:1)
  a +0 club
(21, -11, D:1)
  5 stones
(22, -6, D:1)
  5 stones
(44, -16, D:1)
  a +0 dagger
(44, 10, D:1)
  a +0 hand axe

Level 2 of the Dungeon
(0, 0, D:2)
  a book of the Tundra
(11, 23, D:2)
  a +0 rapier
(18, 0, D:2)
  a +0 club
(22, -7, D:2)
  a +0 short sword
(22, 26, D:2)
  a +0 animal skin
(24, 16, D:2)
  a +0 hand axe
(26, 0, D:2)
  a book of Touch
(29, 25, D:2)
  a +0 club

Level 3 of the Dungeon
(0, 0, D:3)
  a +0 leather armour
(0, 2, D:3)
  7 stones
(4, -22, D:3)
  a +0 short sword
  a +0 ring mail
(6, 0, D:3)
  a +0 dire flail
(8, -11, D:3)
  a +0 dagger
  a +0 ring mail
(8, -10, D:3)
  a +0 club
  a +0 flail
(8, -9, D:3)
  a +0 dagger
  a +0 robe
(13, -20, D:3)
  a +0 club
(13, -13, D:3)
  a +0 robe
(19, -28, D:3)
  a +0 whip
(20, -6, D:3)
  a +0 flail
(27, 14, D:3)
  a +0 club
(30, -4, D:3)
  8 stones
(40, 8, D:3)
  a book of Callings
(42, 3, D:3)
  4 stones

Level 4 of the Dungeon
(6, -4, D:4)
  a +0 dagger
(7, 14, D:4)
  a +0 hand axe
  a +0 leather armour
(8, 14, D:4)
  a +0 flail
  a +0 leather armour
  a +0 whip
(9, 14, D:4)
  a +0 mace
  a +0 ring mail
(11, 28, D:4)
  a +0 scythe
  a +0 robe
(20, -4, D:4)
  a +0 club
(23, 34, D:4)
  4 large rocks
(38, 11, D:4)
  a +0 ring mail
  a +0 hand axe
(38, 12, D:4)
  a +0 mace
(39, 11, D:4)
  a +0 club
(40, 11, D:4)
  a +0 flail
(40, 13, D:4)
  a +0 club
(53, -5, D:4)
  a +0 chain mail

Level 5 of the Dungeon
(0, 0, D:5)
  a +0 rapier of draining
  a +0 leather armour of willpower
(3, 4, D:5)
  5 stones
(3, 11, D:5)
  a +0 hand axe
(6, -6, D:5)
  a +0 short sword
(9, -9, D:5)
  a +0 shortbow
(10, -7, D:5)
  a +0 leather armour
(11, 19, D:5)
  a +4 spear
(13, 20, D:5)
  a +0 giant club
(17, -2, D:5)
  a +0 chain mail
  a +0 club
(17, 6, D:5)
  a +0 ring mail
(17, 11, D:5)
  a +2 robe of positive energy
(20, -8, D:5)
  a +0 giant club
(24, 0, D:5)
  a ring of wizardry
(32, -12, D:5)
  3 potions of brilliance
  a +0 chain mail
(33, 16, D:5)
  a +0 dagger
  a +0 robe of positive energy
(33, 17, D:5)
  a +0 short sword
  a +0 leather armour
(34, 0, D:5)
  6 boomerangs
(34, 9, D:5)
  a +0 trident
(45, -3, D:5)
  a +0 leather armour

Level 6 of the Dungeon
(0, 0, D:6)
  a +0 spear
  a +0 club
(0, 2, D:6)
  a +0 whip
(1, -5, D:6)
  a book of Air
(1, 0, D:6)
  a +0 halberd
(1, 1, D:6)
  a +0 whip
(1, 2, D:6)
  a +0 spear
  a +0 scale mail
(8, -30, D:6)
  a +2 quarterstaff of chaos
(11, -29, D:6)
  a +0 hammer
(14, -21, D:6)
  a +0 leather armour
  a +0 short sword
(15, 11, D:6)
  a +0 heavy hand axe
(18, -1, D:6)
  a +0 club
  a +0 leather armour
  a +0 club
(19, 0, D:6)
  a +0 club
  a +0 club
(20, 1, D:6)
  a +0 spear
(20, 2, D:6)
  a +0 hand axe
  a +0 scale mail
(21, 2, D:6)
  a +0 hand axe
(25, 8, D:6)
  a +0 shortbow
  6 stones
(27, -10, D:6)
  +0 steam dragon scales
(28, -21, D:6)
  4 stones
(28, -11, D:6)
  a book of Cantrips
(34, 1, D:6)
  a +0 club
(41, 5, D:6)
  a +0 whip
(42, -17, D:6)
  a book of the Dragon
(43, -12, D:6)
  a +0 robe
(43, 7, D:6)
  a +1 ring mail of fire resistance
  a +0 robe
  a +0 dagger
  a +0 dagger
  a +0 scale mail
  a +0 mace

Level 7 of the Dungeon
(0, 0, D:7)
  a +0 robe
(2, -9, D:7)
  a potion of brilliance
(12, 23, D:7)
  a +0 scale mail
(12, 25, D:7)
  a +0 leather armour
(14, 23, D:7)
  a +0 robe
(15, -19, D:7)
  a +0 short sword
(15, 9, D:7)
  a +0 spear
  a +0 ring mail
(15, 10, D:7)
  a +0 whip
(23, -6, D:7)
  a +0 flail
  a +0 flail
(24, -5, D:7)
  a +0 spear
(36, -13, D:7)
  5 stones
(37, 24, D:7)
  a +0 hand axe
(43, 2, D:7)
  a +0 flail
(44, -24, D:7)
  a +0 whip
(44, 27, D:7)
  the Book of the Frigid Sky
    Spells                            Type                      Level
     a - Mephitic Cloud                Conjuration/Poison/Air        3
     b - Ice Form                      Ice/Transmutation             4
     c - Arcjolt                       Conjuration/Air               5
     d - Maxwell's Capacitive Coupling Air                           8
    
    
    Trog disapproves of the use of such an item.
(45, -24, D:7)
  a +0 chain mail
(49, 7, D:7)
  a +0 chain mail
(50, 12, D:7)
  4 stones

Level 8 of the Dungeon
(0, 0, D:8)
  a +0 robe
(6, -11, D:8)
  a +0 ring mail
(9, 14, D:8)
  a +0 dagger
(22, -6, D:8)
  a +0 spear
  a +0 robe
(22, -5, D:8)
  a +0 shortbow
(23, 21, D:8)
  8 stones
(23, 28, D:8)
  5 stones
(26, 18, D:8)
  a +0 hand axe
(33, 27, D:8)
  a +0 giant spiked club
  a +0 dire flail
(36, -26, D:8)
  a +0 robe
  a +0 dagger
  a +0 robe
  a +0 dagger
(36, -24, D:8)
  a +0 chain mail
  a +0 hand axe
(36, -22, D:8)
  a +0 chain mail
  a +0 club
(39, 32, D:8)
  a +0 hand axe
  a +0 animal skin
(43, -4, D:8)
  a +0 short sword of holy wrath
  a +3 leather armour
  a +0 whip
  a +0 leather armour
  a +0 dagger
  a +0 chain mail
  a +0 dagger
  a +0 robe
(44, -4, D:8)
  a +0 trident

Level 9 of the Dungeon
[Shop] Qeluor's Jewellery Shoppe
  an amulet of the acrobat (330 gold)
  an amulet of regeneration (330 gold)
  a ring of protection from fire (275 gold)
  a ring of magical power (220 gold)
  an amulet of the acrobat (330 gold)
(0, 0, D:9)
  a +0 rapier
(6, -22, D:9)
  a book of Touch
(7, -23, D:9)
  a +0 robe
  a +0 halberd
(10, -23, D:9)
  a +0 robe
  a +2 spear of freezing
(11, -23, D:9)
  a +0 quarterstaff
  a +0 robe
  a +1 great sword
  a +0 robe
  a +5 hand axe of freezing
(17, -24, D:9)
  a +0 club
(19, -11, D:9)
  a +0 giant club
  a +0 giant spiked club
(20, -26, D:9)
  a +0 short sword
(21, 1, D:9)
  an Everburning Encyclopedia
(29, -1, D:9)
  a +0 long sword
(33, -8, D:9)
  a +0 ring mail
(35, 1, D:9)
  a +0 dagger
  a +0 robe
(37, 1, D:9)
  a +0 dagger
  a +0 robe
  a +0 mace
  a +0 scale mail
  a +0 dagger
  a +0 robe
(41, -9, D:9)
  a +0 dagger
(42, -9, D:9)
  a +0 whip
  5 stones
(42, -8, D:9)
  a +4 whip
  4 stones
(43, -8, D:9)
  a +0 dagger
  a +0 short sword
  8 stones
(43, 14, D:9)
  a +2 spectral giant club
  a +0 robe
(47, -11, D:9)
  a +0 dagger
  4 poisoned darts
(51, -24, D:9)
  a ring of protection from fire

Level 10 of the Dungeon
(0, 0, D:10)
  5 stones
  a +0 whip
(1, 1, D:10)
  3 stones
  a +0 short sword
(1, 2, D:10)
  a +0 hand axe
  5 stones
  a +0 dagger
(7, -4, D:10)
  a +0 dagger
(11, -3, D:10)
  a stone
  a +0 short sword
(11, 27, D:10)
  a +0 dagger
(12, -3, D:10)
  a +0 chain mail
  a +0 short sword
  8 poisoned darts
  a +0 club
(16, 6, D:10)
  a +0 dagger
  2 stones
(16, 7, D:10)
  a +0 dagger
  a +0 robe
  a +0 whip
  a curare-tipped dart
(17, 7, D:10)
  a +0 short sword
  2 poisoned darts
  a +0 leather armour
(18, -10, D:10)
  4 large rocks
(18, 7, D:10)
  a +0 heavy spear
  a +0 robe
(21, 1, D:10)
  a +0 chain mail
  a +0 dire flail
(31, -22, D:10)
  a +0 troll leather armour
(31, 26, D:10)
  a +0 short sword
(33, -6, D:10)
  a +0 chain mail
(40, -25, D:10)
  a +0 giant club
  a +0 giant club
(55, -12, D:10)
  the Encyclopedia of Voltage and Formation
    Spells                            Type                      Level
     a - Cigotuvi's Dreadful Rot       Necromancy/Poison/Air         2
     b - Poisonous Vapours             Poison/Air                    2
     c - Swiftness                     Air                           3
     d - Dragon's Call                 Summoning                     9
    
    
    Trog disapproves of the use of such an item.
(55, -3, D:10)
  an orb of guile
(55, 5, D:10)
  7 stones
(58, -11, D:10)
  a +0 dagger
  a +1 short sword of protection
  a +0 chain mail
  a +0 dagger
  a +0 robe
(58, -10, D:10)
  a +0 dagger

Level 11 of the Dungeon
(0, 0, D:11)
  a +0 dagger
  a +0 robe
(0, 1, D:11)
  a +0 dagger
  a +0 robe
(1, 1, D:11)
  a +0 hand axe
(7, 6, D:11)
  7 stones
(9, 22, D:11)
  a +0 pair of boots
(16, 4, D:11)
  5 large rocks
(19, 15, D:11)
  5 stones
(27, 26, D:11)
  a +0 giant spiked club
  a +0 giant club

Level 12 of the Dungeon
(0, 0, D:12)
  a book of Blasting
(3, -9, D:12)
  4 large rocks
(21, -1, D:12)
  5 large rocks
  a +0 dire flail
  a +0 giant club
(24, 3, D:12)
  5 boomerangs
(29, 0, D:12)
  +0 acid dragon scales
(32, -16, D:12)
  a +0 chain mail
(32, 13, D:12)
  a +0 dire flail
  a +0 ring mail
(33, 2, D:12)
  a staff of earth
(34, 2, D:12)
  a staff of cold
(34, 6, D:12)
  a +0 falchion
(36, -16, D:12)
  a +0 scale mail
(38, 18, D:12)
  a +0 dagger
  a +0 robe
(40, -15, D:12)
  a +0 falchion
(41, 0, D:12)
  3 large rocks
(42, 0, D:12)
  4 large rocks
(50, 6, D:12)
  a +0 giant spiked club
  a +0 giant spiked club
(51, -2, D:12)
  a +0 scimitar
(63, -8, D:12)
  a +0 robe

the Ecumenical Temple

Level 1 of the Lair of Beasts
(0, 0, Lair:1)
  a +0 scale mail
(9, -21, Lair:1)
  a +0 longbow
(12, 7, Lair:1)
  a +0 ring mail
(27, -17, Lair:1)
  a +0 quarterstaff
(33, -31, Lair:1)
  a +0 falchion
(33, 9, Lair:1)
  a +1 scimitar of electrocution
  6 javelins
  a +0 scale mail
(41, -30, Lair:1)
  a +3 flail of venom
(41, -11, Lair:1)
  a +0 morningstar
(44, 17, Lair:1)
  a potion of brilliance
(58, 9, Lair:1)
  a +0 rapier

Level 2 of the Lair of Beasts
(0, 0, Lair:2)
  6 stones
(10, -4, Lair:2)
  a +6 ring of strength
(18, 17, Lair:2)
  2 stones
(20, 16, Lair:2)
  6 stones
(21, 14, Lair:2)
  6 stones
(21, 16, Lair:2)
  8 stones
(22, 15, Lair:2)
  a stone
(22, 16, Lair:2)
  a stone
(23, 15, Lair:2)
  9 stones
(42, 11, Lair:2)
  2 stones
(45, 54, Lair:2)
  a +0 scale mail
(49, 51, Lair:2)
  a +0 leather armour
(56, 1, Lair:2)
  a ring of ice
  a +0 quarterstaff of freezing
  a +1 robe of cold resistance

Level 3 of the Lair of Beasts
(0, 0, Lair:3)
  a +0 pair of gloves
(7, -18, Lair:3)
  an amulet of the acrobat
(15, -5, Lair:3)
  a ring of protection from cold
(35, -16, Lair:3)
  a book of Alchemy
(61, 13, Lair:3)
  a +0 long sword

Level 4 of the Lair of Beasts
(0, 0, Lair:4)
  a +0 sling
(1, -34, Lair:4)
  4 stones
(13, -54, Lair:4)
  a +0 sling
(24, -29, Lair:4)
  a scarf of harm
(24, -28, Lair:4)
  the +9 spear of Libunoc {venom, rF+ Dex+5}
    It poisons the flesh of those it strikes.
    
    Dex:       It affects your dexterity (+5).
    rF:        It protects you from fire.
(24, -22, Lair:4)
  a staff of air
(27, -50, Lair:4)
  a ring of poison resistance
(32, -48, Lair:4)
  9 stones
(34, -6, Lair:4)
  a +0 dagger
(45, -14, Lair:4)
  4 stones
(50, -29, Lair:4)
  3 stones

Level 5 of the Lair of Beasts
(0, 0, Lair:5)
  a +0 robe
(2, 30, Lair:5)
  a +0 long sword
(3, 37, Lair:5)
  a +0 mace
(15, 30, Lair:5)
  a potion of brilliance
(16, 30, Lair:5)
  a book of the Wilderness
(18, 39, Lair:5)
  a ring of see invisible

Level 1 of the Swamp
(0, 0, Swamp:1)
  a +1 heavy falchion
  (unseen)
(1, 0, Swamp:1)
  a scroll of identify
(12, 4, Swamp:1)
  a +6 heavy great mace
(13, 5, Swamp:1)
  a vampire mosquito corpse
  a vampire mosquito corpse
  a vampire mosquito corpse
(13, 12, Swamp:1)
  a scroll of teleportation
(14, 13, Swamp:1)
  Maxwell's Memoranda
(17, -8, Swamp:1)
  a +0 spear
  a spriggan skeleton
(17, -2, Swamp:1)
  a swamp worm corpse
(19, -7, Swamp:1)
  a ring of protection from cold
  a ring of protection from fire
  a +0 plate armour
  a +0 kite shield
  a +3 heavy long sword
  a tyrant leech corpse
  the human corpse of Donald
(21, -25, Swamp:1)
  9 gold pieces
(30, -10, Swamp:1)
  a +0 dagger

