code2828

Level 1 of the Dungeon
(1, 12, D:1)
  a +0 robe
(8, 17, D:1)
  17 stones
(15, 28, D:1)
  a +0 spear
(15, 41, D:1)
  a +0 dagger
  a stone
(16, 9, D:1)
  a +0 dagger
(21, 12, D:1)
  a +0 short sword
(27, 34, D:1)
  a +0 dagger
(28, 43, D:1)
  18 stones
(40, 23, D:1)
  18 stones
(44, 17, D:1)
  a +0 dagger
(55, 28, D:1)
  a +0 robe
(56, 3, D:1)
  a +0 dagger
(57, 23, D:1)
  a +0 robe

Level 2 of the Dungeon
(0, 0, D:2)
  a +0 dagger (still there?)
  a goblin skeleton (still there?)
(0, 4, D:2)
  a +0 dagger
(5, -5, D:2)
  a rat corpse (skeletalised by now)
(6, -1, D:2)
  a +0 spear
(25, -2, D:2)
  a quokka corpse (skeletalised by now)

Level 3 of the Dungeon
(0, 0, D:3)
  a rat corpse
(2, 0, D:3)
  a +0 dagger
(11, -12, D:3)
  a dart slug corpse
(15, -14, D:3)
  a +0 club (still there?)
  a goblin corpse (still there?)
(16, -9, D:3)
  24 stones
(23, -11, D:3)
  a jackal corpse
(24, -11, D:3)
  a jackal corpse
(26, -9, D:3)
  a +0 whip (still there?)
  a +0 leather armour (still there?)
(27, -10, D:3)
  a +0 hand axe (still there?)
  9 gold pieces (still there?)
  a +0 flail (still there?)
  a +0 scale mail (still there?)
  an orc corpse (still there?)
  an orc corpse (still there?)

