code2828

Level 1 of the Dungeon
(0, 0, D:1)
  5 stones
(5, 2, D:1)
  a +0 leather armour
(6, 1, D:1)
  a +0 leather armour
(14, 1, D:1)
  a +0 dagger
(27, -8, D:1)
  a +0 leather armour
(29, -13, D:1)
  a +0 club
(31, -15, D:1)
  a +0 whip
(34, 8, D:1)
  a +0 club
(35, 8, D:1)
  a +0 leather armour
(37, 2, D:1)
  a +0 mace
(44, 1, D:1)
  a +0 whip
(48, 0, D:1)
  a +0 short sword
(52, 1, D:1)
  a potion of degeneration
(54, -5, D:1)
  a +0 dagger
  a +0 dagger

Level 2 of the Dungeon
[Shop] Qaugosa's General Store
  9 stones (9 gold)
  4 stones (4 gold)
  a +0 ring mail (40 gold)
  a staff of cold (250 gold)
  a scroll of identify (20 gold)
  a potion of invisibility (80 gold)
  a scroll of vulnerability (40 gold)
[Shop] Yhecrosm's Assorted Antiques
  a wand of flame (8) (123 gold)
  a scroll of vulnerability (88 gold)
  a scroll of poison (88 gold)
  a +0 chain mail (99 gold)
  a potion of haste (220 gold)
  a potion of curing (66 gold)
  a +0 whip (55 gold)
[Shop] Yddyde Ucaeph's General Store
  a +0 short sword (39 gold)
  2 potions of attraction (78 gold)
  a +0 ring mail (52 gold)
  a potion of might (52 gold)
  a potion of experience (650 gold)
  a +0 trident (45 gold)
  a scroll of teleportation (39 gold)
  a potion of flight (39 gold)
  a +0 short sword (39 gold)
  a potion of curing (39 gold)
  3 stones (3 gold)
  a potion of attraction (39 gold)
[Shop] Ukipal's Magic Scroll Boutique
  a scroll of brand weapon (123 gold)
  a scroll of amnesia (52 gold)
[Shop] Fytzeky's Assorted Antiques
  a scroll of amnesia (92 gold)
  a +0 dagger of protection (101 gold)
  a scroll of blinking (172 gold)
  a +0 mace (69 gold)
  the +18 Lear's hauberk (2323 gold)
  a +1 hat of stealth (368 gold)
  a scroll of identify (46 gold)
  a +0 mace (69 gold)
(0, 0, D:2)
  a +0 hand axe
(14, 38, D:2)
  a +0 dagger
(21, 23, D:2)
  a +0 mace
  4 stones
(27, 26, D:2)
  a +0 ring mail
(35, 16, D:2)
  a potion of degeneration
(50, 44, D:2)
  a potion of degeneration
(52, 28, D:2)
  a +0 whip
  5 stones
(54, 15, D:2)
  a +0 club
(54, 31, D:2)
  a +0 short sword
(56, 35, D:2)
  a +0 dagger
(57, 17, D:2)
  a +0 antimagic scythe
(57, 18, D:2)
  a +0 robe

Level 3 of the Dungeon
(0, 0, D:3)
  a +1 falchion
(0, 4, D:3)
  a +0 dagger
(1, 2, D:3)
  5 stones
(2, 2, D:3)
  a +0 dagger
(13, 21, D:3)
  a +0 trident
  a +0 scale mail
(14, 39, D:3)
  a +0 pair of boots
(17, 26, D:3)
  a +0 pair of boots
(25, 32, D:3)
  6 stones
(28, 35, D:3)
  a +0 whip of venom
(32, 8, D:3)
  a +0 rapier
(33, 16, D:3)
  a +0 dagger
(33, 38, D:3)
  a +0 leather armour
(34, 19, D:3)
  a +0 hand axe
(34, 38, D:3)
  a +0 dagger

Level 4 of the Dungeon
[Shop] Ludej's Gadget Gallery
  a lightning rod (4/4) (300 gold)
  a wand of iceblast (6) (144 gold)
  a box of beasts (400 gold)
  a wand of iceblast (10) (240 gold)
  a phial of floods (400 gold)
  a tin of tremorstones (2/2) (400 gold)
  a box of beasts (400 gold)
  a phial of floods (400 gold)
(0, 0, D:4)
  4 stones
(1, 9, D:4)
  a quokka corpse (skeletalised by now)
(8, 18, D:4)
  a +0 scale mail
(9, 7, D:4)
  a +0 dagger
(13, 13, D:4)
  a +0 scale mail
(16, -5, D:4)
  a quokka corpse
(17, 9, D:4)
  a +2 pair of boots
(17, 20, D:4)
  a jackal corpse
(18, 19, D:4)
  a jackal corpse
(18, 20, D:4)
  a jackal corpse
(22, -2, D:4)
  a ball python corpse
(29, 10, D:4)
  a +0 scimitar
(33, 11, D:4)
  a ball python corpse
(36, -5, D:4)
  a scroll of identify
(39, -1, D:4)
  10 gold pieces
(41, -1, D:4)
  6 stones
(42, 5, D:4)
  a +0 mace

the Ecumenical Temple

