code2828

Level 1 of the Dungeon
[Shop] Zauhyn Vunuf's Weapon Shoppe
  a +0 dagger (28 gold)
  a +0 sling (21 gold)
  a +0 sling (21 gold)
  a +0 hand axe (42 gold)
  a +0 mace (42 gold)
  the +6 trident of Beogh's Reproof {pain, *Slow rElec rC++ Dex+3} (992 gold)
    In the hands of one skilled in necromantic magic, it inflicts extra damage
    on living creatures.
    
    Dex:       It affects your dexterity (+3).
    rC:        It greatly protects you from cold.
    rElec:     It insulates you from electricity.
    *Slow:     It may slow you when you take damage.
  3 atropa-tipped darts (25 gold)
(1, 3, D:1)
  a +0 dagger
(10, 7, D:1)
  a bat corpse (skeletalised by now)
(13, 26, D:1)
  a +0 robe
(14, -6, D:1)
  a +0 dagger
(16, -4, D:1)
  2 stones
(16, 12, D:1)
  a bat corpse (skeletalised by now)
(17, -3, D:1)
  a stone
(17, 2, D:1)
  a +0 robe
(17, 13, D:1)
  a hobgoblin corpse (skeletalised by now)
(21, 13, D:1)
  a +0 dagger
  a goblin corpse (skeletalised by now)
(23, 13, D:1)
  a +0 pair of boots
(24, 13, D:1)
  a bat corpse (skeletalised by now)
(31, 20, D:1)
  a +0 short sword
(31, 26, D:1)
  a +0 spear
(40, -7, D:1)
  a +0 club
(42, 25, D:1)
  5 poisoned darts
(46, 24, D:1)
  a bat corpse

Level 2 of the Dungeon
(0, 0, D:2)
  2 stones
(0, 5, D:2)
  10 gold pieces
(4, 0, D:2)
  a potion of might

