code2828

Level 1 of the Dungeon
(6, -4, D:1)
  a +0 dagger
(6, -3, D:1)
  a +0 dagger
(10, 2, D:1)
  2 javelins
(14, 2, D:1)
  a +0 short sword
  5 stones
(14, 4, D:1)
  2 boomerangs
(25, 9, D:1)
  a +0 short sword
(27, -3, D:1)
  a +0 short sword
(36, -10, D:1)
  a +0 leather armour
(46, -17, D:1)
  a +0 robe
(48, 9, D:1)
  a +0 ring mail

Level 2 of the Dungeon
[Shop] Gouneuh's Assorted Antiques
  a scroll of fear (104 gold)
  a +0 club (26 gold)
  a +4 heavy spear (712 gold)
  a +0 battleaxe (169 gold)
  a potion of might (104 gold)
  a scroll of blinking (195 gold)
  a +2 plate armour of cold resistance (1040 gold)
  a potion of lignification (78 gold)
  a potion of heal wounds (130 gold)
(0, 0, D:2)
  a +0 great sword
(0, 8, D:2)
  a +0 dagger
(7, -40, D:2)
  a +0 ring mail
(15, -1, D:2)
  a +0 scythe
  a +0 robe
(18, 1, D:2)
  a +0 club
(32, -45, D:2)
  a +0 whip
  5 stones
(32, -28, D:2)
  9 stones
(34, -45, D:2)
  a +0 short sword
  3 stones
(40, -29, D:2)
  a +0 club

Level 3 of the Dungeon
(0, 0, D:3)
  a +0 hand axe
(0, 2, D:3)
  a +0 chain mail
  a +0 dagger
(1, 1, D:3)
  a +0 mace
  a +0 robe
  a +0 dagger
(6, 14, D:3)
  a +0 dagger
  a +0 sling
(23, -1, D:3)
  a +0 mace of protection
  a +0 leather armour
(24, -1, D:3)
  a +0 trident
  a +0 leather armour
(25, -3, D:3)
  a +0 club
(25, -1, D:3)
  a +0 hand axe
(26, 4, D:3)
  a +0 leather armour
(29, 2, D:3)
  a +0 dagger
(38, 16, D:3)
  a +0 hammer
(39, 12, D:3)
  a +0 hammer
(39, 13, D:3)
  a +0 hammer
(40, 10, D:3)
  a +0 cloak
  a +3 quarterstaff of chaos
(40, 11, D:3)
  a +0 hammer
(41, 7, D:3)
  a +1 heavy hammer

Level 4 of the Dungeon
(0, 0, D:4)
  4 stones
(4, 23, D:4)
  a +0 club
(7, 17, D:4)
  a +0 club
(9, -13, D:4)
  a +0 chain mail
(11, -10, D:4)
  a +0 halberd
(12, -10, D:4)
  a +0 halberd
(12, -9, D:4)
  a +0 halberd
(12, -8, D:4)
  a +0 halberd
(12, -7, D:4)
  a +0 halberd
(15, 18, D:4)
  2 stones
(20, 34, D:4)
  a +3 dagger
(26, -12, D:4)
  a scroll of enchant armour
(26, 10, D:4)
  8 stones
(26, 23, D:4)
  7 stones
(26, 25, D:4)
  a +0 dagger
(27, -12, D:4)
  a scroll of fear
(29, -9, D:4)
  7 gold pieces
(30, 30, D:4)
  a +0 giant club
(41, 15, D:4)
  a +0 ring mail
(43, 12, D:4)
  a +0 flail
  a +0 leather armour

Level 5 of the Dungeon
(1, -32, D:5)
  a +0 shortbow
(3, -1, D:5)
  a +0 ring mail
(16, -20, D:5)
  a +0 club
  a +0 club
  a +0 robe
  a +0 whip of draining
(16, -19, D:5)
  a +0 flail of protection
(17, -20, D:5)
  a +0 club
(21, -40, D:5)
  2 potions of degeneration
(31, -10, D:5)
  a +0 giant club
(33, -10, D:5)
  a +0 giant club
(61, -34, D:5)
  a +0 chain mail

Level 6 of the Dungeon
(0, 0, D:6)
  a +0 flail
(5, 19, D:6)
  a +0 club
(17, 10, D:6)
  a +0 pair of boots
(25, 2, D:6)
  a +0 scale mail
(30, -8, D:6)
  a +0 mace

Level 7 of the Dungeon
(0, 0, D:7)
  a +0 whip
(0, 2, D:7)
  a +0 dagger
(0, 19, D:7)
  7 stones
(4, -15, D:7)
  a +0 short sword
  a +0 chain mail
(5, 1, D:7)
  a +0 hand axe
  a +0 chain mail
(5, 2, D:7)
  a +0 club
(5, 3, D:7)
  a +0 dagger
  a +0 ring mail
(11, -30, D:7)
  a +1 dagger of venom
  a +0 leather armour
(11, 20, D:7)
  a +0 short sword
  a +0 dagger
  a +0 leather armour
(12, 20, D:7)
  a +0 dagger
  a +0 leather armour
  a +0 club
  a +0 dagger
  a +0 robe
(13, 16, D:7)
  a +0 ring mail
(14, -26, D:7)
  a +0 club
(15, -28, D:7)
  +0 steam dragon scales
  a steam dragon skeleton
(15, -15, D:7)
  a +0 club
  a +0 robe
(15, 16, D:7)
  a +0 club
(16, -15, D:7)
  a +0 rapier
  a stone
  a +0 dagger
  a +0 robe
(16, -14, D:7)
  a +0 club
  4 poisoned darts
  a +0 club
  a +0 leather armour
  a +0 dagger
  a +0 leather armour
(16, -13, D:7)
  a +0 whip
  4 poisoned darts
  a +0 short sword
  2 stones
(16, -11, D:7)
  a +0 dagger
  a +0 short sword
(19, -19, D:7)
  a +0 dagger
(39, 1, D:7)
  a +0 short sword
(40, 17, D:7)
  a +0 halberd

Level 8 of the Dungeon
(0, 0, D:8)
  a death yak corpse
(4, 3, D:8)
  a +0 rapier
(7, -4, D:8)
  5 stones
(9, 7, D:8)
  5 stones

the Ecumenical Temple

