code2828

Level 1 of the Dungeon
(0, 0, D:1)
  6 javelins
(5, 19, D:1)
  a +0 dagger
(9, -11, D:1)
  a +0 leather armour
(22, -12, D:1)
  a +0 club
  a +0 short sword
(23, -12, D:1)
  a ring of fire
(31, -9, D:1)
  a +0 spear
(34, -6, D:1)
  a +0 robe
(35, 1, D:1)
  a +0 mace
(35, 15, D:1)
  a +0 club

Level 2 of the Dungeon
(0, 0, D:2)
  5 stones
(8, 32, D:2)
  a +0 dagger
  5 stones
(10, 10, D:2)
  a +0 club
(19, 22, D:2)
  a +0 whip
(20, 23, D:2)
  a +0 club
(35, 39, D:2)
  a +0 flail
(36, 45, D:2)
  a +0 flail
  a +0 chain mail
(39, 30, D:2)
  7 stones
(40, 25, D:2)
  a +0 scale mail
(44, 1, D:2)
  a +0 short sword
(53, 17, D:2)
  a +0 dagger

Level 3 of the Dungeon
(0, 0, D:3)
  a rat corpse (skeletalised by now)

Level 4 of the Dungeon
(0, 0, D:4)
  a +0 leather armour
(10, -20, D:4)
  3 stones
(12, -15, D:4)
  a quokka corpse (skeletalised by now)
(17, -26, D:4)
  an iguana corpse
(20, -14, D:4)
  a potion of mutation

