code2828

Level 1 of the Dungeon
(0, 0, D:1)
  a +0 club
(4, 10, D:1)
  8 stones
(5, 9, D:1)
  a +0 dagger
(16, 7, D:1)
  5 javelins
(18, 21, D:1)
  7 stones
(27, 17, D:1)
  a +0 dagger
(28, -1, D:1)
  3 stones
(31, -6, D:1)
  a ring of positive energy
(32, 7, D:1)
  a +0 hand axe
(40, 9, D:1)
  a +0 sling
(52, 1, D:1)
  a +0 robe

Level 2 of the Dungeon
(0, 0, D:2)
  a book of Debilitation
(4, 2, D:2)
  4 stones
(20, 6, D:2)
  2 poisoned darts
(20, 8, D:2)
  a +0 hand axe
(20, 14, D:2)
  a +0 robe
(36, 23, D:2)
  6 stones
(39, 27, D:2)
  9 stones
(39, 31, D:2)
  4 stones
  a +0 club
(40, 8, D:2)
  a +0 club
(40, 14, D:2)
  7 stones
(42, 7, D:2)
  a +0 whip
(42, 8, D:2)
  a +0 dagger
  a stone
(45, 33, D:2)
  a +0 sling
(46, 16, D:2)
  a +0 club

Level 3 of the Dungeon
[Shop] Xeetalac's Armour Shop
  a +0 leather armour (26 gold)
  a +0 robe (9 gold)
  a +3 leather armour of fire resistance (312 gold)
  a +2 ring mail of fire resistance (273 gold)
  a +0 scale mail (52 gold)
  a +1 robe of resistance (425 gold)
  a +0 cloak (58 gold)
  a +0 scale mail (52 gold)
  a +0 robe of fire resistance (100 gold)
  a +0 leather armour (26 gold)
(0, 0, D:3)
  a +0 club
(0, 24, D:3)
  a +0 dagger
  a +0 dagger
(1, 24, D:3)
  a +0 short sword
(8, 39, D:3)
  a +0 dagger
  3 stones
(9, 21, D:3)
  a +0 trident
(10, 20, D:3)
  a +0 dagger
  a +0 leather armour
(15, 7, D:3)
  a +0 dagger
  a +0 ring mail
(16, 24, D:3)
  a +0 dagger
  a +0 robe
(16, 25, D:3)
  a +0 short sword
  a +0 hand axe
(17, 14, D:3)
  6 stones
(20, 15, D:3)
  a +0 dagger
(23, 2, D:3)
  a +0 leather armour
(34, 13, D:3)
  2 stones
(37, 5, D:3)
  a +0 ring mail
  a +0 helmet
  6 stones
  a +0 hand axe
(37, 7, D:3)
  a +0 dagger
(43, 11, D:3)
  a +0 robe
(45, 22, D:3)
  a +0 dagger
(46, 12, D:3)
  a +0 flail
(47, 9, D:3)
  a +0 trident
  5 stones
  a +0 robe
(48, 11, D:3)
  6 stones
  a +0 short sword
  a +0 whip

Level 4 of the Dungeon
(0, 0, D:4)
  5 stones
(2, 9, D:4)
  3 stones
(3, 19, D:4)
  6 stones
(14, -9, D:4)
  a +0 club
  a +0 spear
(14, -8, D:4)
  a +0 whip
(18, -5, D:4)
  a +0 leather armour
(24, 24, D:4)
  an Inescapable Atlas
(24, 33, D:4)
  a +0 hand axe
(34, -10, D:4)
  5 stones
(36, 0, D:4)
  a +0 flail
  a +0 spear
(36, 1, D:4)
  a +0 club
  a +0 club
(41, -2, D:4)
  a +0 short sword
(44, 21, D:4)
  4 stones

Level 5 of the Dungeon
[Shop] Mosub's General Store
  a wand of iceblast (1) (28 gold)
  a scroll of noise (12 gold)
  2 stones (2 gold)
  a wand of digging (3) (151 gold)
  2 stones (2 gold)
  a scroll of enchant armour (90 gold)
  2 throwing nets (72 gold)
(0, 0, D:5)
  a +0 club
(0, 13, D:5)
  13 gold pieces
(0, 14, D:5)
  12 gold pieces
(1, 12, D:5)
  13 gold pieces
(1, 13, D:5)
  16 gold pieces
(1, 14, D:5)
  10 gold pieces
(2, 13, D:5)
  8 gold pieces
(2, 14, D:5)
  12 gold pieces
(13, 27, D:5)
  a +0 hand axe
(18, 35, D:5)
  the +4 mace "Naosifor" {heavy, Fly Str+4}
    It deals dramatically more damage, but attacks with it are much slower.
    
    Str:       It affects your strength (+4).
    Fly:       It grants you flight.
  a ring of ice
(19, 48, D:5)
  10 stones
(20, 27, D:5)
  a +0 ring mail
(21, 48, D:5)
  5 stones
(22, 46, D:5)
  5 stones
(22, 47, D:5)
  5 stones
(22, 48, D:5)
  5 stones
  a book of the Tundra
(28, 22, D:5)
  a +0 ring mail
(29, 18, D:5)
  a +0 quarterstaff
(44, 18, D:5)
  5 stones

Level 6 of the Dungeon
(12, 2, D:6)
  9 stones
(35, -20, D:6)
  a +0 shortbow
(49, -3, D:6)
  an adder corpse
(50, -1, D:6)
  a +0 leather armour

