code2828

Level 1 of the Dungeon
(0, 0, D:1)
  a +0 robe
(1, 7, D:1)
  a +0 dagger
(10, -11, D:1)
  a +0 flail
(16, -12, D:1)
  a hobgoblin corpse (skeletalised by now)
(18, -3, D:1)
  3 stones
(21, -10, D:1)
  a +0 scale mail
(42, 27, D:1)
  a +0 dagger
  a hobgoblin corpse
  a goblin corpse
(42, 31, D:1)
  a hobgoblin corpse

Level 2 of the Dungeon
(0, 0, D:2)
  a dart slug corpse

Level 3 of the Dungeon
(0, 0, D:3)
  a bat corpse
(6, 6, D:3)
  a +0 pair of boots
(9, 1, D:3)
  a rat corpse

Level 4 of the Dungeon
(0, 0, D:4)
  a +0 mace
  a +0 club
  a +0 dagger
  a +0 ring mail
  a +0 mace
  an orc corpse

