code2828

Level 1 of the Dungeon
[Shop] Miuskis's Jewellery Boutique
  the amulet of Yrantar {RegenMP rElec} (440 gold)
    [amulet of magic regeneration]
    
    It increases your rate of magic regeneration.
    rElec:     It insulates you from electricity.
  a ring of ice (250 gold)
  a ring of flight (175 gold)
  a +4 ring of evasion (360 gold)
  an amulet of regeneration (300 gold)
  a ring of resist corrosion (200 gold)
  a ring of fire (250 gold)
  a +4 ring of evasion (360 gold)
(0, 0, D:1)
  a +0 club
(7, 11, D:1)
  4 stones
(10, -7, D:1)
  a +0 ring mail
(53, -1, D:1)
  a +0 ring mail
(56, -14, D:1)
  a +0 plate armour

Level 2 of the Dungeon
(1, 10, D:2)
  6 stones
(1, 46, D:2)
  a +0 club
  a +0 robe
(2, 42, D:2)
  a +0 dagger
(3, 8, D:2)
  a +0 short sword
(4, 35, D:2)
  5 stones
(6, 22, D:2)
  a +0 club
(8, 22, D:2)
  a +0 hat
(11, 51, D:2)
  a +0 falchion
(31, 23, D:2)
  4 stones
(35, 11, D:2)
  4 stones
(36, 27, D:2)
  6 stones
(40, 17, D:2)
  a +0 scythe
  a +0 robe
(40, 22, D:2)
  a +0 dagger
(40, 23, D:2)
  a +0 club
(40, 45, D:2)
  a +0 whip

Level 3 of the Dungeon
(7, 14, D:3)
  a +0 mace
(9, 24, D:3)
  3 stones
(18, 19, D:3)
  6 stones
(27, 4, D:3)
  a +0 hand axe
  a +0 leather armour
(28, 3, D:3)
  a +0 dagger
  8 stones
  a +0 hand axe
  a +0 club
(29, 2, D:3)
  a +0 hand axe
(30, -6, D:3)
  3 stones
(31, 41, D:3)
  a +2 short sword of freezing
(32, -1, D:3)
  5 stones
(34, 26, D:3)
  a +0 falchion
(39, 44, D:3)
  a +0 dagger
  a +0 sling
(42, 30, D:3)
  a +0 scale mail
(50, 17, D:3)
  a +0 robe
(51, 7, D:3)
  a +0 falchion
  a +3 chain mail of fire resistance
(54, 24, D:3)
  a +0 trident
(57, 16, D:3)
  a +0 club
(58, 16, D:3)
  a +0 dagger
  a +0 club
  a +0 animal skin
  a +0 helmet
(59, 16, D:3)
  a +0 club
(62, 16, D:3)
  a +0 club
  a +0 sling
  a +0 club

Level 4 of the Dungeon
[Shop] Qusaten's Serpentskin Sales
  a ring of poison resistance (200 gold)
  5 poisoned darts (20 gold)
  6 poisoned darts (24 gold)
  a +1 quarterstaff of venom (118 gold)
  a +0 tower shield of poison resistance (85 gold)
  the Vademecum on Toxicity (160 gold)
    Spells                            Type                      Level
     a - Sting                         Transmutation/Poison          1
     b - Cigotuvi's Dreadful Rot       Necromancy/Poison/Air         2
     c - Poisonous Vapours             Poison/Air                    2
  3 poisoned darts (12 gold)
(5, 6, D:4)
  a +0 leather armour
(13, 48, D:4)
  a +0 sling
(15, 9, D:4)
  a +0 club
(15, 19, D:4)
  a +0 rapier
(16, 46, D:4)
  a +0 chain mail
(19, 32, D:4)
  a +0 club
(19, 43, D:4)
  a +0 club
(20, 33, D:4)
  a +0 leather armour
  a +0 rapier
(20, 35, D:4)
  5 stones
(24, 8, D:4)
  a +0 pair of boots
(25, 36, D:4)
  3 stones
(26, 43, D:4)
  a +0 club
(29, 15, D:4)
  a wand of flame (13)
(30, 28, D:4)
  a +0 club
(39, 15, D:4)
  a +4 ring of protection
(39, 42, D:4)
  a +0 short sword
(40, 29, D:4)
  a +0 scimitar
(40, 31, D:4)
  a +0 club
(41, 31, D:4)
  3 stones
  a +0 dagger of venom
(52, 11, D:4)
  a +0 hand axe

Level 5 of the Dungeon
(0, 0, D:5)
  a +0 giant club
(7, -28, D:5)
  a +0 robe
(20, -14, D:5)
  a +0 pair of boots
(25, 19, D:5)
  a +1 vorpal long sword
(27, 15, D:5)
  4 stones
(32, 16, D:5)
  a +0 war axe
(38, -14, D:5)
  a scroll of teleportation
(40, -16, D:5)
  a +0 ring mail
(44, -7, D:5)
  a +0 club
(47, 20, D:5)
  a +0 ring mail
(48, 7, D:5)
  a +0 leather armour

Level 6 of the Dungeon
(0, 0, D:6)
  a +0 leather armour
(8, -4, D:6)
  5 stones
(24, 4, D:6)
  a +0 quarterstaff
(25, -6, D:6)
  a +0 giant club
(29, 18, D:6)
  a +2 vampiric falchion
(32, 10, D:6)
  7 stones
(36, -6, D:6)
  4 stones
(40, 18, D:6)
  a +0 club
  a +0 chain mail

Level 7 of the Dungeon
(0, 0, D:7)
  a +0 scale mail
(0, 31, D:7)
  a +0 mace
  2 boomerangs
(3, 10, D:7)
  a +0 mace
(4, -17, D:7)
  a +0 helmet
(12, 0, D:7)
  a +0 hand axe
  a +0 hand axe
  a +0 flail
(14, -8, D:7)
  a stone
(14, 11, D:7)
  a +0 whip of electrocution
(24, -1, D:7)
  a +0 dagger
  a +0 robe
(24, 11, D:7)
  a +0 chain mail
(24, 22, D:7)
  a +0 dagger
(25, 22, D:7)
  a +0 dagger
(25, 24, D:7)
  a +0 club
  a +0 leather armour
(25, 26, D:7)
  a +0 flail
  a +0 leather armour
(26, 24, D:7)
  a +0 trident
(28, -12, D:7)
  4 poisoned darts
(32, -6, D:7)
  a +0 dagger
  a +0 robe
(34, 15, D:7)
  a +0 leather armour
(35, -5, D:7)
  a +0 dagger
  a +0 robe
(35, -4, D:7)
  a +0 dagger
  a +0 robe
(35, 7, D:7)
  a +0 pair of boots
(44, 18, D:7)
  a +0 flail
  a +0 leather armour
(51, -12, D:7)
  a +0 war axe
(53, -4, D:7)
  a +0 hammer
(54, -5, D:7)
  a +3 quarterstaff of chaos
  a +0 cloak
(54, 34, D:7)
  a +0 chain mail
(55, -4, D:7)
  a +0 hammer
(59, -6, D:7)
  a +0 hammer
(62, -7, D:7)
  a +0 hammer

Level 8 of the Dungeon
(0, 0, D:8)
  a +0 mace
(9, 20, D:8)
  a +1 spear
  a +2 animal skin
(30, 24, D:8)
  a +0 robe
(34, 9, D:8)
  a +0 scimitar of flaming
  a +0 robe
(34, 18, D:8)
  a +0 sling
(36, 16, D:8)
  a +0 long sword
  +0 steam dragon scales
(42, 15, D:8)
  a +0 robe
(51, 12, D:8)
  a +1 morningstar of pain
  a +0 robe
(52, 11, D:8)
  a +0 whip
  3 poisoned darts
  a +0 robe
  a +3 hand axe
(52, 13, D:8)
  a +0 short sword
  a +0 leather armour
  a +0 flail
(53, -18, D:8)
  a +0 scale mail
(53, 11, D:8)
  a +0 trident
  a +0 robe
  a +0 short sword
(54, 11, D:8)
  a +0 club
(54, 12, D:8)
  a +0 robe
  a +4 long sword
  5 poisoned darts
  a +0 club
(54, 13, D:8)
  a +0 club
(54, 14, D:8)
  a +0 chain mail
  a +0 halberd
(55, -10, D:8)
  a +0 plate armour
  a +0 hand axe
  a +0 arbalest
(55, 13, D:8)
  a +0 leather armour
  a +0 mace
(55, 14, D:8)
  a +0 hand axe
(56, -12, D:8)
  a +0 whip
(56, -11, D:8)
  a +0 mace
(57, -12, D:8)
  a +0 club
  a +0 leather armour
(58, 14, D:8)
  a +0 club
(59, 37, D:8)
  a +0 sling
  a +0 quarterstaff
  a +0 leather armour
(65, -3, D:8)
  a +0 shortbow
(68, -9, D:8)
  a +0 robe

Level 9 of the Dungeon
(0, 0, D:9)
  a +0 pair of boots
(4, -5, D:9)
  a +4 war axe
  a +0 robe
  a +3 long sword
  a +0 robe
(6, -5, D:9)
  a +0 scimitar
  a +0 robe
  a +0 spear
  a +0 robe
  a +3 halberd of freezing
  a +0 robe
(6, -4, D:9)
  a +2 trident
  a +0 robe
(7, -3, D:9)
  a +0 robe
  a +4 spear
(8, -5, D:9)
  a +0 robe
  a +4 hand axe
(11, -49, D:9)
  6 gold pieces
(11, -48, D:9)
  a wand of paralysis (4)
(11, -47, D:9)
  8 gold pieces
(11, -44, D:9)
  a +1 hand axe of distortion
  (unseen)
(11, -43, D:9)
  a staff of death
  (unseen)
(13, -9, D:9)
  a +0 robe
  a +3 morningstar
(15, -11, D:9)
  a +0 robe
  a +2 morningstar
  a +0 robe
  a +0 mace
(15, -3, D:9)
  a +2 battleaxe
  a +0 robe
(16, -4, D:9)
  a +0 falchion
  a +0 robe
(18, -4, D:9)
  a +5 falchion
  a +0 robe
  a +4 flail
  a +0 robe
(19, -28, D:9)
  a +0 chain mail
(22, -48, D:9)
  a +0 falchion
(35, -12, D:9)
  a +4 war axe
  (unseen)
(35, -11, D:9)
  a +0 robe
(36, -14, D:9)
  a stone
(37, -10, D:9)
  a +0 scale mail
(41, -38, D:9)
  a +0 dagger

Level 10 of the Dungeon
(0, 0, D:10)
  a +0 spear
  a +0 robe
(6, 21, D:10)
  a +0 giant spiked club
  a +0 giant club
(22, 21, D:10)
  8 stones
(36, 2, D:10)
  a +0 dagger
  a +0 robe
(36, 4, D:10)
  a +0 war axe
(36, 19, D:10)
  a +0 spear
(37, 19, D:10)
  a +0 chain mail
(39, -7, D:10)
  a +1 dagger of distortion
  a +2 robe of willpower
(40, 20, D:10)
  a +2 short sword of draining
  4 curare-tipped darts

Level 11 of the Dungeon
(0, 0, D:11)
  a +0 dagger
(4, 12, D:11)
  a +0 giant club
  a +0 giant club
(7, 37, D:11)
  4 large rocks
  a +0 shortbow
(7, 38, D:11)
  a +0 dagger
  a +0 mace
  a +0 dagger
  a +0 robe
  a +0 dagger
  a +0 robe
  a +0 club
  a +0 troll leather armour
(7, 41, D:11)
  a +0 quarterstaff
(10, 9, D:11)
  a +0 leather armour
(12, 8, D:11)
  a phantom mirror
(19, 50, D:11)
  a +0 rapier
(26, 46, D:11)
  a +0 leather armour
(31, 3, D:11)
  a +0 ring mail
(34, 33, D:11)
  a +0 helmet
(38, 21, D:11)
  +0 acid dragon scales
(39, 28, D:11)
  2 boomerangs
(43, 20, D:11)
  a +0 short sword
  a +0 ring mail

Level 12 of the Dungeon
(0, 0, D:12)
  a +0 giant spiked club
(5, -20, D:12)
  a komodo dragon corpse (skeletalised by now)
(25, -2, D:12)
  a yak corpse
(26, -42, D:12)
  a +4 ring of protection
(30, -2, D:12)
  a yak corpse
(51, -20, D:12)
  an electric eel corpse

the Ecumenical Temple

