code2828

Level 1 of the Dungeon
(0, 0, D:1)
  a +0 plate armour
(3, 0, D:1)
  a +0 sling
(8, -1, D:1)
  a +0 short sword
(9, 27, D:1)
  a +0 ring mail
(13, -2, D:1)
  a +0 robe
(16, 25, D:1)
  a +0 club
(23, -3, D:1)
  a +0 club
(24, 12, D:1)
  a +0 dagger
(30, 17, D:1)
  a +0 shortbow
(33, 11, D:1)
  6 stones

Level 2 of the Dungeon
(0, 0, D:2)
  a +0 scale mail
(9, 25, D:2)
  a +0 leather armour
(10, 41, D:2)
  a +0 scale mail
(16, 28, D:2)
  a +0 ring mail
(18, 27, D:2)
  a +0 robe
(25, 25, D:2)
  a +0 whip
(33, -7, D:2)
  a +0 ring mail
(35, 5, D:2)
  a +0 rapier
(41, 12, D:2)
  a +0 whip

Level 3 of the Dungeon
(0, 0, D:3)
  a +0 war axe
(1, -1, D:3)
  a +0 ring mail
(2, -3, D:3)
  a staff of poison
(7, -3, D:3)
  a +0 dagger
(15, 21, D:3)
  4 stones
(18, 12, D:3)
  9 stones
(22, 18, D:3)
  a +0 hand axe
  a +0 ring mail
(43, 6, D:3)
  a +0 club

Level 4 of the Dungeon
(0, 0, D:4)
  a +0 dagger
  a +0 dagger
(6, -8, D:4)
  a +0 flail
(8, -8, D:4)
  a +0 chain mail
  a +0 dagger
  a +0 short sword
(10, -12, D:4)
  a +0 club
(16, -12, D:4)
  a +0 club
(19, 8, D:4)
  a +0 club
(20, 4, D:4)
  a +0 dagger
(20, 23, D:4)
  8 stones
(24, -11, D:4)
  a +0 leather armour
(26, -7, D:4)
  a +0 war axe
(38, 18, D:4)
  a +0 club

Level 5 of the Dungeon
(0, 0, D:5)
  a +0 leather armour
(2, 9, D:5)
  a +0 giant spiked club
(11, -22, D:5)
  2 potions of degeneration
(15, -2, D:5)
  2 javelins
(17, -6, D:5)
  an adder corpse (skeletalised by now)
(19, -32, D:5)
  a +0 sling
(44, 24, D:5)
  7 stones
(57, -15, D:5)
  a +0 flail
  a +0 short sword
  a +0 dagger
  an orc corpse
(61, -14, D:5)
  a +0 helmet of see invisible
  (unseen)
(64, -14, D:5)
  a poisoned dart

