code2828

Level 1 of the Dungeon
(0, 0, D:1)
  8 stones
(3, 24, D:1)
  7 stones
(3, 25, D:1)
  a +0 dagger
(12, 5, D:1)
  a +0 club
(15, 33, D:1)
  a +0 ring mail
(20, -7, D:1)
  a +0 dagger
(23, 15, D:1)
  a +0 short sword
(29, -11, D:1)
  5 stones
  a +0 club
(29, 26, D:1)
  a +0 mace
(31, 31, D:1)
  a +0 mace
(32, -1, D:1)
  a +0 leather armour
(42, -5, D:1)
  a +0 dagger
(47, 30, D:1)
  5 stones
  a +0 club
(48, 40, D:1)
  a +0 leather armour
(49, 9, D:1)
  a +0 robe
(62, 5, D:1)
  a +0 club

Level 2 of the Dungeon
[Shop] Kuzeek Woam's Armour Boutique
  a +0 ring mail (48 gold)
  a +0 pair of boots (54 gold)
  a +0 ring mail (48 gold)
  a +0 leather armour (24 gold)
  a +0 leather armour (24 gold)
  a +2 scale mail of cold resistance (252 gold)
  a +0 ring mail (48 gold)
  a +0 plate armour (276 gold)
  a +0 robe (8 gold)
(1, -4, D:2)
  a +4 mace
(8, 17, D:2)
  6 poisoned darts
(13, -5, D:2)
  6 javelins
(13, 8, D:2)
  a +0 club
  a +0 whip
(28, 18, D:2)
  4 stones
  a +0 short sword
(30, 5, D:2)
  a +0 robe
(46, 13, D:2)
  a +0 cloak

Level 3 of the Dungeon
(0, 0, D:3)
  7 stones
(8, -9, D:3)
  a +0 dagger
(9, 6, D:3)
  a +0 dagger
(17, 2, D:3)
  a +0 club
(25, 23, D:3)
  7 stones
(27, 18, D:3)
  a +0 chain mail
(29, 23, D:3)
  5 stones
(30, 1, D:3)
  a +0 chain mail
(44, 31, D:3)
  a +0 hand axe
(45, -1, D:3)
  3 atropa-tipped darts
(60, 32, D:3)
  a +0 war axe
  a +0 ring mail
  a +0 short sword
  a +0 scale mail
(61, 33, D:3)
  a +0 club

Level 4 of the Dungeon
(3, -20, D:4)
  a +0 robe
(15, -27, D:4)
  a +0 robe
(31, 17, D:4)
  a +0 mace
(32, 17, D:4)
  a +0 whip
(33, 17, D:4)
  a +0 club
  a +0 leather armour
(35, 13, D:4)
  a +0 hand axe
  a +0 falchion
  a +0 ring mail

Level 5 of the Dungeon
(0, 0, D:5)
  8 stones
(1, 41, D:5)
  a +0 sling
(4, 11, D:5)
  a +0 dagger
(16, 0, D:5)
  4 poisoned darts
(21, 27, D:5)
  2 boomerangs
(36, 52, D:5)
  a +0 long sword
(37, 56, D:5)
  7 stones
(39, 20, D:5)
  a +0 mace
(39, 28, D:5)
  a +0 chain mail
  a +2 hand axe of pain
(41, 13, D:5)
  7 stones
(44, 25, D:5)
  a +0 dagger
(45, 22, D:5)
  a +0 ring mail
  a +0 hand axe
(47, 15, D:5)
  a +0 robe
  a +0 dagger
(47, 56, D:5)
  a +0 dagger
(49, 2, D:5)
  a +0 club
(54, 37, D:5)
  a +0 ring mail
(62, 47, D:5)
  2 stones

Level 6 of the Dungeon
(0, 0, D:6)
  a +0 scale mail
(13, 2, D:6)
  a +0 flail
(14, -28, D:6)
  a +0 rapier
(22, -38, D:6)
  5 stones
(26, -14, D:6)
  a +0 dagger
(29, -33, D:6)
  a +0 rapier
(30, -3, D:6)
  2 poisoned darts
(43, 10, D:6)
  a +0 spear
(44, -18, D:6)
  6 stones
(46, -34, D:6)
  a +2 whip of draining
(46, -26, D:6)
  a book of Changes
(49, -33, D:6)
  a +0 club
  a +0 dagger
(49, -32, D:6)
  a +0 short sword
(50, -32, D:6)
  14 poisoned darts
  a +0 dagger
  a +0 club
(51, -32, D:6)
  a +0 robe
(56, -35, D:6)
  a +0 flail
(56, -33, D:6)
  a +0 robe
  a +0 dagger
(56, -20, D:6)
  a +0 robe
(56, 5, D:6)
  a +0 cloak
(59, -13, D:6)
  a +0 whip
(61, 1, D:6)
  5 stones
(64, 6, D:6)
  a +0 whip
  a +0 robe
  8 stones
  a +0 club
(64, 8, D:6)
  a +0 dagger

Level 7 of the Dungeon
(0, 0, D:7)
  a +0 hammer
(2, -9, D:7)
  5 stones
  a +0 hand axe
(2, 1, D:7)
  a +4 quarterstaff of chaos
  a +0 cloak
(9, -22, D:7)
  2 poisoned darts
  a +0 whip
(9, -20, D:7)
  4 stones
  a +0 whip
(11, -22, D:7)
  a +0 short sword
(18, -20, D:7)
  a +0 short sword
(19, -24, D:7)
  a +0 flail
(20, -24, D:7)
  a +0 flail
  a +0 whip
(24, -39, D:7)
  a +0 whip
(24, -28, D:7)
  a +0 shortbow
(24, -8, D:7)
  a +0 animal skin
  5 stones
(25, -39, D:7)
  a +0 ring mail
  a +0 hand axe
(25, -38, D:7)
  a +0 club
(29, 4, D:7)
  a +0 animal skin
(29, 5, D:7)
  a +0 animal skin
(30, -1, D:7)
  a +0 leather armour
  a +0 quarterstaff
  a +0 sling
(32, -40, D:7)
  a +0 whip
(32, 2, D:7)
  a +0 robe
(33, -42, D:7)
  7 stones
(33, -41, D:7)
  a +6 ring of intelligence
(33, -40, D:7)
  a potion of magic
(34, -40, D:7)
  a scroll of identify
(34, -12, D:7)
  10 stones
  a +0 animal skin
(36, 2, D:7)
  a +0 animal skin
  8 stones
(37, -3, D:7)
  4 stones
  a +0 club
(37, 1, D:7)
  7 poisoned darts
  a +0 whip
  a +0 animal skin
  15 stones
(38, -46, D:7)
  5 boomerangs
(38, 0, D:7)
  a +0 short sword
  a +0 dagger
(39, -3, D:7)
  a +0 short sword
(44, -38, D:7)
  a +0 ring mail
  a silver boomerang
  a +0 dagger

Level 8 of the Dungeon
(0, 0, D:8)
  5 stones
(1, 8, D:8)
  a +0 scythe
(2, -10, D:8)
  a +0 whip
(3, 5, D:8)
  a +0 robe
(4, -7, D:8)
  7 stones
(6, 22, D:8)
  a +0 ring mail
(14, 10, D:8)
  a +0 dagger
  a +0 robe
(39, -25, D:8)
  3 boomerangs of dispersal
(39, 23, D:8)
  a +0 chain mail
  a +0 club
(39, 24, D:8)
  a +0 robe
  a +0 dagger
(40, 16, D:8)
  a +0 short sword
  5 stones
  a +0 short sword
  a +0 club
  4 poisoned darts
  a +0 short sword
(40, 23, D:8)
  a +0 great sword
(42, 21, D:8)
  a +0 club
(46, 15, D:8)
  a +0 halberd
(46, 16, D:8)
  a +0 whip
  a +0 club
(47, 15, D:8)
  a +0 spear
(47, 16, D:8)
  a +0 spear
  a +0 ring mail
  a +0 spear
(50, -7, D:8)
  a +0 tower shield
(53, -20, D:8)
  6 gold pieces
(53, -19, D:8)
  a +0 battleaxe
(54, -19, D:8)
  28 gold pieces
(54, -16, D:8)
  12 gold pieces
(55, -19, D:8)
  11 gold pieces
(56, -19, D:8)
  21 gold pieces
(56, -12, D:8)
  a scroll of identify
(57, -20, D:8)
  11 gold pieces
(57, -19, D:8)
  a +0 robe

Level 9 of the Dungeon
(5, -13, D:9)
  a +0 war axe
  3 stones
  a +0 leather armour
  a +0 flail
  a +0 plate armour
(6, -17, D:9)
  a +0 dagger
  a +0 short sword
(8, -20, D:9)
  a +0 whip
(15, 0, D:9)
  a +2 war axe of electrocution
(15, 11, D:9)
  a +0 war axe
(15, 20, D:9)
  a +0 robe
(17, -13, D:9)
  a +0 mace
(27, 15, D:9)
  6 potions of mutation
  3 potions of lignification
(36, 21, D:9)
  a +0 scimitar
(39, -14, D:9)
  a +0 shortbow
(43, -22, D:9)
  a +0 club
(44, -21, D:9)
  a +0 short sword
  a +0 dagger
(45, -22, D:9)
  a +0 whip
(46, -22, D:9)
  a +0 robe
  a +0 dagger
  a +0 robe
  a +0 dagger

Level 10 of the Dungeon
(0, 0, D:10)
  a +0 club
(11, -31, D:10)
  a +0 long sword
  a +0 robe
(11, -22, D:10)
  a +0 short sword
  5 stones
(12, -24, D:10)
  a +0 club
(13, -35, D:10)
  a +3 hand axe of freezing
  a +2 robe of cold resistance
(13, -21, D:10)
  a +0 long sword
(14, -39, D:10)
  a +1 halberd of venom
  a +0 robe
(14, -29, D:10)
  a +2 halberd
  a +0 robe
(16, -16, D:10)
  a +0 club
(18, -16, D:10)
  a +0 dagger
  2 stones
(20, -11, D:10)
  a +0 short sword
(21, -21, D:10)
  a +0 whip
(23, -6, D:10)
  a +0 dagger
  5 poisoned darts
  a +0 short sword
(23, -5, D:10)
  a +0 whip
  a curare-tipped dart
(25, -3, D:10)
  a +1 robe of willpower
(43, -14, D:10)
  a +0 club
(45, -34, D:10)
  a +0 dagger
  a +0 robe
(45, -33, D:10)
  a +0 club
  2 poisoned darts
(51, -22, D:10)
  5 stones

Level 11 of the Dungeon
(0, 0, D:11)
  a +0 mace
(2, -11, D:11)
  a +0 flail
  a +0 animal skin
(2, -2, D:11)
  a +2 flail of protection
  2 boomerangs
(6, -12, D:11)
  a +0 short sword
  a +0 animal skin
(6, -7, D:11)
  a +0 flail
  5 stones
  a +0 leather armour
(7, -7, D:11)
  a +0 falchion
(8, -12, D:11)
  a +0 short sword of protection
(8, -7, D:11)
  2 large rocks
(9, -12, D:11)
  a +0 leather armour
  a +0 falchion
(15, -13, D:11)
  a +0 short sword
(16, -10, D:11)
  a +0 robe
  a +0 dagger
(16, -4, D:11)
  a +0 club
  a +3 dagger
  a +0 robe
(17, -12, D:11)
  a +0 troll leather armour
(17, -5, D:11)
  a +0 falchion
  a +0 animal skin
  a +0 short sword
  a +0 leather armour
  a +0 club
  a +0 leather armour
  a +0 dire flail
  3 boomerangs
  a +0 chain mail
  a +0 short sword of flaming
(18, -13, D:11)
  a +0 plate armour
  a +2 glaive of protection
(20, -11, D:11)
  a +0 robe
  a +0 club
(22, -11, D:11)
  a +0 chain mail
  a +0 scimitar
(25, 18, D:11)
  5 large rocks
(28, -9, D:11)
  a +0 dagger
(34, -17, D:11)
  a +1 spear of flaming
  a +0 ring mail
  a +0 kite shield
(35, -17, D:11)
  a +0 flail
  a +0 flail
  a +0 spear
(37, 16, D:11)
  a +0 chain mail
(45, -24, D:11)
  2 stones
(47, 7, D:11)
  3 stones
(47, 13, D:11)
  a +0 shortbow

the Ecumenical Temple
(28, -1, Temple)
  a +0 leather armour (still there?)
  a +0 falchion of holy wrath (still there?)

Level 1 of the Orcish Mines
(8, -3, Orc:1)
  a +0 plate armour
  a +0 scimitar
(9, -3, Orc:1)
  a +0 chain mail
(9, -2, Orc:1)
  a +0 battleaxe
(9, -1, Orc:1)
  a +0 short sword
(10, -3, Orc:1)
  a +0 flail
(10, -2, Orc:1)
  4 gold pieces
  a +0 chain mail
  a +0 battleaxe
(19, -2, Orc:1)
  a +0 scale mail
  a +0 dagger
(20, -2, Orc:1)
  a +0 dagger
  a +0 robe
(21, -2, Orc:1)
  a +0 dagger
  a +0 falchion
(22, -2, Orc:1)
  a +0 club
  a +0 chain mail
  a +0 hand axe
(23, -2, Orc:1)
  a +0 dire flail

Level 2 of the Orcish Mines
(0, 0, Orc:2)
  8 gold pieces
  a +0 flail
  3 boomerangs
  a +0 ring mail
(1, 0, Orc:2)
  7 gold pieces
  a +0 flail
  a +0 leather armour
(6, 6, Orc:2)
  17 gold pieces
(8, 0, Orc:2)
  17 gold pieces
(8, 1, Orc:2)
  6 gold pieces
  a +0 plate armour
  a boomerang
(9, -3, Orc:2)
  6 gold pieces
  a +0 plate armour
  2 boomerangs
  a +0 battleaxe
(9, 0, Orc:2)
  a +0 flail
(10, -3, Orc:2)
  7 gold pieces
  a +0 falchion
(10, -2, Orc:2)
  6 gold pieces
  a +0 hand axe
(10, 0, Orc:2)
  30 gold pieces
  a +0 hand axe
(11, 2, Orc:2)
  9 gold pieces
(15, -6, Orc:2)
  23 gold pieces

Level 1 of the Lair of Beasts
(0, 0, Lair:1)
  7 stones
(18, 5, Lair:1)
  a +0 ring mail
(19, -3, Lair:1)
  8 stones
(23, -6, Lair:1)
  a +0 great sword
(24, -15, Lair:1)
  3 stones
(25, -26, Lair:1)
  a +0 trident
(30, -34, Lair:1)
  2 poisoned darts
(30, -4, Lair:1)
  a +0 sling
(31, 12, Lair:1)
  3 stones
(41, -38, Lair:1)
  a +0 falchion
(59, -14, Lair:1)
  6 curare-tipped darts

Level 2 of the Lair of Beasts
(0, 0, Lair:2)
  2 poisoned darts
(9, -37, Lair:2)
  a +0 ring mail
(9, 4, Lair:2)
  a piece from Xom's chessboard (15/15)
(20, -43, Lair:2)
  a +0 falchion
(39, -37, Lair:2)
  a +0 mace
(52, -27, Lair:2)
  a +0 plate armour

Level 3 of the Lair of Beasts
(0, 0, Lair:3)
  2 stones
(1, 11, Lair:3)
  3 curare-tipped darts
(10, -28, Lair:3)
  a +2 falchion of flaming
(27, -4, Lair:3)
  3 stones
(31, -27, Lair:3)
  a +0 helmet
(34, 9, Lair:3)
  7 stones
(49, -18, Lair:3)
  a piece from Xom's chessboard (15/15)
(52, -30, Lair:3)
  a +1 demon trident of electrocution
  5 silver javelins
  a +3 scale mail of fire resistance
(52, 10, Lair:3)
  a +0 leather armour

Level 4 of the Lair of Beasts
(0, 0, Lair:4)
  a +0 falchion
(7, 37, Lair:4)
  a +0 dagger
  a +0 robe
  a +0 buckler
(10, 15, Lair:4)
  a +0 shortbow
(12, 36, Lair:4)
  a +0 robe
(31, 15, Lair:4)
  a +0 leather armour
(31, 31, Lair:4)
  4 poisoned darts
(34, 4, Lair:4)
  a +0 club
(34, 18, Lair:4)
  a +0 quarterstaff
(37, 52, Lair:4)
  a stone
(38, 19, Lair:4)
  a +0 robe
(39, 4, Lair:4)
  a +0 falchion

Level 5 of the Lair of Beasts
(0, 0, Lair:5)
  +0 steam dragon scales
(1, -7, Lair:5)
  a +0 flail
(2, 1, Lair:5)
  a +0 long sword
(10, -8, Lair:5)
  6 stones
(22, -6, Lair:5)
  a wand of polymorph (5)
(23, -7, Lair:5)
  4 stones
(30, -7, Lair:5)
  a +0 shortbow
  a +0 shortbow
(31, 8, Lair:5)
  the +10 trident of the Singing Saviour {elec, rC+ rCorr Int+2 Dex+4}
    It occasionally discharges a powerful burst of electricity upon striking a
    foe.
    
    Int:       It affects your intelligence (+2).
    Dex:       It affects your dexterity (+4).
    rC:        It protects you from cold.
    rCorr:     It protects you from acid and corrosion.
(31, 11, Lair:5)
  a +0 ring mail
(33, -10, Lair:5)
  a +0 shortbow
  a +0 shortbow
(33, 8, Lair:5)
  a +0 leather armour
(33, 11, Lair:5)
  5 stones
(34, 9, Lair:5)
  2 stones
(34, 11, Lair:5)
  a +0 chain mail
(36, 6, Lair:5)
  a +2 arbalest of draining
(41, -4, Lair:5)
  a +0 plate armour
(47, 4, Lair:5)
  a +0 club
(55, 31, Lair:5)
  a +0 scale mail

Level 1 of the Abyss
(0, 0, Abyss:1)
  13 gold pieces

