code2828

Level 1 of the Dungeon
(0, 0, D:1)
  a +0 short sword
(7, -8, D:1)
  a +0 ring mail
(11, 5, D:1)
  a +0 sling
(19, -12, D:1)
  a +0 chain mail
(55, -31, D:1)
  a +0 falchion

Level 2 of the Dungeon
(0, 0, D:2)
  a +0 dagger
  a +0 club
(0, 1, D:2)
  a +1 helmet
  a +0 animal skin
  a +0 mace
(0, 5, D:2)
  a +0 dagger
(3, 25, D:2)
  a bat corpse (skeletalised by now)
(6, -15, D:2)
  a +0 club
(8, -15, D:2)
  a +0 sling
  a +0 club
  a goblin corpse (skeletalised by now)
(9, -15, D:2)
  a +0 club
  a goblin corpse (skeletalised by now)
(10, 11, D:2)
  5 stones
(18, -12, D:2)
  a +0 club
  5 stones
(19, 5, D:2)
  5 stones
(29, 18, D:2)
  a +0 mace
(33, 2, D:2)
  a +0 dagger
(42, -7, D:2)
  3 stones
(43, 12, D:2)
  a +0 robe
(46, -5, D:2)
  8 stones
(52, 7, D:2)
  6 stones
(52, 16, D:2)
  a +0 barding

Level 3 of the Dungeon
(0, 0, D:3)
  7 gold pieces
  a +0 short sword
(4, -1, D:3)
  a +0 club
  a +0 leather armour
(10, 5, D:3)
  a +0 dagger
(19, 1, D:3)
  a +0 club
(20, 1, D:3)
  a +0 whip
  a +0 leather armour
  a +0 hand axe
  an orc corpse
(21, 1, D:3)
  a +0 mace
  an orc corpse
(22, 29, D:3)
  2 large rocks
(37, -21, D:3)
  a quokka corpse

