code2828

Level 1 of the Dungeon
(1, -1, D:1)
  a +0 club
(3, -4, D:1)
  a +0 whip
(12, 10, D:1)
  a +0 club
(16, 12, D:1)
  a +0 leather armour
(17, 12, D:1)
  a +0 flail
(19, 13, D:1)
  a +0 whip
(30, -11, D:1)
  2 poisoned darts
(32, -6, D:1)
  a +0 club
(33, 28, D:1)
  a +0 dagger
(34, 14, D:1)
  a +0 dagger
(38, -18, D:1)
  a +0 whip
(44, 12, D:1)
  a +0 whip

Level 2 of the Dungeon
(0, 0, D:2)
  a +0 spear
(2, 17, D:2)
  9 stones
(4, 16, D:2)
  a +0 club
  a +0 hunting sling
(10, 15, D:2)
  a +0 ring mail

Level 3 of the Dungeon
[Shop] Zin's Purification Station
  a potion of curing (90 gold)
(11, -16, D:3)
  a +0 robe
  a +0 dagger
(24, 21, D:3)
  a +0 dagger
  a +0 hunting sling
(27, 24, D:3)
  a +0 robe
(27, 26, D:3)
  a +0 club
  a +0 leather armour
(27, 27, D:3)
  a +0 short sword
  a +0 short sword

Level 4 of the Dungeon
(2, -29, D:4)
  a +0 dagger

Level 6 of the Dungeon
(0, 0, D:6)
  an adder corpse
(14, 10, D:6)
  14 gold pieces
(16, 10, D:6)
  a +0 scale mail

Level 7 of the Dungeon
(0, 0, D:7)
  a +0 dagger
  a +0 dagger
  a +0 club
  a +0 dagger
  a +0 club
  a kobold corpse (skeletalised by now)
  a kobold corpse (skeletalised by now)
  a kobold corpse (skeletalised by now)
(1, -1, D:7)
  a +0 short sword
  a +0 dagger
  a kobold corpse (skeletalised by now)

