code2828

Level 1 of the Dungeon
[Shop] Gomumaem's General Store
  a +0 hand axe (39 gold)
  3 stones (3 gold)
  a scroll of fear (52 gold)
  the +9 heavy crossbow "Sniper" {vorpal, Acc+∞ SInv} (925 gold)
    Any ammunition fired from it inflicts extra damage upon your enemies.
    
    Any ammunition fired from it never misses its target.
    
    SInv:      It lets you see invisible.
  a +0 falchion (39 gold)
  a +1 helmet (149 gold)
  a ring of willpower (325 gold)
(0, 0, D:1)
  a +0 dagger
(25, -5, D:1)
  5 stones
(29, 0, D:1)
  7 stones
(31, -25, D:1)
  a +0 dagger
(50, -5, D:1)
  a +0 dagger
(57, -12, D:1)
  a +0 leather armour
(64, -7, D:1)
  a +0 club

Level 2 of the Dungeon

