code2828

Level 1 of the Dungeon
(0, 0, D:1)
  a +0 club
(4, 40, D:1)
  a +0 leather armour
(7, 32, D:1)
  4 stones
(21, 28, D:1)
  5 stones
(24, 2, D:1)
  4 stones
(25, 10, D:1)
  a +0 whip
(33, 0, D:1)
  a +0 short sword
(34, 20, D:1)
  a +0 club
(42, 34, D:1)
  a +0 dagger

Level 2 of the Dungeon
(0, 0, D:2)
  a +0 trident
(4, 46, D:2)
  6 atropa-tipped darts
(31, 14, D:2)
  a +0 whip
(31, 30, D:2)
  an adder corpse (skeletalised by now)
(36, 8, D:2)
  a +0 club
  2 stones

Level 3 of the Dungeon
(0, 0, D:3)
  a scroll of fear
(6, -8, D:3)
  a +0 hand axe
  a +0 leather armour
  an orc corpse

