code2828

Level 1 of the Dungeon
(0, 0, D:1)
  a +0 short sword
  3 stones
(23, -12, D:1)
  a +0 spear
(28, 27, D:1)
  a +0 dagger
(33, 20, D:1)
  a +0 dagger
(37, 26, D:1)
  a +0 robe
(38, 29, D:1)
  a +0 club
(39, -13, D:1)
  a +0 dagger
(40, -9, D:1)
  a book of Burglary
(46, 14, D:1)
  5 stones
(48, -10, D:1)
  6 stones

Level 2 of the Dungeon
(0, 0, D:2)
  2 stones
(4, 28, D:2)
  a +0 mace
(5, 33, D:2)
  a +0 short sword
(7, 23, D:2)
  a +0 whip
(12, 33, D:2)
  6 poisoned darts
(22, 16, D:2)
  a +0 spear
(38, 2, D:2)
  a +0 dagger
(49, 3, D:2)
  a +0 long sword
(52, 27, D:2)
  5 stones

Level 3 of the Dungeon
(0, 0, D:3)
  a +0 mace
  a +0 short sword
  an orc corpse
(0, 4, D:3)
  a potion of attraction
(1, -2, D:3)
  a potion of heal wounds
(4, -2, D:3)
  5 stones

