code2828

Level 1 of the Dungeon
(0, 0, D:1)
  a +0 dagger
(20, 36, D:1)
  a +0 club
(24, 59, D:1)
  a +0 dagger
(26, 40, D:1)
  6 stones
(31, 29, D:1)
  a stone
(35, 27, D:1)
  a +0 whip
  3 stones
(36, 59, D:1)
  a +0 dagger
(50, 53, D:1)
  a +0 spear
(62, 46, D:1)
  a +0 dagger

Level 2 of the Dungeon
(0, 0, D:2)
  5 stones
(10, 26, D:2)
  a +0 spear
(11, 6, D:2)
  a +0 short sword
  a kobold corpse (skeletalised by now)
(14, 34, D:2)
  a +0 mace
(17, -2, D:2)
  a +0 chain mail
(20, 26, D:2)
  a +0 dagger
(26, 27, D:2)
  a +0 leather armour
(31, 4, D:2)
  a +0 robe
(33, 4, D:2)
  8 stones
(45, 7, D:2)
  a +0 dagger
(62, 12, D:2)
  a +0 dagger

Level 3 of the Dungeon
(0, 0, D:3)
  a curare-tipped dart
(1, 0, D:3)
  a poisoned dart
(3, -2, D:3)
  a +0 ring mail
(4, -2, D:3)
  a poisoned dart
(5, -12, D:3)
  an orb of guile
  (unseen)
(6, -3, D:3)
  2 poisoned darts
  a +0 club
  an orc corpse
(6, -2, D:3)
  a curare-tipped dart
  a +0 club
  2 stones
  a scroll of fear
(7, -5, D:3)
  a +0 short sword
  an orc corpse
(7, -4, D:3)
  a +0 halberd
  a +0 flail
  a +0 leather armour
  a +0 hand axe
  a bat corpse
  an adder corpse
  a gnoll corpse
  an orc corpse
  a frilled lizard corpse
  a hobgoblin corpse
(7, -3, D:3)
  2 poisoned darts
(7, -2, D:3)
  a poisoned dart
(7, -1, D:3)
  a poisoned dart
(7, 0, D:3)
  2 poisoned darts
(8, -10, D:3)
  a poisoned dart
(8, -5, D:3)
  a giant cockroach corpse
(8, 1, D:3)
  2 poisoned darts
(14, -4, D:3)
  a +0 ring mail
(14, -2, D:3)
  a +0 flail
(15, -14, D:3)
  13 gold pieces

