code2828

Level 1 of the Dungeon
[Shop] Odwi Tifest's Book Emporium
  a manual of Armour (800 gold)
  a book of Dreams (240 gold)
  a book of the Hunter (260 gold)
  the Precepts of Dislocated Stolen Souls (340 gold)
    Spells                            Type                      Level
     a - Kiss of Death                 Conjuration/Necromancy        1
     b - Vampiric Draining             Necromancy                    3
     c - Anguish                       Hexes/Necromancy              4
     d - Summon Forest                 Summoning/Translocation       5
  a book of Touch (220 gold)
  Great Wizards, Vol. II (380 gold)
  a There-And-Back Book (300 gold)
  a book of the Sky (440 gold)
  a book of Annihilations (600 gold)
  a book of Minor Magic (180 gold)
(0, 0, D:1)
  5 boomerangs
(10, -27, D:1)
  a +0 spear
(12, -19, D:1)
  a +0 mace
(20, -37, D:1)
  a +0 hand axe
(20, -36, D:1)
  a +0 robe
(22, -9, D:1)
  a +0 club
(27, 12, D:1)
  a +0 club
(31, -17, D:1)
  a +0 mace
(44, -25, D:1)
  a +0 whip
(44, -23, D:1)
  4 stones
(51, -20, D:1)
  a +0 leather armour

Level 2 of the Dungeon
(0, 0, D:2)
  a +0 club
(8, 37, D:2)
  a +0 dagger
(15, 50, D:2)
  3 stones
(17, 26, D:2)
  a +0 club
(19, 2, D:2)
  a stone
  a +0 club
(20, 1, D:2)
  a +0 whip
  a +0 robe
(20, 49, D:2)
  a +0 short sword
(32, 11, D:2)
  a +0 dagger

Level 3 of the Dungeon
(8, 12, D:3)
  5 stones
(22, 26, D:3)
  2 stones
(25, 37, D:3)
  a +0 mace
(27, 22, D:3)
  7 stones
(29, 4, D:3)
  a +0 scale mail
(35, 0, D:3)
  a +0 dagger
(35, 21, D:3)
  a +0 short sword
(48, -1, D:3)
  a +0 scale mail
(54, 0, D:3)
  5 stones

Level 4 of the Dungeon
(0, 0, D:4)
  a goblin corpse
(0, 1, D:4)
  a +0 club
  an orc corpse
  a bullfrog corpse
(2, 0, D:4)
  a +1 robe of fire resistance
(6, 5, D:4)
  a +0 club
(12, -10, D:4)
  a +0 dagger
  a +0 sling
  a goblin corpse

