code2828

Level 1 of the Dungeon
(5, -11, D:1)
  a +0 whip
(16, 11, D:1)
  a +0 whip
  a +0 dagger
(23, -4, D:1)
  6 stones
(25, -13, D:1)
  7 stones
(31, -9, D:1)
  a +0 club

Level 2 of the Dungeon
(0, 0, D:2)
  a +0 short sword
(1, 18, D:2)
  a rat corpse (skeletalised by now)
(3, -1, D:2)
  9 stones
(3, 40, D:2)
  a +0 club
  a frilled lizard corpse (skeletalised by now)
(19, 5, D:2)
  a +0 leather armour
(21, -1, D:2)
  a +0 leather armour
(25, -2, D:2)
  a +0 dagger
  a kobold corpse
(38, -4, D:2)
  an adder corpse
(39, -4, D:2)
  a +0 club
  4 stones
  a kobold corpse
(39, -1, D:2)
  a +0 club

Level 3 of the Dungeon
(0, 0, D:3)
  a jackal corpse
(3, 8, D:3)
  6 gold pieces
(5, 3, D:3)
  a potion of curing

