code2828

Level 1 of the Dungeon
[Shop] Vuxugar's General Store
  a scroll of enchant armour (75 gold)
  6 stones (6 gold)
  a +0 ring mail (40 gold)
  a +2 dagger of venom (144 gold)
  6 stones (6 gold)
  2 potions of lignification (60 gold)
  2 scrolls of immolation (80 gold)
  a scroll of noise (10 gold)
(0, 0, D:1)
  a +0 ring mail
(3, 11, D:1)
  a +0 club
(7, -4, D:1)
  a +0 spear
(7, -3, D:1)
  a +0 robe
(7, -1, D:1)
  4 stones
(7, 16, D:1)
  a +0 leather armour
(15, 9, D:1)
  a +0 dagger
(17, 18, D:1)
  a +0 barding
(19, 4, D:1)
  a +0 scale mail
(25, 1, D:1)
  a +0 hand axe
(25, 20, D:1)
  a +0 club
(33, -15, D:1)
  a +0 club
(34, -16, D:1)
  6 stones
(43, 11, D:1)
  a +0 short sword
(49, 17, D:1)
  a +0 pair of boots
(53, 10, D:1)
  a +0 sling

Level 2 of the Dungeon
(0, 0, D:2)
  a bat corpse (skeletalised by now)
(3, -18, D:2)
  5 stones
(4, -12, D:2)
  a quokka corpse (skeletalised by now)
(5, -13, D:2)
  a +0 short sword
(8, -25, D:2)
  a +0 leather armour
(13, -24, D:2)
  a +0 club
  a goblin corpse
(14, 5, D:2)
  a +0 chain mail
(16, 0, D:2)
  a quokka corpse (skeletalised by now)
(31, -12, D:2)
  3 stones
(31, -8, D:2)
  a giant cockroach corpse
(33, -31, D:2)
  a +0 robe
(38, -23, D:2)
  a +0 short sword
  2 stones
(38, -9, D:2)
  a hobgoblin corpse

