code2828

Level 1 of the Dungeon
(0, 0, D:1)
  a +0 hand axe
(4, -16, D:1)
  a +0 club
(4, -11, D:1)
  a +0 robe
(4, 12, D:1)
  a +0 dagger
(6, -10, D:1)
  a +0 hand axe
(19, 0, D:1)
  a +0 robe
  5 stones
(20, -2, D:1)
  a +0 robe
(22, -6, D:1)
  a +0 whip of electrocution
(26, 20, D:1)
  a +0 club
(34, -10, D:1)
  a +0 spear
(42, 12, D:1)
  a +0 club

Level 2 of the Dungeon
(0, 0, D:2)
  a +0 short sword
(3, -51, D:2)
  a +0 spear
(6, -10, D:2)
  a +0 dagger
(21, -6, D:2)
  a +0 short sword
(45, -32, D:2)
  7 stones
(50, 4, D:2)
  a +0 dagger

Level 3 of the Dungeon
(5, -18, D:3)
  a +0 hand axe
(9, -6, D:3)
  a +0 club
  a +0 leather armour
(14, -19, D:3)
  4 atropa-tipped darts
(19, -24, D:3)
  a +0 club
(23, -10, D:3)
  4 stones
(26, 4, D:3)
  a +0 sling
(27, -12, D:3)
  a +3 whip of venom
  3 stones
(32, -25, D:3)
  a +0 ring mail
  a +2 mace of protection
(36, 7, D:3)
  a +0 whip
  a +0 robe
(38, -18, D:3)
  a +0 short sword
(38, -12, D:3)
  a +0 dagger
(38, -7, D:3)
  a +0 robe
(51, -5, D:3)
  a +0 leather armour
(53, -11, D:3)
  a +0 robe
(57, -4, D:3)
  7 stones

Level 4 of the Dungeon
(0, 0, D:4)
  a +0 dagger
(1, -2, D:4)
  a staff of cold
(4, -7, D:4)
  an orb of wrath
(20, -26, D:4)
  a +0 dagger
(27, 9, D:4)
  2 curare-tipped darts

Level 5 of the Dungeon
(0, 0, D:5)
  2 poisoned darts
(17, -8, D:5)
  8 stones
(19, -8, D:5)
  a staff of cold
(26, -1, D:5)
  a +0 quarterstaff
(28, 12, D:5)
  a +0 scale mail
(31, 8, D:5)
  a ring of poison resistance
(48, 13, D:5)
  8 stones
(54, -4, D:5)
  a +0 robe
(55, -6, D:5)
  a +0 rapier

Level 6 of the Dungeon
(0, 0, D:6)
  a +0 sling
(28, 8, D:6)
  a +0 club
  a +0 scale mail
(29, 8, D:6)
  a +0 club
  3 boomerangs
  a +0 chain mail
  a +0 dagger
(32, -9, D:6)
  a +0 vorpal trident
(42, 5, D:6)
  8 stones

Level 7 of the Dungeon
(0, 0, D:7)
  a +0 hand axe
  a +0 hand axe
  a +0 hand axe
  a +0 hand axe
(1, 38, D:7)
  a +0 whip
  a +0 leather armour
(1, 39, D:7)
  a +0 dagger
  a +0 robe
  a +0 morningstar
  a +0 plate armour
  a +2 dagger of flaming
(3, 12, D:7)
  a +0 hand axe
(4, 10, D:7)
  a +0 robe
  a +0 dagger
(4, 12, D:7)
  a +0 robe
  a +0 dagger
(5, 12, D:7)
  a +0 dagger
(7, -13, D:7)
  5 stones
(11, -14, D:7)
  a +0 spear
(18, 7, D:7)
  a +0 hammer
(19, 4, D:7)
  a +3 quarterstaff of chaos
  a +0 cloak
(27, -20, D:7)
  a +2 spectral quarterstaff
(35, 30, D:7)
  a +2 ring mail of fire resistance
(42, -3, D:7)
  a +0 dagger
(46, 33, D:7)
  a +0 shortbow
(49, 18, D:7)
  7 stones

Level 8 of the Dungeon
(0, 0, D:8)
  a +5 flail
  a +0 robe
  a +0 scimitar
  a +0 robe
(1, -37, D:8)
  a +0 flail
(1, -4, D:8)
  a +0 dire flail
  a +0 robe
(1, -1, D:8)
  a +1 hand axe
  a +0 robe of fire resistance
(4, -41, D:8)
  a +0 robe
(7, -4, D:8)
  a +0 flail
  a +0 robe
(9, -25, D:8)
  a +0 short sword
(12, -29, D:8)
  5 stones
(27, -28, D:8)
  a +0 spear
(27, -27, D:8)
  a +0 spear
(27, -26, D:8)
  a +0 flail
  a +0 club
  a +0 leather armour
  a +0 club
  a +0 club
(28, -32, D:8)
  a +0 dagger
  7 stones
  a +0 ring mail
(28, -30, D:8)
  a +0 club
  2 stones
  a +0 dagger
  a +0 short sword
  12 poisoned darts
(28, -29, D:8)
  a +2 short sword of draining
  a +0 dagger
(28, -28, D:8)
  a +0 short sword
  a stone
  a +0 ring mail
(30, -28, D:8)
  a +1 whip of draining
(32, -35, D:8)
  a +0 shortbow
(42, -30, D:8)
  4 stones
(44, -32, D:8)
  a +4 ring of evasion
(44, -30, D:8)
  a scroll of identify

