code2828

Level 1 of the Dungeon
(0, 0, D:1)
  a +0 whip
(0, 9, D:1)
  a +0 short sword
(0, 12, D:1)
  a +1 whip of venom
(1, 40, D:1)
  2 stones
(6, 48, D:1)
  a +0 short sword
(13, 40, D:1)
  a +0 short sword
(26, 34, D:1)
  a +0 leather armour
(52, 16, D:1)
  a +0 dagger
(52, 41, D:1)
  a +0 whip
(54, 64, D:1)
  a +0 ring mail of willpower

Level 2 of the Dungeon
(0, 0, D:2)
  a +0 robe
(2, -24, D:2)
  a +0 robe
(3, 4, D:2)
  3 poisoned darts
(9, -15, D:2)
  a +0 club
(10, -9, D:2)
  a +2 whip of venom
  11 stones
(11, -5, D:2)
  a +0 dagger
(13, -28, D:2)
  a +0 club
(16, 14, D:2)
  a +0 dagger
(38, -17, D:2)
  6 stones
(40, -21, D:2)
  a +0 dagger

Level 3 of the Dungeon
(6, 22, D:3)
  a +0 whip
(7, 22, D:3)
  a +0 short sword
  6 poisoned darts
(20, -20, D:3)
  a +0 dagger
  a +0 animal skin
(21, -31, D:3)
  a +2 pair of gloves
(23, -18, D:3)
  2 potions of degeneration
(26, -28, D:3)
  a +0 ring mail
(34, -32, D:3)
  a +0 short sword
(35, -30, D:3)
  4 stones
(54, -25, D:3)
  a +0 dagger

Level 4 of the Dungeon
(0, 0, D:4)
  a potion of degeneration
(1, -2, D:4)
  a +0 dagger
(2, 20, D:4)
  a +0 helmet
(3, 15, D:4)
  a +0 mace
(12, -16, D:4)
  4 stones
(15, 9, D:4)
  a +0 club
(16, 9, D:4)
  a +0 leather armour
  a +0 short sword
(23, 14, D:4)
  a +0 rapier
  2 stones
  a +0 scale mail
(25, -10, D:4)
  a +0 dagger
(32, 0, D:4)
  a +0 short sword
(33, -15, D:4)
  a +0 long sword
(34, -9, D:4)
  a +0 rapier
  a +0 leather armour
(39, 19, D:4)
  5 stones

Level 5 of the Dungeon
(0, 0, D:5)
  a +0 chain mail
(2, -20, D:5)
  a +0 giant spiked club
(6, 12, D:5)
  a +0 war axe
(7, -6, D:5)
  a +0 short sword
  a +0 shortbow
  a stone
(9, -20, D:5)
  a +0 leather armour
  a +0 mace
(10, -20, D:5)
  a +0 club
(11, -20, D:5)
  a +0 leather armour
  a +0 flail
(19, -15, D:5)
  a +2 pair of boots
(32, -15, D:5)
  a +0 leather armour
  a +0 club
(39, -16, D:5)
  a +0 leather armour
(42, -12, D:5)
  a +0 helmet

Level 6 of the Dungeon
(0, 0, D:6)
  a scroll of summoning
(1, -3, D:6)
  14 gold pieces
(1, 0, D:6)
  14 gold pieces
(1, 1, D:6)
  a potion of curing
(18, -14, D:6)
  5 stones
(20, 25, D:6)
  a +0 dagger
  5 stones
  a +0 ring mail
(21, 23, D:6)
  a +1 vorpal falchion
  a curare-tipped dart
(23, 21, D:6)
  a +0 dagger
(24, 16, D:6)
  a +0 sling
(26, 12, D:6)
  a +0 broad axe
(29, -9, D:6)
  a +0 robe
  a +2 trident
(30, -8, D:6)
  a +0 robe
  a +1 short sword of venom
(31, -16, D:6)
  a +0 dagger
(31, -8, D:6)
  the +7 sling "Bialunom" {elec, rN+ rCorr Int+3}
    Any ammunition fired from it occasionally discharges a powerful burst of
    electricity upon striking a foe.
    
    Int:       It affects your intelligence (+3).
    rN:        It protects you from negative energy.
    rCorr:     It protects you from acid and corrosion.
  a +0 long sword
  a +0 robe
(32, 6, D:6)
  a +0 ring mail
(35, -11, D:6)
  a +0 robe
  a +0 battleaxe
(44, -1, D:6)
  a +0 club
(46, -11, D:6)
  a +0 dagger
  a +0 robe
  a +0 short sword
  a +0 hand axe
  a +0 club
  a +0 hand axe
  a +0 dagger
  a +0 robe
  a +0 short sword of protection
(47, -11, D:6)
  a +1 dagger of draining
  a +0 robe
  a +0 dagger
  a +0 robe
(47, 17, D:6)
  a +0 short sword
(50, 11, D:6)
  a +0 short sword

Level 7 of the Dungeon
(0, 0, D:7)
  a +0 club
(14, 23, D:7)
  a +0 dagger
(18, -6, D:7)
  a +0 spear
(19, -11, D:7)
  a +0 sling
  a +0 ring mail
  a potion of degeneration
(32, -5, D:7)
  a +0 glaive
(32, 1, D:7)
  a +0 dagger
  a +0 robe
(34, -3, D:7)
  a +0 rapier
  a +1 ring mail of poison resistance
(35, 0, D:7)
  a +0 flail
  a +0 whip
  a +0 club
  a +0 whip
  a +0 leather armour
  a +0 spear
(36, 1, D:7)
  a +0 spear
(42, 1, D:7)
  an amulet of reflection
(46, -5, D:7)
  a scroll of teleportation
(48, -6, D:7)
  a scroll of identify
(60, 13, D:7)
  a +0 spear
(60, 14, D:7)
  a +0 spear
(61, 14, D:7)
  a +0 spear
(61, 15, D:7)
  a +0 spear

Level 8 of the Dungeon
[Shop] Maas's Armour Shop
  a +0 robe (8 gold)
  a +0 chain mail (54 gold)
  the +1 chain mail of Midsummer {rC++ Dex+5 Stlth+} (567 gold)
    Dex:       It affects your dexterity (+5).
    rC:        It greatly protects you from cold.
    Stlth:     It makes you more stealthy.
  a +0 robe (8 gold)
  a +0 leather armour (24 gold)
  a +0 pair of boots (54 gold)
(8, -37, D:8)
  a +0 robe
(11, -34, D:8)
  a +0 cloak
(19, -18, D:8)
  6 poisoned darts
(20, -18, D:8)
  the +11 arbalest "Iptitsoh" {antimagic, rF- rC+ rCorr Dex+4}
    It reduces the magical energy of the wielder, and disrupts the spells and
    magical abilities of those it strikes. Natural abilities and divine
    invocations are not affected.
    
    Dex:       It affects your dexterity (+4).
    rF:        It makes you vulnerable to fire.
    rC:        It protects you from cold.
    rCorr:     It protects you from acid and corrosion.
  (unseen)
(21, -25, D:8)
  a potion of degeneration
(21, -19, D:8)
  a scroll of vulnerability
(23, 4, D:8)
  a +0 scale mail
(24, -1, D:8)
  a +0 ring mail
(26, -24, D:8)
  a wand of quicksilver (5)
(27, -34, D:8)
  a +0 quarterstaff
(27, -18, D:8)
  a +0 sling
(27, -2, D:8)
  a killer bee corpse
  a killer bee corpse
(28, -43, D:8)
  a +0 shortbow
(33, -8, D:8)
  6 stones
(37, -25, D:8)
  a +3 mace
  a +0 robe
(38, -24, D:8)
  a +0 robe
  a +1 falchion of draining
  a +0 robe
(40, -22, D:8)
  a +0 ring mail
(42, -23, D:8)
  a +3 short sword
  a +0 robe
(53, -16, D:8)
  a +0 leather armour
(61, -18, D:8)
  a +0 leather armour

the Ecumenical Temple

