code2828

Level 1 of the Dungeon
(0, 0, D:1)
  2 stones
  a +0 club
(12, 17, D:1)
  a +0 club
  3 stones
(14, 16, D:1)
  a +0 club
(19, 7, D:1)
  a +0 short sword
(25, 2, D:1)
  4 stones
(25, 27, D:1)
  a +0 chain mail
(29, -11, D:1)
  a +0 whip
(31, -7, D:1)
  2 stones
(31, 4, D:1)
  a +0 club
(31, 34, D:1)
  2 stones
(33, 9, D:1)
  a +0 dagger
(34, 7, D:1)
  a +0 short sword
  3 stones
(43, 3, D:1)
  5 stones
(45, -12, D:1)
  4 stones
(56, -7, D:1)
  a +0 dagger
  2 stones
(56, 11, D:1)
  4 stones

Level 2 of the Dungeon
(0, 0, D:2)
  a +0 sling
  a +0 dagger
(3, -38, D:2)
  a +0 dagger
(4, 3, D:2)
  a scarf of resistance
(7, -40, D:2)
  a +0 mace
(8, -30, D:2)
  a +0 robe
(10, -43, D:2)
  a +0 robe
(13, -9, D:2)
  a +0 whip
  a +0 leather armour
  a ring of poison resistance
(31, -41, D:2)
  a +0 mace
(31, -15, D:2)
  5 stones
(40, -17, D:2)
  a +0 shortbow
(42, -11, D:2)
  a +0 dagger
(48, -12, D:2)
  a +0 dagger
  4 stones
(48, -9, D:2)
  a +0 helmet
(50, -7, D:2)
  2 poisoned darts
(57, 2, D:2)
  a +0 hammer

Level 3 of the Dungeon
(0, 0, D:3)
  a +0 flail
(2, 11, D:3)
  a +0 whip
(11, -29, D:3)
  a +0 short sword
(14, 15, D:3)
  2 poisoned darts
(19, 14, D:3)
  5 stones
(21, 6, D:3)
  2 poisoned darts
(24, 14, D:3)
  a +0 short sword
(39, -20, D:3)
  2 stones
(42, 0, D:3)
  a potion of lignification
(51, -21, D:3)
  a +0 tower shield
(53, 29, D:3)
  3 stones
(56, 27, D:3)
  a +0 spear
  a +0 spear
(56, 28, D:3)
  a +0 whip

