code2828

Level 1 of the Dungeon
[Shop] Xuuw's Book Shop
  a manual of Throwing (880 gold)
  a book of the Moon (440 gold)
  a book of Debilitation (220 gold)
  an Inescapable Atlas (352 gold)
  a book of Scorching (330 gold)
  a book of Changes (198 gold)
  a There-And-Back Book (330 gold)
(0, 0, D:1)
  a +0 sling
(1, -28, D:1)
  a +0 club
(2, -21, D:1)
  a +0 club
(8, 8, D:1)
  a +0 dagger
(14, -10, D:1)
  7 stones
(17, -28, D:1)
  a +0 hand axe
(20, 6, D:1)
  a +0 robe
(27, -6, D:1)
  a +0 mace
(32, 8, D:1)
  a stone
(39, -17, D:1)
  a +0 hand axe
(40, 0, D:1)
  a +0 pair of gloves
(48, -14, D:1)
  a +0 short sword
(48, 4, D:1)
  a +0 leather armour
(49, -16, D:1)
  a +0 mace

Level 2 of the Dungeon
(0, 0, D:2)
  a +0 leather armour
(1, -1, D:2)
  a +0 club
(4, 3, D:2)
  a +2 heavy spear
(6, -27, D:2)
  a +0 club
(7, -27, D:2)
  a +0 short sword
  4 stones
(21, -13, D:2)
  6 stones
(28, -31, D:2)
  a +0 robe
(38, -34, D:2)
  a +0 whip
(41, -20, D:2)
  a +0 robe
(46, -41, D:2)
  6 poisoned darts

Level 3 of the Dungeon
[Shop] Leta's Antique Weapon Emporium
  a +3 heavy war axe (582 gold)
  a +0 dagger (50 gold)
  a +1 spectral quarterstaff (425 gold)
  a +0 hand axe (75 gold)
  a +0 club (25 gold)
  the +10 whip "Lod Nyxo" {speed, *Slow rF+ rC++ Int+3 SInv} (2347 gold)
    Attacks with this weapon are significantly faster.
    
    Int:       It affects your intelligence (+3).
    rF:        It protects you from fire.
    rC:        It greatly protects you from cold.
    SInv:      It lets you see invisible.
    *Slow:     It may slow you when you take damage.
  a +0 sling of flaming (117 gold)
  a +0 club (25 gold)
[Shop] Givi's Assorted Antiques
  a potion of flight (78 gold)
  a staff of fire (650 gold)
  a +0 great mace (169 gold)
  3 scrolls of fog (312 gold)
  a potion of might (104 gold)
  a +2 heavy mace (452 gold)
  a +0 great sword (169 gold)
  a +0 hand axe (78 gold)
[Shop] Vues's Weapon Boutique
  a +0 war axe (45 gold)
  a +0 glaive (84 gold)
  a +0 whip (32 gold)
  a +0 trident (45 gold)
  a +5 quarterstaff of pain (481 gold)
  a +0 sling (19 gold)
  a +0 spear (39 gold)
  4 silver javelins (124 gold)
(5, -1, D:3)
  a +0 ring mail
(5, 44, D:3)
  a +2 dagger of venom
(12, 12, D:3)
  4 stones
(16, 44, D:3)
  the +0 robe of Jiky {+Blink rF++ rN+ Str-4}
    Str:       It affects your strength (-4).
    rF:        It greatly protects you from fire.
    rN:        It protects you from negative energy.
    +Blink:    It lets you blink.
(18, 36, D:3)
  a +0 dagger
(24, 25, D:3)
  6 stones
(26, 0, D:3)
  8 stones
(26, 1, D:3)
  a +0 club
(27, 34, D:3)
  a +0 mace
(29, 9, D:3)
  a +0 dagger
  2 stones
(33, 34, D:3)
  a +0 dagger
(46, 12, D:3)
  a +0 scale mail

Level 4 of the Dungeon
(7, 6, D:4)
  a +0 leather armour
(12, 20, D:4)
  a +0 war axe
(13, 40, D:4)
  3 stones
(18, 10, D:4)
  a +0 mace
(19, 10, D:4)
  5 stones
(22, 17, D:4)
  a +0 whip
(27, 41, D:4)
  a +0 quarterstaff
(27, 48, D:4)
  4 stones
(39, 13, D:4)
  a potion of brilliance
(44, 22, D:4)
  a worm corpse
(45, 16, D:4)
  an adder corpse
(48, 14, D:4)
  an iguana corpse
(53, 20, D:4)
  7 stones
(61, 32, D:4)
  a +0 robe

