code2828

Level 1 of the Dungeon
(0, 0, D:1)
  a +0 spear
(5, -2, D:1)
  a +0 club
(12, 14, D:1)
  a +0 club
(30, 26, D:1)
  a +0 dagger
(32, 26, D:1)
  a +0 dagger
(33, 40, D:1)
  5 stones
(47, 9, D:1)
  a +0 robe
(60, -6, D:1)
  a +0 whip

Level 2 of the Dungeon
(16, -1, D:2)
  a +0 club
(35, -5, D:2)
  a +0 club
(41, -18, D:2)
  8 stones
(43, -25, D:2)
  6 boomerangs
(43, 5, D:2)
  a +0 robe
(49, -13, D:2)
  5 gold pieces

Level 3 of the Dungeon
(0, 0, D:3)
  a +0 cloak
(0, 14, D:3)
  a +0 short sword
(1, 17, D:3)
  a +0 hand axe
(9, 17, D:3)
  a +0 falchion
(11, 9, D:3)
  a +0 dagger
(11, 10, D:3)
  a +0 club
  a +0 ring mail
(13, 1, D:3)
  a +0 whip
(13, 8, D:3)
  a +0 dagger
(13, 9, D:3)
  a +0 club
(14, 11, D:3)
  a +0 short sword
(15, 7, D:3)
  a +0 mace
(17, 23, D:3)
  a +0 dagger
(28, 14, D:3)
  a +0 dagger
(30, 15, D:3)
  a +0 falchion
(31, -1, D:3)
  a +0 sling
(31, 34, D:3)
  a +0 short sword
(36, 27, D:3)
  4 stones
  a +0 club
(38, 16, D:3)
  a +0 dagger
(39, 28, D:3)
  a +0 dagger
(40, 14, D:3)
  a +0 hand axe
(40, 16, D:3)
  a +0 spear

Level 4 of the Dungeon
(0, 0, D:4)
  a scroll of magic mapping
(12, -32, D:4)
  9 stones
(12, -3, D:4)
  a +0 chain mail
(18, -18, D:4)
  a +0 whip
(28, 0, D:4)
  a +0 club
(30, -20, D:4)
  a +0 dagger
(32, 2, D:4)
  a +0 whip
(34, 2, D:4)
  a +0 mace
  a +0 giant club
  a +0 scale mail
  a +0 hand axe
  a +0 scale mail
  a +0 robe
  a +0 dagger
  a +0 ring mail
  a +0 club
(35, -16, D:4)
  a +0 whip
(35, 1, D:4)
  a +0 robe
  a +0 club
(38, 2, D:4)
  a +0 robe
  5 stones
  a +1 dagger of venom
(40, 4, D:4)
  5 stones
(44, -17, D:4)
  the +1 helmet of Hiulene {rElec Will+ rCorr Str-4}
    Str:       It affects your strength (-4).
    rElec:     It insulates you from electricity.
    rCorr:     It protects you from acid and corrosion.
    Will:      It increases your willpower.

the Ecumenical Temple

