code2828

Level 1 of the Dungeon
(14, -34, D:1)
  a +0 club
(15, -13, D:1)
  8 stones
(16, -40, D:1)
  6 stones
(21, -24, D:1)
  5 stones
(26, -29, D:1)
  a +0 hand axe
(34, -18, D:1)
  4 curare-tipped darts
(47, -10, D:1)
  a +0 dagger
(50, -25, D:1)
  5 stones
(58, 1, D:1)
  a +0 sling

Level 2 of the Dungeon
(9, -20, D:2)
  6 stones
(33, 10, D:2)
  a +0 club
(35, -25, D:2)
  a +0 club
  4 stones
(40, -4, D:2)
  a +0 mace
(48, 12, D:2)
  a +0 dagger
(55, -11, D:2)
  a +0 whip

Level 3 of the Dungeon
(0, 0, D:3)
  a +0 short sword
(3, -8, D:3)
  a +0 club
  a goblin corpse
(4, -4, D:3)
  5 stones
(4, -1, D:3)
  a +0 chain mail
  a +0 mace
(5, -2, D:3)
  a +0 sling
(6, 1, D:3)
  3 scrolls of teleportation

