code2828

Level 1 of the Dungeon
(0, 0, D:1)
  a +0 leather armour
(10, -3, D:1)
  a +0 scale mail
(12, -3, D:1)
  a +0 short sword
  a +0 club
(13, 22, D:1)
  a +0 robe
(15, 18, D:1)
  a +0 dagger
(16, -7, D:1)
  a +0 dagger
  a +0 club
  a +0 dagger
  5 stones
(18, -5, D:1)
  3 stones
(22, -5, D:1)
  a +0 robe
(22, 14, D:1)
  a +0 hand axe
(26, -22, D:1)
  5 stones

Level 2 of the Dungeon
[Shop] Loshug's Vocational Training
  a manual of Invocations (1120 gold)
  a manual of Evocations (1120 gold)
(0, 0, D:2)
  a +0 hand axe
(5, -18, D:2)
  7 stones
(8, 3, D:2)
  a +0 scythe
  a +0 robe
(15, 3, D:2)
  a +0 dagger
(17, -13, D:2)
  a +0 war axe
(18, -5, D:2)
  a +0 robe
(22, -35, D:2)
  4 large rocks
(23, -9, D:2)
  a +0 mace
(24, -37, D:2)
  a +0 dagger
(32, 2, D:2)
  3 stones
(33, -18, D:2)
  a +0 rapier
(40, -2, D:2)
  a +0 dagger
(42, -15, D:2)
  a +0 mace of holy wrath

Level 3 of the Dungeon
(0, 0, D:3)
  a +0 leather armour
(2, 26, D:3)
  6 stones
(24, 1, D:3)
  a +0 hand axe
  a +0 leather armour
(24, 8, D:3)
  a +0 club
(32, 3, D:3)
  a +0 club
(34, -4, D:3)
  a +0 ring mail
(38, 3, D:3)
  a +0 whip
(43, 22, D:3)
  a +0 ring mail

Level 4 of the Dungeon
(0, 0, D:4)
  a +0 chain mail
  a +0 short sword
(2, 2, D:4)
  a +0 whip
(3, 2, D:4)
  a +0 spear
(4, 2, D:4)
  a +0 whip of pain
(7, -42, D:4)
  3 stones
(17, 4, D:4)
  a +0 spear
(23, -26, D:4)
  6 stones
(30, -43, D:4)
  a +0 great mace
(30, -26, D:4)
  a +0 whip
(32, -46, D:4)
  a +0 dagger
  a +0 sling
(32, -29, D:4)
  5 stones
(35, -2, D:4)
  a +0 short sword
(38, -23, D:4)
  a +0 great sword of electrocution
(42, -43, D:4)
  a +0 giant club
(53, -27, D:4)
  a +0 chain mail
(53, -21, D:4)
  a +0 rapier
(55, -50, D:4)
  a +0 robe

Level 5 of the Dungeon
(0, 0, D:5)
  5 stones
(23, -5, D:5)
  a +0 short sword
(32, -5, D:5)
  a +0 whip
  a +0 chain mail
(33, -5, D:5)
  a +0 club
(34, -5, D:5)
  a +0 hand axe
  a +0 leather armour
  a +0 morningstar
(36, -10, D:5)
  a +0 club
  a +0 chain mail
(36, 4, D:5)
  a +0 chain mail
(46, 6, D:5)
  a +0 whip
(50, -21, D:5)
  a +0 barding

Level 6 of the Dungeon
(1, -9, D:6)
  a +0 club
  a +0 mace
  a +0 hand axe
  a +0 mace
  a +0 club
  a +0 leather armour
(7, -25, D:6)
  a +0 dagger
  a +0 robe
(7, -23, D:6)
  a +1 vampiric rapier
  a +2 leather armour of cold resistance
(23, -28, D:6)
  a +0 robe
(24, -8, D:6)
  a +0 mace
(25, -8, D:6)
  a +0 club
  a +0 ring mail
(26, -29, D:6)
  a +1 short sword of speed
(26, -8, D:6)
  a +0 hand axe
  a +0 scale mail
(37, -35, D:6)
  an orb of energy
(51, -37, D:6)
  a +1 shortbow of freezing

Level 7 of the Dungeon
(0, 0, D:7)
  a +0 dagger
  a +0 leather armour
(11, -30, D:7)
  3 stones
(12, -1, D:7)
  a +0 spear
(22, 4, D:7)
  +0 steam dragon scales
(32, -2, D:7)
  a +0 flail
  6 javelins
  a +0 hand axe
  a +0 flail
  a +0 ring mail
  a +0 club
  a +0 club
  a +0 leather armour
  a +0 dagger
  a +0 robe
(33, -2, D:7)
  a +0 dagger
  a +0 robe
(35, -1, D:7)
  a +0 falchion
(40, -3, D:7)
  a +0 long sword
  +0 swamp dragon scales
(41, -5, D:7)
  a +0 shortbow
(45, -8, D:7)
  a +0 hand axe
(46, -7, D:7)
  6 stones
(47, -8, D:7)
  7 stones
(55, -2, D:7)
  12 gold pieces
(55, -1, D:7)
  11 gold pieces
(55, 0, D:7)
  14 gold pieces
(56, -2, D:7)
  17 gold pieces
(56, -1, D:7)
  15 gold pieces
(56, 0, D:7)
  9 gold pieces
(57, -1, D:7)
  20 gold pieces
(65, -5, D:7)
  a +0 hand axe
(65, -4, D:7)
  a +0 halberd
  a +0 plate armour
(65, -3, D:7)
  a +0 dagger
  a +0 flail
  a +0 ring mail

Level 8 of the Dungeon
(0, 0, D:8)
  a +0 long sword
(7, -21, D:8)
  a book of Spectacle
(8, -31, D:8)
  a +1 whip of freezing
  a +2 robe of willpower
(9, -33, D:8)
  7 stones
(9, -32, D:8)
  a +0 short sword
(9, -31, D:8)
  a +1 hand axe of draining
(9, -16, D:8)
  a +0 mace of protection
(9, -15, D:8)
  a +0 hand axe
  a +0 club
  a +0 leather armour
(10, -16, D:8)
  a +0 club
  a +0 scale mail
(17, -1, D:8)
  a +0 chain mail
(29, -31, D:8)
  a +0 dagger
  a +0 ring mail
(29, -7, D:8)
  a +0 club
  a boomerang
  a +0 club
  a +0 scimitar
  a +0 chain mail
  a +0 dagger of electrocution
  a +0 robe
(30, -31, D:8)
  a +0 falchion
  3 boomerangs of dispersal
  a +0 club
  a +0 leather armour
(34, -32, D:8)
  a +0 dagger
  a +0 robe
(34, -31, D:8)
  a +0 glaive
  a +0 plate armour
(39, -35, D:8)
  a +0 mace
(53, -26, D:8)
  a book of Vapours
(54, -38, D:8)
  a +0 club
(54, -28, D:8)
  a +0 shortbow

Level 9 of the Dungeon
(0, 0, D:9)
  a +1 shortbow of flaming
(8, -5, D:9)
  a +0 quarterstaff
(15, -11, D:9)
  3 stones
(22, 9, D:9)
  a +0 chain mail
(32, -2, D:9)
  a +0 mace
  a +0 leather armour
(33, 7, D:9)
  2 potions of degeneration
(36, -6, D:9)
  a +0 shortbow
(41, -25, D:9)
  a +0 dagger
  8 stones
  a +0 whip
  a +0 whip
  a +0 whip
  a +0 short sword
  a +0 whip
(41, -23, D:9)
  3 stones
  a +0 short sword
(41, -6, D:9)
  a +0 hand axe
(46, 12, D:9)
  a +0 hand axe
  a +0 leather armour
  a +0 club
  a +0 dagger
  a +0 robe
(47, 12, D:9)
  a +0 club
  a +0 leather armour

Level 10 of the Dungeon
(1, 20, D:10)
  a +0 spear
(3, -3, D:10)
  a +0 whip
  a +0 dagger
  a +0 robe
  a +0 hand axe
  a +0 leather armour
(5, -2, D:10)
  a +0 hand axe
(13, 20, D:10)
  a +0 dagger
(14, 19, D:10)
  a +1 dagger of speed
(14, 21, D:10)
  a +0 club
(14, 22, D:10)
  a +0 club
  a +0 short sword
(16, 16, D:10)
  the +2 robe "Diestryx" {Harm Int+4}
    Int:       It affects your intelligence (+4).
    Harm:      It increases damage dealt and taken.
(16, 24, D:10)
  a +0 club
(17, 24, D:10)
  a +0 club
  a +0 hand axe
  a +0 scale mail
(17, 32, D:10)
  a +0 chain mail
  a +0 glaive
(17, 33, D:10)
  a +0 robe
  a +0 dagger
  a +0 robe
  a +0 dagger
  a +0 flail
  a +0 robe
  a +0 dagger
  a +0 club
  a +0 ring mail
  a +0 hand axe
  a +0 robe
  a +0 dagger
(18, 26, D:10)
  a +0 battleaxe of electrocution
  a boomerang
  a +0 chain mail
(20, -13, D:10)
  a +0 leather armour
(33, 23, D:10)
  the +3 leather armour of the Toothy Cockatrice {Rampage Regen+ SInv Stlth-}
    SInv:      It lets you see invisible.
    Regen:     It increases your rate of health regeneration.
    Rampage:   It bestows one free step when moving towards enemies.
    Stlth:     It makes you less stealthy.
(41, -6, D:10)
  8 stones
(45, -15, D:10)
  a +0 scale mail
(53, 30, D:10)
  2 stones

Level 11 of the Dungeon
(0, 0, D:11)
  a yak corpse
(1, -6, D:11)
  a +0 pair of gloves
(30, -7, D:11)
  2 poisoned darts
(32, -11, D:11)
  a poisoned dart
(35, -11, D:11)
  a scroll of immolation
(37, -2, D:11)
  19 gold pieces
(38, -7, D:11)
  a +0 club
(38, -6, D:11)
  16 gold pieces

the Ecumenical Temple

