code2828

Level 1 of the Dungeon
[Shop] Dohepses's Antique Armour Shop
  a +0 leather armour (46 gold)
  a +0 ring mail (92 gold)
  a +0 pair of boots (103 gold)
  a +0 leather armour (46 gold)
  a +0 robe (16 gold)
  a +5 plate armour of ponderousness (575 gold)
  a +0 buckler (103 gold)
  the +0 scale mail of Amorality {Harm} (253 gold)
    Harm:      It increases damage dealt and taken.
  a +0 ring mail (92 gold)
  a +0 leather armour (46 gold)
  a +0 scale mail (92 gold)
(0, 0, D:1)
  a +0 robe
(15, 15, D:1)
  5 stones
(16, 8, D:1)
  a +0 short sword
(17, -12, D:1)
  a +0 robe
(22, 25, D:1)
  a +0 whip
(26, -21, D:1)
  4 stones
(26, -15, D:1)
  9 stones
(30, -23, D:1)
  7 stones
(33, -1, D:1)
  8 stones
(38, 3, D:1)
  a +0 dagger
(39, 8, D:1)
  a +0 spear
(40, 24, D:1)
  2 scrolls of teleportation
(44, 26, D:1)
  a +0 robe
(45, 5, D:1)
  6 stones
(45, 24, D:1)
  a +0 robe
  20 gold pieces
(45, 26, D:1)
  2 potions of lignification
(46, 24, D:1)
  a +0 falchion
(46, 25, D:1)
  a scroll of vulnerability
(46, 26, D:1)
  a scroll of teleportation
(47, 26, D:1)
  a scroll of poison

Level 2 of the Dungeon
(0, 0, D:2)
  3 stones
(5, -22, D:2)
  a book of Air
(7, 2, D:2)
  a rat corpse (skeletalised by now)
(10, -43, D:2)
  a +0 club
(22, -50, D:2)
  a +2 spear of flaming
(25, -55, D:2)
  a bat corpse
(33, -8, D:2)
  a +0 leather armour
  a scroll of vulnerability
(36, -56, D:2)
  a +0 whip
(42, -31, D:2)
  a hobgoblin corpse

