code2828

Level 1 of the Dungeon
(0, 0, D:1)
  a +0 club
(4, -11, D:1)
  a +0 leather armour
(7, -9, D:1)
  a +0 whip
  a stone
(8, -7, D:1)
  8 stones
(8, 5, D:1)
  a +0 whip
(9, 1, D:1)
  a +0 hand axe
(16, -18, D:1)
  a +0 robe
(16, 13, D:1)
  5 stones
(18, 13, D:1)
  4 stones
(22, -6, D:1)
  6 poisoned darts
(25, 0, D:1)
  a +0 short sword
(25, 1, D:1)
  a +0 short sword
(28, 6, D:1)
  a +0 robe
(30, 3, D:1)
  a stone
(50, 15, D:1)
  a +0 club

Level 2 of the Dungeon
(0, 0, D:2)
  a +0 club
(1, -23, D:2)
  a +0 quarterstaff
(2, 23, D:2)
  a +0 leather armour
(6, -19, D:2)
  a +0 dagger
(10, -12, D:2)
  a +0 dagger
(11, -13, D:2)
  a +0 club
(14, -7, D:2)
  a +0 club
(18, 0, D:2)
  a +0 war axe
(18, 2, D:2)
  4 stones
  a +0 dagger
(23, -5, D:2)
  a +0 halberd
(24, 7, D:2)
  3 large rocks
(31, -21, D:2)
  a +0 halberd
(32, -5, D:2)
  a +0 trident
(34, -18, D:2)
  a +0 dagger
(35, -18, D:2)
  a +0 hand axe
(41, -11, D:2)
  a +0 ring mail
(45, -22, D:2)
  a +0 club
  4 stones

Level 3 of the Dungeon
(0, 0, D:3)
  a +0 ring mail
(7, -30, D:3)
  a +0 club
  a +0 sling
  a +0 dagger
(7, -29, D:3)
  a +0 club
(7, -28, D:3)
  a +0 falchion
  a +0 animal skin
  a +0 helmet
(7, -25, D:3)
  a +0 dagger
  a +0 dagger
(11, -39, D:3)
  a +0 club
(11, -37, D:3)
  a +0 dagger
(11, -34, D:3)
  a +0 dagger

Level 5 of the Dungeon
(0, 0, D:5)
  a +0 plate armour
(22, 14, D:5)
  an adder corpse (skeletalised by now)
(27, 20, D:5)
  5 stones

Level 6 of the Dungeon
(0, 0, D:6)
  6 stones

