code2828

Level 1 of the Dungeon
(2, 17, D:1)
  a +0 dagger
(22, -13, D:1)
  a +0 hand axe
(24, -11, D:1)
  a +0 short sword
(27, -15, D:1)
  a +0 club
(35, -13, D:1)
  a +0 club
(43, -3, D:1)
  a +0 hand axe
(44, 8, D:1)
  a +0 club
(44, 10, D:1)
  a +0 dagger

Level 2 of the Dungeon
(1, -51, D:2)
  a +0 dagger
(5, -51, D:2)
  a +0 dagger
(6, -34, D:2)
  a +0 short sword
(8, -12, D:2)
  a +0 whip
(9, -34, D:2)
  a +0 dagger
(9, -31, D:2)
  a +0 short sword
(9, 2, D:2)
  7 stones
(10, -33, D:2)
  a ring of fire
(12, -34, D:2)
  a staff of death
(27, -2, D:2)
  a +0 dagger
(42, -13, D:2)
  a +0 dagger
(43, -13, D:2)
  a stone
(48, -24, D:2)
  4 stones
(48, -21, D:2)
  2 poisoned darts

Level 3 of the Dungeon
(0, 0, D:3)
  a +0 chain mail
(5, -7, D:3)
  a frilled lizard corpse (skeletalised by now)
(16, -3, D:3)
  a bat corpse
(22, -2, D:3)
  4 stones
(26, 10, D:3)
  a +0 flail
(27, 17, D:3)
  a +0 robe
(29, 23, D:3)
  a book of Geomancy
(33, 24, D:3)
  a +0 dagger
  2 boomerangs
  an orc corpse
(36, 22, D:3)
  a +0 dagger
  a +0 ring mail
(38, 27, D:3)
  5 gold pieces
(41, 22, D:3)
  a +0 dagger
  4 poisoned darts
(48, 26, D:3)
  13 gold pieces

