code2828

Level 1 of the Dungeon
(23, -10, D:1)
  4 stones
  a +0 dagger
(27, 9, D:1)
  a +0 dagger
(37, -12, D:1)
  a +0 ring mail
(41, 39, D:1)
  a +0 dagger
(43, 45, D:1)
  a staff of air

Level 2 of the Dungeon
(0, 0, D:2)
  a +0 dagger
(8, 6, D:2)
  3 stones
  a +0 whip
(12, 25, D:2)
  a +0 club
(14, 8, D:2)
  a +0 club
  5 stones
(20, 32, D:2)
  4 stones
(24, 27, D:2)
  a +0 animal skin
(26, 22, D:2)
  a +0 plate armour
(29, 15, D:2)
  a +0 whip
(30, 3, D:2)
  a +0 club
(31, 3, D:2)
  a +0 club
(31, 16, D:2)
  a +0 club
(33, 15, D:2)
  a +0 leather armour
  a +0 helmet
  a +0 mace
(35, 13, D:2)
  a +0 dagger
(38, 24, D:2)
  a +0 whip
(39, 32, D:2)
  a +0 dagger
(45, -3, D:2)
  a +0 dagger
  a stone

Level 3 of the Dungeon
(0, 0, D:3)
  5 stones
(10, -51, D:3)
  a +0 chain mail
(10, -41, D:3)
  6 poisoned darts
(10, -11, D:3)
  a +0 robe
(14, -41, D:3)
  a +0 ring mail
(14, -16, D:3)
  a +0 flail
(15, -6, D:3)
  a +0 whip
(16, -18, D:3)
  a +0 quarterstaff
(16, -9, D:3)
  a +0 ring mail
(31, -35, D:3)
  a +0 club
(31, -30, D:3)
  a +0 leather armour
  a +0 war axe
(33, -33, D:3)
  a +0 dagger
(33, -26, D:3)
  a +0 spear
(40, -48, D:3)
  a +0 dagger
(40, -30, D:3)
  a +1 flail of holy wrath
  a +0 spear
(47, -25, D:3)
  a +0 flail
  a +0 flail
(47, -24, D:3)
  a +0 whip
(52, -40, D:3)
  a +0 leather armour

Level 4 of the Dungeon
(0, 0, D:4)
  a +0 whip
  3 stones
(10, -10, D:4)
  a +0 falchion
(15, -9, D:4)
  a +0 club
(16, -7, D:4)
  a +0 dagger
(21, -9, D:4)
  a +0 spear
(22, -21, D:4)
  a +0 dagger
(30, 11, D:4)
  a +0 scale mail
(34, 16, D:4)
  a +0 dagger
  a +0 animal skin
(35, 18, D:4)
  a +0 dagger
(37, -14, D:4)
  a ring of fire
(39, 9, D:4)
  a +0 flail
  a +0 dagger
  a +0 robe
  a +0 flail
  a +0 dagger
  a +0 robe
(40, 9, D:4)
  a +0 halberd
(43, -9, D:4)
  a +0 robe
(45, 5, D:4)
  a +0 whip
(45, 6, D:4)
  a +0 whip
  a +0 robe
(46, -5, D:4)
  a +0 club
  a +0 whip
(52, 9, D:4)
  a +0 dagger

Level 5 of the Dungeon
(0, 0, D:5)
  a +0 quarterstaff
(6, -5, D:5)
  a +0 giant spiked club
(7, 20, D:5)
  a +0 dagger
(8, -10, D:5)
  a +0 war axe
(10, -11, D:5)
  a +0 falchion
(11, -12, D:5)
  a +0 hand axe
  a +0 ring mail
(12, -13, D:5)
  a +0 whip
  a +0 scale mail
(12, -12, D:5)
  a +0 short sword
  a +0 leather armour
(16, -18, D:5)
  a +0 scale mail
(17, -13, D:5)
  a +0 giant club
(25, -16, D:5)
  5 curare-tipped darts
(26, 28, D:5)
  5 silver javelins
(28, 21, D:5)
  a +0 leather armour
  a +0 flail
(32, -4, D:5)
  the +1 scale mail "Tunynt" {Harm MP+9 Dex+2}
    Dex:       It affects your dexterity (+2).
    MP:        It affects your magic capacity (+9).
    Harm:      It increases damage dealt and taken.
(32, 35, D:5)
  a +0 halberd
(32, 36, D:5)
  a +0 spear
(46, -2, D:5)
  a +0 giant spiked club
(49, 31, D:5)
  a +0 flail
  6 poisoned darts
(50, 23, D:5)
  a +0 chain mail
(50, 28, D:5)
  a +0 whip

Level 6 of the Dungeon
(0, 0, D:6)
  a +0 helmet
(8, -1, D:6)
  a +0 chain mail
(9, 23, D:6)
  a +0 short sword
(9, 24, D:6)
  a +0 ring mail
  a +0 short sword
  5 poisoned darts
  a +0 short sword
(11, -3, D:6)
  a +0 long sword
  a +0 robe
(11, 23, D:6)
  a +0 club
  a +0 short sword
(14, 21, D:6)
  2 stones
  a +0 dagger
(23, 32, D:6)
  5 stones
(26, -2, D:6)
  2 stones
(60, 20, D:6)
  3 large rocks
(64, 20, D:6)
  4 stones
(66, 8, D:6)
  4 large rocks
(67, 34, D:6)
  3 boomerangs
  a +0 club

Level 7 of the Dungeon
(0, 0, D:7)
  a +0 quarterstaff
(5, -18, D:7)
  a +0 robe
  a +0 dagger
  a +0 ring mail
  a +0 club
(6, -19, D:7)
  a +3 vampiric hand axe
  a +0 ring mail
(6, 0, D:7)
  6 stones
(14, -17, D:7)
  a +0 chain mail
(17, -22, D:7)
  a +0 short sword
  a boomerang
(19, 10, D:7)
  a +0 robe
(19, 11, D:7)
  a +0 flail
  a killer bee corpse
  a gnoll skeleton
(20, 8, D:7)
  a +0 short sword
(20, 9, D:7)
  a +0 leather armour
  a +0 falchion
  a +0 club
  an orc skeleton
(33, 11, D:7)
  a +0 mace
(36, -31, D:7)
  a +0 whip
  a +0 leather armour
(37, -35, D:7)
  a +0 club
(39, -37, D:7)
  a +0 spear
(53, -14, D:7)
  a +0 whip
(54, -12, D:7)
  a +0 flail
(60, -20, D:7)
  a +0 club
(60, 7, D:7)
  a scarf of shadows

Level 8 of the Dungeon
(0, 0, D:8)
  a +0 spear
(3, -3, D:8)
  3 curare-tipped darts
  a +0 club
(11, -5, D:8)
  12 gold pieces
(12, -1, D:8)
  a potion of flight
(16, 0, D:8)
  a +0 hand axe
(19, -25, D:8)
  2 potions of might
(23, 3, D:8)
  a potion of curing
(32, -33, D:8)
  a +0 great sword
  a +0 ring mail
  a tengu corpse (skeletalised by now)
(33, -31, D:8)
  a +0 hand axe
(43, -27, D:8)
  a +0 sling

the Ecumenical Temple

