code2828

Level 1 of the Dungeon
[Shop] Wuylorainn's Jewellery Shoppe
  an amulet of guardian spirit (300 gold)
  the ring "Cietoaf" {Fly Int-2 Dex+6 SInv} (451 gold)
    [ring of dexterity]
    
    Int:       It affects your intelligence (-2).
    Dex:       It affects your dexterity (+6).
    SInv:      It lets you see invisible.
    Fly:       It grants you flight.
  a ring of wizardry (300 gold)
  a ring of willpower (250 gold)
  an amulet of magic regeneration (300 gold)
  a ring of protection from fire (250 gold)
(0, 0, D:1)
  a +0 dagger
(1, -17, D:1)
  a +0 hand axe
(1, 5, D:1)
  a +0 spear of freezing
(11, -14, D:1)
  a +0 helmet
(11, 26, D:1)
  a +0 dagger
(17, 28, D:1)
  a +0 robe
(18, 17, D:1)
  a +0 dagger
  5 stones
(24, -20, D:1)
  a +0 dagger
(27, -17, D:1)
  2 poisoned darts
(27, -10, D:1)
  7 stones
(35, -9, D:1)
  a +0 chain mail
(37, 19, D:1)
  a staff of cold
(54, 1, D:1)
  a +0 dagger

Level 2 of the Dungeon
[Shop] Qiroidar's Magic Scroll Boutique
  a scroll of immolation (56 gold)
  a scroll of teleportation (42 gold)
  a scroll of teleportation (42 gold)
  a scroll of identify (28 gold)
  a scroll of teleportation (42 gold)
  a scroll of enchant weapon (105 gold)
  a scroll of poison (56 gold)
  a scroll of teleportation (42 gold)
  a scroll of silence (133 gold)
  a scroll of blinking (105 gold)
(0, 0, D:2)
  a +0 plate armour
(3, 22, D:2)
  a +0 flail
(6, -5, D:2)
  5 atropa-tipped darts
(15, 0, D:2)
  a +0 ring mail
(17, 7, D:2)
  4 stones
(18, 6, D:2)
  a +0 dagger
(30, 34, D:2)
  a +0 club
(36, 15, D:2)
  7 stones
(41, 41, D:2)
  a +0 club
(42, 2, D:2)
  a +0 dagger
(58, 29, D:2)
  2 stones

Level 3 of the Dungeon
[Shop] Ocaas's Magic Scroll Shop
  a scroll of fear (40 gold)
  a scroll of blinking (75 gold)
  a scroll of enchant weapon (75 gold)
  a scroll of teleportation (30 gold)
  a scroll of teleportation (30 gold)
  a scroll of silence (95 gold)
  a scroll of teleportation (30 gold)
  a scroll of fog (40 gold)
  a scroll of magic mapping (75 gold)
(0, 0, D:3)
  a +0 flail
  a +0 club
(2, 1, D:3)
  a +0 spear
(27, -15, D:3)
  a +0 spear
(27, -14, D:3)
  a +0 whip
(27, 3, D:3)
  a +0 club
(27, 4, D:3)
  a +0 dagger
  a stone
(28, -16, D:3)
  a +0 halberd
(28, -15, D:3)
  a +0 club
(29, -17, D:3)
  a staff of earth
(30, -8, D:3)
  3 stones
(31, -34, D:3)
  a +0 dagger
(33, -10, D:3)
  a +0 hand axe
(36, -20, D:3)
  a +0 animal skin
  a +0 hand axe
(41, 5, D:3)
  a +0 club
(42, -13, D:3)
  2 boomerangs
(42, 4, D:3)
  a +0 dagger
(43, 4, D:3)
  a +0 club
  a +0 dagger
(44, 3, D:3)
  a +0 club
(49, -17, D:3)
  6 stones
(59, -6, D:3)
  a +0 whip

Level 4 of the Dungeon
(23, 18, D:4)
  a +0 dagger
  a giant cockroach corpse
  a goblin corpse
(24, 20, D:4)
  16 gold pieces
(31, -3, D:4)
  a +0 leather armour

