code2828

Level 1 of the Dungeon
[Shop] Domid's Antique Weapon Emporium
  a +0 mace (87 gold)
  a +0 hand axe (87 gold)
  a +0 dagger (58 gold)
  a +0 spear (87 gold)
  a +5 giant spiked club (838 gold)
  a +0 mace (87 gold)
  a +0 mace (87 gold)
  a +0 dagger (58 gold)
  a +0 falchion (87 gold)
  a +0 club (29 gold)
  a +0 trident (101 gold)
  a +1 vampiric short sword (464 gold)
(0, 0, D:1)
  a +0 leather armour
(7, 14, D:1)
  6 stones
(12, -5, D:1)
  a +0 club
(12, -3, D:1)
  a +0 club
(13, -20, D:1)
  a +0 dagger
(36, -8, D:1)
  2 stones
(39, -3, D:1)
  a +0 scale mail
(44, -36, D:1)
  a +0 club
(45, -36, D:1)
  a +0 scale mail
(50, -27, D:1)
  a +0 hand axe

Level 2 of the Dungeon
(0, 0, D:2)
  a +0 scale mail
(0, 11, D:2)
  a +0 spear
(1, 11, D:2)
  a +0 helmet
(8, 42, D:2)
  a +0 ring mail
(16, -2, D:2)
  a +0 ring mail
(16, 24, D:2)
  a +0 robe
(34, 11, D:2)
  a +0 short sword
(40, 14, D:2)
  7 stones
(49, 30, D:2)
  a +0 club
(50, 28, D:2)
  a +0 robe
(56, 32, D:2)
  a +0 flail
(57, 27, D:2)
  a +0 giant club
(58, 25, D:2)
  3 stones
(58, 26, D:2)
  a +0 short sword of freezing
  3 stones
(58, 27, D:2)
  a +0 spear
(58, 33, D:2)
  a +0 dagger
(59, 28, D:2)
  a +0 sling
  a +0 club
(61, 36, D:2)
  a +0 dagger
(63, 28, D:2)
  a +0 scale mail

Level 3 of the Dungeon
(0, 0, D:3)
  a +0 robe
(8, -26, D:3)
  a +0 dagger
(9, -26, D:3)
  a +0 club
(9, -25, D:3)
  a ring of ice
(10, -1, D:3)
  4 stones
(11, -10, D:3)
  a +0 dagger
  a +0 sling
(15, -37, D:3)
  5 stones
(49, -49, D:3)
  a +0 club
(55, -48, D:3)
  a +0 club
(59, -48, D:3)
  a +0 dagger
  a +0 dagger
  a +0 short sword
  7 stones
(60, -47, D:3)
  2 silver javelins
(64, -47, D:3)
  a +0 ring mail
(65, -49, D:3)
  a +0 helmet
(65, -47, D:3)
  5 stones

Level 4 of the Dungeon
(0, 0, D:4)
  a +0 whip
  7 poisoned darts
(1, -19, D:4)
  a +0 short sword
  2 stones
(4, -30, D:4)
  8 stones
(6, 12, D:4)
  a +0 giant club
  an ogre corpse (skeletalised by now)
(8, -4, D:4)
  a +0 ring mail
(18, -22, D:4)
  3 stones
(23, 16, D:4)
  a +0 robe
(26, -2, D:4)
  6 poisoned darts
(27, 15, D:4)
  a hobgoblin corpse (skeletalised by now)
(37, -13, D:4)
  an adder corpse (skeletalised by now)
(43, -2, D:4)
  a +0 club
  a goblin corpse

Level 5 of the Dungeon
(0, 0, D:5)
  a jackal corpse
(0, 1, D:5)
  a jackal corpse

the Ecumenical Temple

