code2828

Level 1 of the Dungeon
(0, 0, D:1)
  4 stones
(4, -3, D:1)
  a +0 leather armour
(15, 3, D:1)
  a +0 club
(25, 8, D:1)
  a +0 club
  3 stones
(25, 20, D:1)
  a +0 spear
(25, 22, D:1)
  a +0 dagger
  a stone
(27, 22, D:1)
  a +0 short sword
  5 stones
(34, 4, D:1)
  a +0 club
(34, 20, D:1)
  a +0 mace
(45, 8, D:1)
  2 stones

Level 2 of the Dungeon
(0, 0, D:2)
  a +0 pair of boots
(4, -9, D:2)
  a +0 short sword
  a stone
(8, 8, D:2)
  Ozocubu's Autobiography
(9, -9, D:2)
  a +0 whip
(29, 30, D:2)
  a +0 morningstar
(33, 45, D:2)
  a ball python corpse (skeletalised by now)
(33, 46, D:2)
  a +0 dagger
(35, 31, D:2)
  a +0 short sword
(38, 38, D:2)
  a ball python corpse (skeletalised by now)
(52, 9, D:2)
  a +0 spear

Level 3 of the Dungeon
(0, 0, D:3)
  a +2 dagger of venom
  a +0 short sword
  a +0 ring mail
  a +0 short sword
  2 boomerangs
  a +0 hand axe
  a +0 ring mail
  an orc corpse
(1, 13, D:3)
  10 gold pieces
(2, 11, D:3)
  6 poisoned darts
(12, 6, D:3)
  a ball python corpse
(23, 6, D:3)
  a +0 dagger
  a goblin corpse
(26, 36, D:3)
  5 stones
(29, 28, D:3)
  a rat corpse (skeletalised by now)

