code2828

Level 1 of the Dungeon
(13, 11, D:1)
  a +0 ring mail
(16, -22, D:1)
  6 stones
(27, -19, D:1)
  a +0 club

Level 2 of the Dungeon
(0, 0, D:2)
  6 boomerangs
(4, 7, D:2)
  a +0 robe
(10, 12, D:2)
  a +0 flail
  a +0 scale mail
(10, 23, D:2)
  a +2 dagger of venom
(14, -16, D:2)
  a +0 club
(16, 11, D:2)
  4 stones
(30, -8, D:2)
  a +0 dagger
  a +0 robe
(40, 12, D:2)
  a +0 short sword
(44, -15, D:2)
  a +0 helmet
(46, -13, D:2)
  a +0 whip
(49, -6, D:2)
  a +0 tower shield

Level 3 of the Dungeon
(1, 0, D:3)
  a bat corpse
(2, -4, D:3)
  a +0 dagger
  a +0 dagger
  a +0 dagger
  a goblin corpse
(3, -5, D:3)
  a +0 club
(5, 30, D:3)
  a +4 ring of evasion
(6, -3, D:3)
  9 gold pieces
(6, 29, D:3)
  a wand of flame (18)
(10, 2, D:3)
  a +0 robe
(48, -26, D:3)
  a +0 dagger
  a +0 flail
  a +0 leather armour
  a +0 hand axe
  a +0 scale mail
(49, -25, D:3)
  a +2 vorpal trident
  a +0 leather armour
(50, 0, D:3)
  a +0 dagger

