code2828

Level 1 of the Dungeon
(0, 0, D:1)
  a +0 spear
(14, 10, D:1)
  4 stones
(22, -27, D:1)
  a +0 club
(22, -2, D:1)
  a +0 short sword
(23, -21, D:1)
  a +0 whip
(31, -1, D:1)
  a +0 sling
(50, -12, D:1)
  a +0 ring mail
(57, -13, D:1)
  a +0 club
(59, -29, D:1)
  a +0 mace
(59, -24, D:1)
  a +0 ring mail

Level 2 of the Dungeon
(0, 0, D:2)
  a +0 buckler
(0, 31, D:2)
  a +0 ring mail
(1, 11, D:2)
  5 stones
(6, 3, D:2)
  a +0 leather armour
(10, 16, D:2)
  a +0 dagger
(11, 6, D:2)
  a +0 robe
(17, 5, D:2)
  a +0 dagger
(17, 30, D:2)
  4 stones
(18, 35, D:2)
  a +0 mace
(19, -2, D:2)
  a +0 short sword
  5 stones
(24, 37, D:2)
  7 stones
(24, 40, D:2)
  the +1 pair of gloves of the Centipede {rPois rF++ rC- MP+9}
    rF:        It greatly protects you from fire.
    rC:        It makes you vulnerable to cold.
    rPois:     It protects you from poison.
    MP:        It affects your magic capacity (+9).
  a +0 leather armour
(35, 13, D:2)
  a +0 pair of boots
(41, -4, D:2)
  a +0 dagger

Level 3 of the Dungeon
(0, 0, D:3)
  a +0 sling
(8, 11, D:3)
  a +0 hammer
(17, 25, D:3)
  a +0 short sword
(18, -4, D:3)
  a +0 club
(40, -2, D:3)
  a +0 flail

Level 4 of the Dungeon
(0, 0, D:4)
  6 stones
(3, 2, D:4)
  a +0 ring mail
(3, 5, D:4)
  a +0 spear
(5, 0, D:4)
  a +0 short sword
(12, -15, D:4)
  an adder corpse
(28, -2, D:4)
  a +1 heavy flail
(32, -21, D:4)
  a +0 halberd
(36, -9, D:4)
  a +0 club
(37, 6, D:4)
  a +0 halberd
  a gnoll corpse (skeletalised by now)
(38, 8, D:4)
  5 stones
  a +0 short sword
(47, -17, D:4)
  a +0 club
(51, -3, D:4)
  a +0 halberd
(53, -4, D:4)
  a potion of degeneration

Level 5 of the Dungeon
(0, 0, D:5)
  8 stones

