code2828

Level 1 of the Dungeon
[Shop] Orobaocs's Jewellery Shoppe
  an amulet of regeneration (300 gold)
  an amulet of guardian spirit (300 gold)
  a +6 ring of intelligence (360 gold)
  a ring of willpower (250 gold)
  an amulet of the acrobat (300 gold)
  a +6 ring of strength (360 gold)
  an amulet of the acrobat (300 gold)
(0, 0, D:1)
  a +0 leather armour
(7, 5, D:1)
  a +0 leather armour
(13, -4, D:1)
  3 stones
(17, 11, D:1)
  a book of Weapons
(21, -23, D:1)
  a +0 club
(23, 6, D:1)
  a +0 club
  2 stones
(29, -25, D:1)
  5 stones
(38, -19, D:1)
  a +6 ring of intelligence
(40, -1, D:1)
  a +0 club
(47, 0, D:1)
  2 poisoned darts
(47, 10, D:1)
  a +0 robe

Level 2 of the Dungeon
(0, 0, D:2)
  a book of Alchemy
(21, 42, D:2)
  a book of Winter
(23, 42, D:2)
  a book of Spectacle
(35, 11, D:2)
  a +0 robe
(35, 25, D:2)
  a +0 short sword
(38, 37, D:2)
  6 poisoned darts
(44, 6, D:2)
  a +0 whip
(49, 46, D:2)
  a +0 falchion
(50, 35, D:2)
  a book of Displacement
(52, 36, D:2)
  a +0 scale mail
  a +0 animal skin
(65, 8, D:2)
  8 stones

Level 3 of the Dungeon
[Shop] Useg's Antique Armour Emporium
  a +0 cloak (108 gold)
  a +3 ring mail of willpower (624 gold)
  a +0 robe (16 gold)
  a +0 ring mail (96 gold)
  a +1 chain mail of fire resistance (396 gold)
  a +2 leather armour of fire resistance (456 gold)
  a +0 leather armour (48 gold)
  a +0 scale mail (96 gold)
(0, 0, D:3)
  4 stones
(0, 3, D:3)
  a +0 mace
(5, -17, D:3)
  a +0 dagger
(5, -16, D:3)
  a +0 club
(7, -17, D:3)
  an amulet of regeneration
(10, -24, D:3)
  11 gold pieces
(11, -25, D:3)
  a book of Cantrips
(11, -21, D:3)
  14 gold pieces
(12, -21, D:3)
  a scroll of identify
(16, -28, D:3)
  8 stones
(17, 8, D:3)
  a +0 robe
  a +0 club
(20, -21, D:3)
  a +0 dagger
(25, 12, D:3)
  a +0 club
  5 stones
(25, 16, D:3)
  a +0 pair of boots
(26, 15, D:3)
  a +0 spear
(27, -8, D:3)
  a +0 leather armour
(30, -30, D:3)
  a +0 whip
(30, -12, D:3)
  a +0 hand axe
(30, -11, D:3)
  a +0 great sword
(31, -26, D:3)
  a +0 whip
  a +0 leather armour
(31, 15, D:3)
  9 stones
(39, -22, D:3)
  a +0 spear

Level 4 of the Dungeon
(0, 0, D:4)
  a +0 short sword
(2, 26, D:4)
  a +0 club
(4, -6, D:4)
  a +0 short sword
  2 stones
(9, 9, D:4)
  a +1 short sword of venom
(9, 24, D:4)
  a +0 club
(10, 9, D:4)
  a +0 falchion
  a +0 club
  a +0 scale mail
(10, 10, D:4)
  a +0 club
(15, 52, D:4)
  a +0 hand axe
(37, 3, D:4)
  a +0 club
(37, 4, D:4)
  a +0 leather armour
  a +0 dagger
  a +0 club
(37, 32, D:4)
  a +0 scale mail
(38, 9, D:4)
  a +0 leather armour
  a +0 dagger of draining
(40, 4, D:4)
  a +0 robe
  a +0 dagger
(48, 23, D:4)
  a +0 club
(51, 30, D:4)
  a +0 dagger
(56, 33, D:4)
  a +0 whip
(61, -4, D:4)
  5 stones
(64, 7, D:4)
  9 stones

Level 5 of the Dungeon
(0, 0, D:5)
  a +0 club
(1, -1, D:5)
  a +0 dagger
(1, 0, D:5)
  a +0 club
  a +0 dagger
(22, -4, D:5)
  a +0 longbow
(24, 18, D:5)
  a +0 ring mail
(26, 16, D:5)
  a +0 ring mail
(29, 23, D:5)
  7 stones
(31, -10, D:5)
  a staff of fire
(34, 19, D:5)
  3 large rocks

Level 6 of the Dungeon
(0, 0, D:6)
  a +0 rapier
(2, 19, D:6)
  6 stones
(3, 33, D:6)
  a +0 chain mail
(5, 13, D:6)
  5 stones
(12, 26, D:6)
  3 stones
(18, 9, D:6)
  5 stones
(19, 39, D:6)
  a +1 trident of protection
(38, 1, D:6)
  a +0 hand axe
(41, 32, D:6)
  a +0 pair of boots
(43, 4, D:6)
  5 stones
(44, 40, D:6)
  a +0 ring mail
  a +0 whip
(44, 41, D:6)
  a +0 whip
(46, 40, D:6)
  a +0 chain mail
  a +0 flail

Level 7 of the Dungeon
(6, -13, D:7)
  a +0 flail
  a +0 chain mail
  a +0 dagger
  a +0 robe
  a +0 falchion
  a +0 leather armour
  a +0 dagger
  a +0 chain mail
(10, -2, D:7)
  a +0 dagger
(11, -3, D:7)
  5 poisoned darts
(17, -15, D:7)
  a +0 giant spiked club
(18, 2, D:7)
  a +0 robe
  a +0 dagger of draining
(22, 1, D:7)
  a book of the Hunter
(25, 1, D:7)
  a +0 ring mail
(27, 3, D:7)
  a +0 hand axe
  a +0 war axe
  a +0 chain mail
(27, 4, D:7)
  a +0 chain mail
  a +0 rapier
(28, 3, D:7)
  a +0 mace
  a +0 leather armour
(29, -4, D:7)
  a +0 leather armour
(31, 7, D:7)
  a +0 ring mail
  a +0 whip
(32, -3, D:7)
  a +0 club
(33, 7, D:7)
  a +0 leather armour
  a +0 flail
(33, 8, D:7)
  2 boomerangs
  a +0 war axe
(33, 9, D:7)
  a +0 chain mail
  a +0 hand axe
(34, 8, D:7)
  a +0 short sword
(35, 8, D:7)
  a +0 club
(37, 6, D:7)
  a +0 robe
  a +0 dagger
(37, 7, D:7)
  a +0 leather armour
(38, 7, D:7)
  a +0 robe
  a +0 club
(38, 8, D:7)
  a +0 whip
(44, 1, D:7)
  a +0 dagger
(45, -13, D:7)
  a +0 spear
(49, -11, D:7)
  a +0 mace
(49, 23, D:7)
  a +0 club
(51, 11, D:7)
  a +0 spear

Level 8 of the Dungeon
(0, 0, D:8)
  a book of Spectacle
(8, 16, D:8)
  2 stones
(13, 4, D:8)
  a book of Maledictions
(14, -4, D:8)
  a +0 sling
(18, -5, D:8)
  a +0 club
(19, 10, D:8)
  a +0 scimitar
  a +0 robe
(23, 13, D:8)
  6 stones
(24, 12, D:8)
  a +0 great sword
  a +0 robe
(25, 9, D:8)
  a +0 hand axe
  a +1 robe of fire resistance
(26, 10, D:8)
  a +4 dagger
  a +0 robe
(28, -2, D:8)
  a +0 rapier
(28, 14, D:8)
  5 stones
(31, 24, D:8)
  a +0 flail
  a +0 flail
(31, 25, D:8)
  a +0 club
(37, 36, D:8)
  a +0 short sword
(42, 36, D:8)
  a +0 scale mail
(43, -4, D:8)
  a +0 flail
(43, -3, D:8)
  a +0 whip
  a +0 spear
  a +0 scale mail
(43, -2, D:8)
  a +0 whip
  a +0 club
  a +0 whip
(45, 6, D:8)
  a +0 quarterstaff
(52, 18, D:8)
  a +0 whip
(52, 21, D:8)
  a +0 short sword
(58, 15, D:8)
  a book of Beasts

Level 9 of the Dungeon
(0, 0, D:9)
  7 stones
(11, 14, D:9)
  a +0 ring mail
(14, 39, D:9)
  a +1 mace of protection
  a +0 leather armour
(17, 37, D:9)
  a +2 dagger of venom
(17, 40, D:9)
  a +0 dagger
  a +0 robe
(18, 1, D:9)
  +0 steam dragon scales
(20, 35, D:9)
  a +0 plate armour
  3 boomerangs
  a +0 glaive
(22, 6, D:9)
  3 stones
(30, 37, D:9)
  3 poisoned darts
(35, 42, D:9)
  a +0 ring mail
(38, 52, D:9)
  a +0 helmet
(40, 28, D:9)
  a +0 flail
  a +1 spear of venom
  a +0 scale mail
  a +0 buckler
(40, 29, D:9)
  a +0 halberd
(40, 30, D:9)
  a -1 demon whip of venom
  a +2 morningstar of draining
  +0 acid dragon scales
  a +0 flail
(41, 9, D:9)
  a staff of death
(41, 29, D:9)
  a +0 giant club
  a +0 giant spiked club
  a +0 club
(42, 28, D:9)
  a +0 whip
(46, 6, D:9)
  a +0 leather armour
(48, 6, D:9)
  a +0 hand axe
(49, 25, D:9)
  a +0 dagger
(51, -5, D:9)
  a +2 shortbow of freezing

Level 10 of the Dungeon
[Shop] Xiudwyisa's Antique Weapon Shoppe
  (Shop contents are unknown)
(0, 0, D:10)
  a +0 robe
(0, 52, D:10)
  4 stones
(4, 46, D:10)
  4 poisoned darts
(5, 47, D:10)
  a +2 flail of freezing
  an amulet of magic regeneration
(9, 19, D:10)
  a +0 rapier
  a +0 spear
(10, 18, D:10)
  a +0 spear
(10, 19, D:10)
  a +0 spear
(12, 19, D:10)
  a +0 spear
(22, 0, D:10)
  a +0 shortbow
(22, 2, D:10)
  a +0 ring mail
(24, 2, D:10)
  a +0 troll leather armour
(33, 12, D:10)
  6 stones
(34, 19, D:10)
  4 stones
(35, 22, D:10)
  a +0 shortbow

Level 11 of the Dungeon
(5, 26, D:11)
  a +0 chain mail
  a +0 halberd
(7, -9, D:11)
  a +0 long sword
(9, 27, D:11)
  4 large rocks
  a +0 giant spiked club
  a +0 giant club
(16, 11, D:11)
  a +0 pair of boots
  a +0 leather armour
  2 boomerangs
  a +0 club
(16, 12, D:11)
  a +0 whip
  a +0 ring mail
  a +0 dagger of electrocution
  a boomerang
  a +0 dagger
  a +0 robe
  a +0 dagger
(24, 10, D:11)
  a +0 ring mail
(44, -11, D:11)
  a +0 quarterstaff
(45, 5, D:11)
  a scarf of harm
(56, -18, D:11)
  a +0 kite shield

Level 12 of the Dungeon
(0, 23, D:12)
  12 gold pieces
(1, 14, D:12)
  a +0 halberd
  a +0 plate armour
(1, 23, D:12)
  20 gold pieces
(4, 15, D:12)
  a +0 short sword
  a +0 plate armour
  a +0 longbow of freezing
  a centaur corpse (skeletalised by now)
(4, 16, D:12)
  a +0 falchion
  a +0 leather armour
  14 gold pieces
  a +0 shortbow
  a +0 short sword
  a boomerang
  a +0 chain mail
  an orc corpse (skeletalised by now)
  an orc corpse (skeletalised by now)
(5, 7, D:12)
  a +0 shortbow
(5, 23, D:12)
  18 gold pieces
(6, 14, D:12)
  an ugly thing corpse
(16, 20, D:12)
  a scroll of vulnerability
(17, 18, D:12)
  a +0 helmet
(19, -6, D:12)
  a +0 ring mail
(24, 16, D:12)
  4 large rocks
(27, 26, D:12)
  a +0 long sword
(31, 6, D:12)
  a +4 shortbow
(35, 9, D:12)
  a +0 broad axe
(35, 10, D:12)
  a +0 robe
(35, 11, D:12)
  18 gold pieces
(35, 12, D:12)
  a wand of digging (5)
(35, 13, D:12)
  5 stones
(35, 14, D:12)
  a +1 antimagic falchion
  (unseen)
(35, 15, D:12)
  11 gold pieces
(35, 20, D:12)
  a potion of invisibility

the Ecumenical Temple

