code2828

Level 1 of the Dungeon
(0, 0, D:1)
  a +0 ring mail
(16, 29, D:1)
  6 stones
(32, 25, D:1)
  a +0 club
(33, 45, D:1)
  a +0 club
(43, 2, D:1)
  a +0 spear
(52, 9, D:1)
  a +0 dagger
(54, 29, D:1)
  a +0 club

Level 2 of the Dungeon
(0, 0, D:2)
  a +0 short sword
(4, -53, D:2)
  a worm corpse
(23, 0, D:2)
  a +0 dagger
(25, -39, D:2)
  a jackal skeleton
(25, -38, D:2)
  a jackal skeleton
(25, -8, D:2)
  3 stones
(30, -42, D:2)
  4 curare-tipped darts
(33, -29, D:2)
  a hobgoblin corpse (skeletalised by now)
(35, -38, D:2)
  a +0 dagger
  4 boomerangs
  a +0 plate armour

Level 3 of the Dungeon
(0, 0, D:3)
  11 gold pieces

