code2828

Level 1 of the Dungeon
(0, 0, D:1)
  a +0 dagger
(2, -1, D:1)
  a potion of degeneration
(7, 6, D:1)
  2 scrolls of teleportation
(12, 12, D:1)
  a +0 long sword
(14, 10, D:1)
  a +0 scale mail
(15, 11, D:1)
  a potion of attraction
(19, 0, D:1)
  a rat corpse (skeletalised by now)
  a rat corpse (skeletalised by now)
(20, -5, D:1)
  5 poisoned darts

Level 2 of the Dungeon
(0, 0, D:2)
  a +0 spear
  a ring of positive energy
  a scroll of blinking
  12 gold pieces
  a gnoll corpse
  a ball python corpse
(10, 29, D:2)
  a scroll of immolation
(23, 6, D:2)
  a +0 mace
(26, 6, D:2)
  a +0 dagger
  a goblin corpse (skeletalised by now)
(26, 10, D:2)
  a +0 whip
(29, 20, D:2)
  a +0 flail
(31, 5, D:2)
  a +0 mace
(32, 15, D:2)
  a rat corpse (skeletalised by now)

Level 3 of the Dungeon
(0, 0, D:3)
  a +0 short sword
  a kobold corpse
(2, 0, D:3)
  a ball python corpse
(6, -5, D:3)
  a ball python corpse
  a ball python corpse
(13, -5, D:3)
  an adder corpse

