code2828

Level 1 of the Dungeon
[Shop] Xuxy's Weapon Boutique
  a +0 dagger (26 gold)
  a +0 whip (32 gold)
  a +0 dire flail (52 gold)
  a +0 sling (19 gold)
  a +0 dagger (26 gold)
  a +0 spear (39 gold)
  the +5 rapier "Joypiumi" {vorpal, rElec rPois MP-9 Dex+6} (557 gold)
    It inflicts extra damage upon your enemies.
    
    Dex:       It affects your dexterity (+6).
    rElec:     It insulates you from electricity.
    rPois:     It protects you from poison.
    MP:        It affects your magic capacity (-9).
  a +1 mace of venom (137 gold)
(5, -7, D:1)
  a +0 short sword
(8, -12, D:1)
  a +0 club
(15, 12, D:1)
  a +0 robe
(24, -6, D:1)
  a +0 sling
(30, -37, D:1)
  a +0 ring mail

