code2828

Level 1 of the Dungeon
(17, 23, D:1)
  a +0 club
  4 stones
(29, 19, D:1)
  a +0 dagger
(30, 20, D:1)
  a +0 dagger
(52, 30, D:1)
  a +0 dagger

Level 2 of the Dungeon
(0, 0, D:2)
  a hobgoblin corpse
(9, 35, D:2)
  a +0 dagger
(13, 0, D:2)
  a +0 robe
(18, 27, D:2)
  a rat corpse
(23, 26, D:2)
  a +0 dagger
  a +0 robe
(33, 40, D:2)
  a rat corpse
(34, -1, D:2)
  a +0 dagger
(34, 42, D:2)
  a +0 dagger
(38, 7, D:2)
  a +0 club
(40, 13, D:2)
  a +0 club
(43, 12, D:2)
  a +0 flail
(44, 13, D:2)
  a +0 hunting sling

