code2828

Level 1 of the Dungeon
(2, -27, D:1)
  a +0 club
(19, -10, D:1)
  a +0 ring mail
(23, -25, D:1)
  a +0 spear
(23, 8, D:1)
  a +0 quarterstaff
(24, -31, D:1)
  a +0 short sword
  3 stones
(30, 8, D:1)
  5 stones
(36, -38, D:1)
  a +0 short sword
  a stone
(41, 8, D:1)
  a +0 whip
(46, 18, D:1)
  8 stones
(47, -6, D:1)
  a +0 leather armour
(48, -22, D:1)
  a +0 club
  6 stones
(48, -8, D:1)
  a +0 dagger
(48, 7, D:1)
  a +0 short sword
(53, -6, D:1)
  a +0 whip
  5 stones
  a +0 club
(59, -1, D:1)
  2 stones
(60, -21, D:1)
  a +0 short sword

Level 2 of the Dungeon
(0, 0, D:2)
  a +0 spear
(9, -43, D:2)
  a book of Alchemy
(25, -2, D:2)
  a +0 ring mail
(35, -39, D:2)
  a +0 short sword
  a stone
(38, -7, D:2)
  a +0 dagger
(39, -7, D:2)
  a +0 dagger of pain
  a stone
(47, -50, D:2)
  a +0 dagger
(47, -6, D:2)
  a +0 ring mail
(50, -57, D:2)
  a +0 scale mail
(59, -3, D:2)
  a +0 short sword
(59, 6, D:2)
  a +0 ring mail
(60, -18, D:2)
  a +0 ring mail
(60, -11, D:2)
  a staff of fire

Level 3 of the Dungeon
(0, 0, D:3)
  a +0 robe
(6, -10, D:3)
  a +0 dagger
(9, -17, D:3)
  a +0 leather armour
(11, -14, D:3)
  a +0 short sword
  4 stones
(11, 2, D:3)
  a +0 ring mail
(12, -20, D:3)
  a +0 hand axe
  4 stones
  a +0 ring mail
(16, 23, D:3)
  a +0 scale mail
(23, 9, D:3)
  a +0 mace
(29, 23, D:3)
  a +0 dagger
(30, -23, D:3)
  a +0 flail
(33, 1, D:3)
  a +0 ring mail
(36, -1, D:3)
  a potion of degeneration

Level 4 of the Dungeon
(1, 9, D:4)
  a +0 chain mail
(6, -5, D:4)
  a +0 club
  a goblin corpse (skeletalised by now)
(17, -7, D:4)
  a potion of flight
(21, 25, D:4)
  a +0 chain mail
(26, 12, D:4)
  a +0 leather armour
(29, -11, D:4)
  10 gold pieces
(29, -10, D:4)
  9 gold pieces
(37, 21, D:4)
  a +0 dagger
  a +0 robe
  the elf corpse of Dowan
(38, 17, D:4)
  a +0 whip
  a gnoll corpse

