code2828

Level 1 of the Dungeon
(6, -13, D:1)
  a +0 club
  5 stones
(20, 12, D:1)
  a +0 club
(28, 2, D:1)
  a +0 short sword
(38, 18, D:1)
  a +0 short sword
  a stone
(47, 8, D:1)
  5 stones
(50, 42, D:1)
  a +0 whip
(52, 2, D:1)
  3 stones
(54, 39, D:1)
  a +0 quarterstaff
(54, 44, D:1)
  7 stones
(59, -15, D:1)
  a +0 animal skin

Level 2 of the Dungeon
(7, 29, D:2)
  4 stones
(29, 16, D:2)
  a +0 robe
(29, 43, D:2)
  3 stones
(30, 8, D:2)
  a +0 club
  3 stones
(30, 13, D:2)
  5 stones
(35, 6, D:2)
  a +0 spear

Level 3 of the Dungeon
(0, 0, D:3)
  a +0 short sword
  4 poisoned darts
(0, 1, D:3)
  a +0 sling
(7, 30, D:3)
  a +0 short sword
(21, -8, D:3)
  a +0 club
(29, 3, D:3)
  a +0 war axe
  a +0 leather armour
  a +0 war axe
(30, 3, D:3)
  a +0 club
(41, 17, D:3)
  a +0 club
(51, 5, D:3)
  3 datura-tipped darts
(53, 9, D:3)
  a +0 spear
(57, 6, D:3)
  a +0 hand axe
(57, 8, D:3)
  a +0 club
  a +0 short sword
  5 stones
  a +0 club
  a +0 ring mail
  a +0 club
  a +0 ring mail
  a +0 dagger
  a +0 robe

Level 4 of the Dungeon
[Shop] Xuzoh's Antique Armour Boutique
  a +0 leather armour (50 gold)
  a +0 pair of gloves (112 gold)
  a +0 leather armour (50 gold)
  a +0 leather armour (50 gold)
  a +0 robe (17 gold)
  a +0 ring mail (100 gold)
  a +2 plate armour of positive energy (925 gold)
  a +0 robe (17 gold)
  a +0 robe (17 gold)
(1, 0, D:4)
  a +0 dagger
  a +0 sling
(4, 19, D:4)
  a +0 short sword
  3 stones
(15, 17, D:4)
  2 poisoned darts
(15, 37, D:4)
  a +0 robe
(20, 18, D:4)
  a +0 robe
(25, 33, D:4)
  a +2 dagger of flaming
  (unseen)
(25, 34, D:4)
  a +0 dagger
(30, -11, D:4)
  a +0 ring mail
(33, 24, D:4)
  a +0 short sword
(34, 25, D:4)
  a +0 club
(50, -3, D:4)
  a staff of poison

Level 5 of the Dungeon
(0, 1, D:5)
  a +0 rapier
(3, 10, D:5)
  a +0 whip
  a +0 club
  a +0 flail
(5, 9, D:5)
  a +0 giant club
(14, 38, D:5)
  4 stones
(15, 0, D:5)
  6 poisoned darts
(22, 0, D:5)
  7 stones
(26, -7, D:5)
  6 stones
(26, 39, D:5)
  a +0 club
(33, 19, D:5)
  a book of Cantrips
(35, 38, D:5)
  a +0 hand axe
(36, 45, D:5)
  a +0 scimitar
  a +0 leather armour
  a +0 falchion
(40, 42, D:5)
  a +0 short sword
(41, 42, D:5)
  a +0 short sword
(45, 30, D:5)
  a +0 club
(64, 11, D:5)
  a +0 hand axe
  a +0 ring mail

Level 6 of the Dungeon
(0, 0, D:6)
  a +0 shortbow
(6, 0, D:6)
  a +0 chain mail
(12, 17, D:6)
  a +1 mace of freezing
  a +0 robe
(13, 18, D:6)
  a +2 battleaxe of freezing
  a +0 robe
(14, -10, D:6)
  6 stones
(15, -6, D:6)
  a +0 robe
(37, -19, D:6)
  5 poisoned darts
(40, -2, D:6)
  a +0 robe
(46, 26, D:6)
  a +0 spear
(47, -4, D:6)
  a +0 dagger
(52, 13, D:6)
  a +1 vorpal spear
  a +0 scale mail
(52, 21, D:6)
  a book of Air
(54, 28, D:6)
  a +0 leather armour

the Ecumenical Temple

