code2828

Level 1 of the Dungeon
(1, -11, D:1)
  a +0 pair of boots
(13, 20, D:1)
  a +0 dagger
(15, 16, D:1)
  a +0 ring mail
(30, -10, D:1)
  a +0 leather armour
(30, -5, D:1)
  a +0 long sword
(34, -23, D:1)
  a +0 sling
(36, -19, D:1)
  a +0 whip
  4 stones
(39, -22, D:1)
  a +0 whip

Level 2 of the Dungeon
(0, 0, D:2)
  a +0 whip
(3, 0, D:2)
  9 gold pieces
(7, 6, D:2)
  an adder corpse
(7, 7, D:2)
  a +0 club
  a goblin corpse
(8, 13, D:2)
  5 stones
(12, -9, D:2)
  a book of Displacement
(13, -22, D:2)
  4 stones
(22, 5, D:2)
  a +0 hand axe
(25, 5, D:2)
  a +0 short sword
(31, -10, D:2)
  a +0 falchion

