code2828

Level 1 of the Dungeon
(0, 0, D:1)
  a scarf of harm
(9, -36, D:1)
  a +0 short sword
  2 stones
(17, -32, D:1)
  a +0 club
(26, -27, D:1)
  3 stones
  a +0 short sword
(32, -24, D:1)
  a +0 dagger
  2 stones
(37, -32, D:1)
  4 stones
(37, -28, D:1)
  a +0 short sword
(38, -9, D:1)
  a +0 scale mail
(42, -15, D:1)
  a +0 robe
(56, -2, D:1)
  6 stones

Level 2 of the Dungeon
(0, 0, D:2)
  a +0 ring mail
(7, 4, D:2)
  a +0 dagger
(8, 2, D:2)
  6 stones
(11, -1, D:2)
  a +0 short sword
(20, 1, D:2)
  a +0 pair of boots
(31, 21, D:2)
  a +0 scale mail
(33, -19, D:2)
  a +0 short sword
(35, 14, D:2)
  a +0 robe
(50, 7, D:2)
  a +0 robe

Level 3 of the Dungeon
[Shop] Vuykhly's Jewellery Boutique
  an amulet of faith (480 gold)
  the ring "Houtzyf" {AC+4 Int+2} (566 gold)
    [ring of protection]
    
    AC:        It affects your AC (+4).
    Int:       It affects your intelligence (+2).
  a ring of resist corrosion (240 gold)
  a +6 ring of intelligence (432 gold)
  a ring of protection from cold (300 gold)
  a +6 ring of dexterity (432 gold)
  an amulet of the acrobat (360 gold)
(0, 0, D:3)
  a frilled lizard corpse (skeletalised by now)
(1, 4, D:3)
  a hobgoblin corpse (skeletalised by now)

