code2828

Level 1 of the Dungeon
[Shop] Asos Hol's Magic Scroll Emporium
  a scroll of immolation (40 gold)
  a scroll of identify (20 gold)
  a scroll of butterflies (40 gold)
  a scroll of butterflies (40 gold)
  a scroll of enchant weapon (75 gold)
  a scroll of identify (20 gold)
  a scroll of poison (40 gold)
  a scroll of fear (40 gold)
  a scroll of enchant armour (75 gold)
  a scroll of summoning (95 gold)
(0, 0, D:1)
  a +0 club
  a +0 dagger
  a goblin corpse (skeletalised by now)
  a goblin corpse (skeletalised by now)
(2, 1, D:1)
  a ball python corpse (skeletalised by now)
(11, -29, D:1)
  a dart slug corpse
(13, -11, D:1)
  a +0 flail
(15, -13, D:1)
  a +0 hand axe
(15, 11, D:1)
  a +0 leather armour
(16, -13, D:1)
  a +0 ring mail
(29, 5, D:1)
  a +0 club
(31, 7, D:1)
  a +0 dagger
  4 stones
(32, -20, D:1)
  a +0 club
  a stone
(33, 4, D:1)
  a +0 helmet

Level 2 of the Dungeon
(0, 0, D:2)
  a ball python corpse

