code2828

Level 1 of the Dungeon
(0, 0, D:1)
  2 darts
(-5, 8, D:1)
  a +0,+0 club

Level 2 of the Dungeon
(0, 0, D:2)
  a +0,+0 club
(1, 5, D:2)
  a goblin corpse (skeletalised by now)
(-11, 12, D:2)
  a giant newt corpse (skeletalised by now)
(27, 14, D:2)
  a +0,+0 short sword
(8, 21, D:2)
  23 arrows
(-15, 22, D:2)
  a hobgoblin corpse (skeletalised by now)
(1, 24, D:2)
  a +0 ring mail
(-5, 28, D:2)
  a dart
(-2, 28, D:2)
  a +1,+1 orcish dagger
  a +0 orcish ring mail
  a goblin corpse (skeletalised by now)
(0, 28, D:2)
  3 darts
(1, 28, D:2)
  a dart
(2, 28, D:2)
  a -1,+0 orcish whip
(-2, 29, D:2)
  a dart
(8, 32, D:2)
  26 stones
(29, 38, D:2)
  8 needles of sleeping
(35, 38, D:2)
  a +0,+0 sling
(13, 50, D:2)
  a +1,+0 dagger
(1, 58, D:2)
  a +0 robe
(7, 59, D:2)
  26 arrows

Level 3 of the Dungeon
(0, 0, D:3)
  a +1,+2 whip of electrocution
  a +0 robe
(1, 0, D:3)
  a +0,+0 quarterstaff
(-18, 1, D:3)
  20 sling bullets
(-16, 10, D:3)
  a +0,+1 orcish dagger
  a +0,+0 sling
  27 stones
(-16, 15, D:3)
  a +1,+2 elven dagger
  a kobold corpse
(-44, 17, D:3)
  23 stones
(-49, 18, D:3)
  a throwing net
(-23, 19, D:3)
  18 arrows
(-13, 55, D:3)
  a -1,+1 orcish club
(-5, 55, D:3)
  a +0 orcish ring mail
  (unseen)

