code2828

Level 1 of the Dungeon
(0, 0, D:1)
  27 bolts
(-29, 14, D:1)
  12 sling bullets
(20, 17, D:1)
  a +0,+0 dagger
  a rotting goblin corpse
(0, 19, D:1)
  a +1,+2 sling
(10, 19, D:1)
  a throwing net
(-28, 22, D:1)
  a giant newt skeleton
(-11, 29, D:1)
  a +0,+0 whip
(-16, 30, D:1)
  a cursed +0,-2 dagger
(-24, 34, D:1)
  a cursed +0,-2 dagger
  a +0,+0 club
(-10, 38, D:1)
  15 poisoned needles
(-27, 43, D:1)
  a goblin skeleton
(-25, 45, D:1)
  a bat skeleton
(18, 47, D:1)
  2 darts
(-9, 48, D:1)
  a rotting giant newt corpse
(5, 53, D:1)
  a ball python corpse (skeletalised by now)
(7, 57, D:1)
  a rotting goblin corpse
(8, 57, D:1)
  a rotting goblin corpse

Level 2 of the Dungeon
(0, 0, D:2)
  an apple
(2, 4, D:2)
  a scroll of amnesia
(15, 6, D:2)
  a +0 leather armour
(3, 8, D:2)
  a dart
(6, 8, D:2)
  a +1 pair of dwarven gloves
(10, 16, D:2)
  a +1,+2 dagger
  a kobold corpse

