code2828

Level 1 of the Dungeon
(0, 0, D:1)
  a +0 dagger
(0, 15, D:1)
  a +0 club
(1, 11, D:1)
  a +0 sling
(2, 17, D:1)
  a +0 dagger
(10, 9, D:1)
  a +0 plate armour
(13, -3, D:1)
  a +0 chain mail
(18, 12, D:1)
  4 stones
(25, 2, D:1)
  4 poisoned darts
(28, 20, D:1)
  a +0 short sword
(40, 39, D:1)
  a staff of earth
(46, 14, D:1)
  a +0 dagger

Level 2 of the Dungeon
[Shop] Sesiapt's Assorted Antiques
  a scroll of torment (199 gold)
  a +2 rapier of freezing (403 gold)
  a +0 ring mail (84 gold)
  a +0 spear (63 gold)
  a +0 plate armour (483 gold)
(0, 0, D:2)
  a +0 dagger
(1, 9, D:2)
  a quokka corpse
(5, -13, D:2)
  a +0 pair of gloves
(18, -3, D:2)
  a +0 dagger
  2 stones
  a kobold corpse

