code2828

Level 1 of the Dungeon
[Shop] Ukloal's General Store
  a potion of lignification (39 gold)
  a scroll of teleportation (39 gold)
  a scroll of teleportation (39 gold)
  a potion of resistance (130 gold)
  a book of Conjurations (260 gold)
  a +0 rapier (52 gold)
  a book of Winter (442 gold)
  a +0 hand axe (39 gold)
  a +0 whip (32 gold)
(3, -7, D:1)
  a +0 ring mail
(13, 31, D:1)
  a +0 whip
(15, 12, D:1)
  a +0 dagger
  2 stones
(30, 22, D:1)
  a +0 dagger
  6 datura-tipped darts
(33, 22, D:1)
  a +0 whip
  a stone
(37, -25, D:1)
  a +0 sling
(46, -24, D:1)
  4 stones
(49, -24, D:1)
  a +0 dagger
(59, -13, D:1)
  a +0 club
(59, 29, D:1)
  a +0 dagger

Level 2 of the Dungeon
(0, 0, D:2)
  3 boomerangs
(1, 0, D:2)
  a +0 dagger
(7, 23, D:2)
  a potion of mutation
(8, -7, D:2)
  a +0 dagger
(8, -5, D:2)
  a +0 club
(10, 29, D:2)
  a +0 robe
(18, 16, D:2)
  a +0 ring mail
(19, -18, D:2)
  4 stones
(23, -12, D:2)
  a +0 club
(24, 24, D:2)
  5 poisoned darts
(29, -20, D:2)
  a +0 short sword
  a +0 scale mail
(42, -8, D:2)
  a staff of air

Level 3 of the Dungeon
(0, 0, D:3)
  a +0 sling
  a +0 dagger
(2, 18, D:3)
  a +0 ring mail
(7, -31, D:3)
  a +0 club
(18, -37, D:3)
  a +0 dagger
(21, 9, D:3)
  a +0 club
  a +0 leather armour
(34, -31, D:3)
  a +0 short sword
(37, -27, D:3)
  a +0 hand axe
  a +0 scale mail
  a +0 dagger
  a +0 robe
  a +0 dagger
  a +0 robe
  a +0 mace
  a +0 leather armour
(37, -26, D:3)
  a +0 dagger
  a +0 robe
(39, 6, D:3)
  8 stones
(45, 7, D:3)
  a potion of degeneration
(50, -3, D:3)
  5 stones

Level 4 of the Dungeon
(0, 0, D:4)
  3 scrolls of identify
(2, 0, D:4)
  6 gold pieces
(15, -14, D:4)
  a +1 dagger of electrocution
(16, -3, D:4)
  12 gold pieces
(22, 4, D:4)
  a +0 helmet
(32, -19, D:4)
  a +0 trident

