code2828

Level 1 of the Dungeon
(0, 0, D:1)
  a +0 trident
(29, 11, D:1)
  a +0 hand axe
(39, 9, D:1)
  a +0 club
(39, 15, D:1)
  a +0 short sword
(42, 11, D:1)
  a +0 dagger
(49, 3, D:1)
  a +0 club
(51, 11, D:1)
  a +0 dagger
  5 stones

Level 2 of the Dungeon
(4, -13, D:2)
  a +0 club
  5 poisoned darts
(4, -10, D:2)
  a +0 dagger
  a stone
(6, -1, D:2)
  a +0 dagger
(7, 9, D:2)
  a +0 dagger
(10, -22, D:2)
  a +0 hand axe
(24, -18, D:2)
  a +0 hammer
(28, 15, D:2)
  a +0 whip
  5 stones
(30, 1, D:2)
  a +0 helmet
(41, 12, D:2)
  a +0 whip
(44, -6, D:2)
  a +0 barding

Level 3 of the Dungeon
(0, 0, D:3)
  an adder corpse
  a jackal corpse
  a jackal corpse
(4, 0, D:3)
  a +0 morningstar
(5, 0, D:3)
  a +0 club
(6, -1, D:3)
  a +0 hand axe
  an orc corpse
(14, 9, D:3)
  a +0 club
  a +0 dagger
(20, 46, D:3)
  a +0 club
  a +0 whip
  a +0 flail
  a gnoll skeleton
(24, 41, D:3)
  4 poisoned darts
(27, 33, D:3)
  a +0 hand axe
(38, -1, D:3)
  7 stones
(42, -8, D:3)
  6 atropa-tipped darts
(44, -7, D:3)
  3 boomerangs

