code2828

Level 1 of the Dungeon
(0, 0, D:1)
  a +0 scale mail
(18, 18, D:1)
  a +0 club
(19, -8, D:1)
  a +0 sling
(25, 5, D:1)
  6 stones
(27, 7, D:1)
  a +0 club
(29, 15, D:1)
  4 stones
(30, 30, D:1)
  a stone
(36, 11, D:1)
  a +0 robe
(37, 33, D:1)
  a +0 dagger
  3 stones
(47, 32, D:1)
  a +0 flail
(55, 25, D:1)
  a +0 club
(57, 34, D:1)
  a +0 club
(59, 14, D:1)
  4 stones

Level 2 of the Dungeon
(0, 0, D:2)
  a +0 hammer
(16, -10, D:2)
  a +0 dagger
  3 poisoned darts
(19, -21, D:2)
  a +0 whip
(24, 2, D:2)
  5 poisoned darts
(29, -6, D:2)
  a +0 ring mail
(32, -6, D:2)
  a +0 sling
(33, -35, D:2)
  a +0 club
(36, -5, D:2)
  a +0 ring mail
(37, -40, D:2)
  a +0 sling
(37, -28, D:2)
  6 stones
(40, -18, D:2)
  a +0 robe
(43, -21, D:2)
  a +0 club

Level 3 of the Dungeon
(1, -29, D:3)
  a +0 dagger
  a +0 robe
(4, -35, D:3)
  a +0 dagger
  2 atropa-tipped darts
  a +0 leather armour
(7, -3, D:3)
  a +0 flail
(16, -18, D:3)
  6 stones
(33, -1, D:3)
  a +0 leather armour
  a +0 short sword
  a +0 leather armour
  a +0 whip
(34, 0, D:3)
  a +0 leather armour
  a +0 club
(40, -3, D:3)
  a +0 club
  a +0 flail
  a +0 flail
(40, -2, D:3)
  a +0 whip
(44, 2, D:3)
  a +0 mace
(48, -1, D:3)
  a +0 short sword

Level 4 of the Dungeon
(0, 0, D:4)
  a +0 dagger of venom
  a +0 robe
(4, -52, D:4)
  a +0 dagger
  a kobold corpse (skeletalised by now)
(12, -49, D:4)
  2 stones
(16, -30, D:4)
  a +0 club
(19, -24, D:4)
  a +0 club
(19, -23, D:4)
  a +0 club
  a +0 club
(19, -21, D:4)
  a +0 whip
  a +0 club
(19, -18, D:4)
  a +0 club
  a +0 robe
  a +0 flail
  a +0 halberd
(19, 4, D:4)
  a +0 club
(34, -9, D:4)
  a +0 morningstar
  3 stones
(35, -23, D:4)
  a +0 short sword
  a +0 flail
  a +0 plate armour
(36, -28, D:4)
  7 stones
(43, -18, D:4)
  a +0 robe
(44, -35, D:4)
  6 stones
(45, -21, D:4)
  a +0 club
(50, -8, D:4)
  a +0 short sword
(56, -7, D:4)
  a +0 club
  a +0 scale mail
(58, -8, D:4)
  a +0 dagger

