code2828

Level 1 of the Dungeon
(9, -25, D:1)
  a +0 leather armour
(15, 21, D:1)
  20 stones
(16, 14, D:1)
  a +0 short sword
(17, 0, D:1)
  a cursed +0 robe
(32, 16, D:1)
  a cursed -2 club
(33, -14, D:1)
  a +0 club
(38, -21, D:1)
  a +0 club
(42, 9, D:1)
  2 large rocks
(48, 13, D:1)
  a cursed -2 dagger
(48, 16, D:1)
  17 bolts

Level 2 of the Dungeon
(0, 0, D:2)
  15 gold pieces
(1, -31, D:2)
  a +0 robe
(1, -1, D:2)
  a +0 club
(1, 1, D:2)
  a +0 pair of boots
(2, 0, D:2)
  11 stones
(5, -29, D:2)
  20 stones
(8, 3, D:2)
  a goblin skeleton
(11, -2, D:2)
  a +0 club
  (unseen)
(11, 5, D:2)
  a stone
(12, 5, D:2)
  a stone
(12, 11, D:2)
  a +0 hand axe
(29, -20, D:2)
  25 stones
(40, -12, D:2)
  22 arrows
(47, -19, D:2)
  a +0 short sword
  a kobold corpse

