code2828

Level 1 of the Dungeon
(0, 0, D:1)
  a +0 spear
  a +0 ring mail
(4, -7, D:1)
  a +0 short sword
(12, -21, D:1)
  a +0 robe
(12, -6, D:1)
  a +0 club
  a +0 club
(17, -6, D:1)
  a +0 robe
(17, 0, D:1)
  a +0 dagger
(25, -34, D:1)
  7 stones
(33, -21, D:1)
  a +0 dagger

Level 2 of the Dungeon
(0, 0, D:2)
  a +0 leather armour
(2, -6, D:2)
  a +0 short sword
(20, -6, D:2)
  a stone
(27, 24, D:2)
  a +0 dagger
(29, -4, D:2)
  a +0 scale mail
(32, 11, D:2)
  a ball python corpse (skeletalised by now)
(34, 26, D:2)
  a frilled lizard corpse (skeletalised by now)
(36, 5, D:2)
  a frilled lizard corpse (skeletalised by now)
(39, 5, D:2)
  a rat corpse (skeletalised by now)
(51, 17, D:2)
  a ball python corpse
(56, 0, D:2)
  6 stones

Level 3 of the Dungeon
(0, 0, D:3)
  a human corpse
(3, 7, D:3)
  2 silver javelins
(6, 0, D:3)
  8 gold pieces
(7, 7, D:3)
  a +0 whip
(8, -1, D:3)
  2 stones
(8, 4, D:3)
  5 gold pieces
(9, 7, D:3)
  a quokka corpse
  a ball python corpse

Level 4 of the Dungeon
(13, 3, D:4)
  a +0 club
  a goblin corpse
(29, 10, D:4)
  a +0 leather armour

