code2828

Level 1 of the Dungeon

Level 2 of the Dungeon
(0, 0, D:2)
  a +0 short sword
(25, -11, D:2)
  a +0 plate armour
(57, 3, D:2)
  a +0 club

Level 3 of the Dungeon
(0, 0, D:3)
  a rat corpse (skeletalised by now)
(0, 13, D:3)
  a +0 mace (still there?)
  a +0 chain mail (still there?)
(10, 10, D:3)
  a ball python corpse (skeletalised by now)
(10, 13, D:3)
  a goblin corpse (skeletalised by now)
(12, 10, D:3)
  a rat corpse (skeletalised by now)
(45, -3, D:3)
  a frilled lizard corpse
(49, -5, D:3)
  a frilled lizard corpse
(49, -3, D:3)
  a +0 falchion (still there?)
  an orc corpse (still there?)

