code2828

Level 1 of the Dungeon
[Shop] Qaimal's Distillery
  2 potions of attraction (66 gold)
  a potion of ambrosia (88 gold)
  a potion of brilliance (44 gold)
  a potion of mutation (88 gold)
  a potion of flight (33 gold)
  a potion of ambrosia (88 gold)
  a potion of curing (33 gold)
  a potion of lignification (33 gold)
  a potion of curing (33 gold)
  a potion of heal wounds (55 gold)
  3 potions of haste (330 gold)
(0, 0, D:1)
  a +0 robe
(3, 14, D:1)
  6 stones
(20, 10, D:1)
  a +0 dagger
(20, 12, D:1)
  a +0 whip
(33, 15, D:1)
  a +0 dagger
  5 stones
(46, 27, D:1)
  a +0 whip
(59, 7, D:1)
  a +0 dagger

Level 2 of the Dungeon
(22, 1, D:2)
  a +0 sling
  a +0 dagger
(22, 29, D:2)
  a +0 sling
(24, 1, D:2)
  a +0 whip
  a +0 leather armour
(27, 0, D:2)
  a +0 dagger
(27, 10, D:2)
  a +0 robe
(32, 25, D:2)
  a +0 short sword
(34, 25, D:2)
  a +0 whip
  2 stones
(36, 5, D:2)
  a +0 dagger
(36, 9, D:2)
  a +0 dagger
(37, 8, D:2)
  6 stones
(38, 7, D:2)
  a +0 dagger

Level 3 of the Dungeon
(0, 0, D:3)
  a +0 scale mail
(12, 4, D:3)
  a +0 dagger
  a +0 robe
(12, 20, D:3)
  4 stones
(12, 21, D:3)
  a +0 ring mail
(16, -2, D:3)
  a +0 dagger
  a +0 robe
(17, 0, D:3)
  a +0 club
  a +0 leather armour
  a +0 flail
  a +0 ring mail
(19, 31, D:3)
  a +0 mace
(21, 11, D:3)
  4 stones
(22, 25, D:3)
  a +0 dagger
(26, 23, D:3)
  a +0 chain mail
(27, 28, D:3)
  2 stones
(29, 10, D:3)
  a +0 quarterstaff
(30, 20, D:3)
  a +0 chain mail
(31, 12, D:3)
  a stone
(36, -5, D:3)
  3 stones
(37, -1, D:3)
  a rat corpse (skeletalised by now)
(44, 37, D:3)
  a +0 leather armour
(44, 38, D:3)
  a +0 rapier
(45, 13, D:3)
  a +0 leather armour
(48, 38, D:3)
  a +0 ring mail

Level 4 of the Dungeon
(0, 0, D:4)
  a +0 vampiric dagger
(2, 5, D:4)
  a +0 whip
(7, -14, D:4)
  a book of Vapours
(19, -14, D:4)
  a quokka corpse
(22, -29, D:4)
  a +0 club
  a goblin corpse
(27, 2, D:4)
  a +0 short sword

