code2828

Level 1 of the Dungeon
(0, 0, D:1)
  a +0 club
  a goblin corpse
(4, 0, D:1)
  a +0 robe
(7, 15, D:1)
  a frilled lizard corpse
(25, 33, D:1)
  a +0 dagger
(25, 39, D:1)
  a rat skeleton
(30, 46, D:1)
  a +0 short sword
(32, 40, D:1)
  a bat skeleton
(32, 42, D:1)
  a hobgoblin skeleton
(33, 41, D:1)
  a frilled lizard skeleton
  a bat skeleton
(34, 42, D:1)
  a +0 ring mail
(35, 27, D:1)
  a rat corpse (skeletalised by now)
(40, -5, D:1)
  a ball python corpse
(45, 11, D:1)
  a +0 mace

