code2828

Level 1 of the Dungeon
[Shop] Unoud's Weapon Emporium
  9 stones (10 gold)
  5 poisoned darts (24 gold)
  a +2 battleaxe of flaming (284 gold)
  a +0 spear (36 gold)
  5 stones (6 gold)
  a +0 sling (18 gold)
  a +0 hand axe (36 gold)
  a +0 mace (36 gold)
  a +1 vorpal quarterstaff (156 gold)
  4 stones (4 gold)
(5, 33, D:1)
  a +0 dagger
  a +0 dagger
  5 stones
(6, 31, D:1)
  a +0 leather armour
(7, 28, D:1)
  a +0 robe
(20, 16, D:1)
  a +0 flail
(21, 10, D:1)
  a +0 club
(22, 33, D:1)
  a +2 dagger of venom
(23, 19, D:1)
  a +0 spear
(39, -5, D:1)
  a +0 club
(46, -5, D:1)
  4 poisoned darts

Level 2 of the Dungeon
(3, -13, D:2)
  2 stones
(10, 7, D:2)
  a +0 dagger
  a +0 short sword
  2 stones
(21, 31, D:2)
  a +0 robe
(24, 29, D:2)
  a +0 dagger
(26, -6, D:2)
  a +0 short sword
(32, -9, D:2)
  a +0 dagger
(32, -8, D:2)
  a +0 dagger
(33, -10, D:2)
  a +0 dagger of protection
  a +0 sling
  a +0 robe
(33, 26, D:2)
  a +0 dagger
(34, -10, D:2)
  7 stones
(34, 14, D:2)
  a +0 spear

Level 3 of the Dungeon
(0, 0, D:3)
  a +0 short sword
  2 poisoned darts
(3, -2, D:3)
  8 stones
(5, -25, D:3)
  a +0 short sword
(8, 5, D:3)
  a +0 club
  a +0 ring mail
(9, -23, D:3)
  a +0 robe
(14, 0, D:3)
  a +0 short sword
(18, -10, D:3)
  a +1 short sword of venom (still there?)
  a stone (still there?)
  a +0 chain mail (still there?)
  a potion of mutation (still there?)
  4 gold pieces (still there?)
(32, -25, D:3)
  a +0 club
  a +0 animal skin
  the +1 helmet of Rauhudo {Contam rElec rCorr Int-4}
    Int:       It affects your intelligence (-4).
    rElec:     It insulates you from electricity.
    Contam:    It causes magical contamination when unequipped.
    rCorr:     It protects you from acid and corrosion.
  a +0 club
  a +2 vampiric dagger
  a +0 scale mail
(33, -25, D:3)
  a +0 club
  a +0 club
  a +0 club
  a +2 dagger of venom
  a +0 club
  a +0 club
  a +0 short sword
(34, -25, D:3)
  a +0 club
  a +0 short sword
  a +0 hand axe
  a +0 mace
  a +0 ring mail
(36, 8, D:3)
  a +0 leather armour
(39, -1, D:3)
  a +0 club

Level 4 of the Dungeon
(0, 0, D:4)
  2 boomerangs
(5, 7, D:4)
  a +0 mace
(8, -2, D:4)
  a +0 short sword
(9, -11, D:4)
  a +0 spear
(26, -2, D:4)
  a +0 barding
(27, 7, D:4)
  2 poisoned darts
(29, -40, D:4)
  a +0 mace
(30, 8, D:4)
  a +0 glaive
(32, -39, D:4)
  a +0 mace
(33, -41, D:4)
  2 poisoned darts
(39, -14, D:4)
  a +0 club
(40, 17, D:4)
  a +0 flail
(40, 18, D:4)
  a +0 dagger
(43, 17, D:4)
  a +0 sling
(55, -23, D:4)
  a +0 flail
  a boomerang
(55, 5, D:4)
  a +0 robe
(61, -31, D:4)
  a +0 long sword

Level 5 of the Dungeon
[Shop] Qeqia's Lightly-Used Armoury
  a -3 quick blade (1 gold)
  -2 pearl dragon scales (1170 gold)
  a -3 longbow (1 gold)
  a -2 demon whip (65 gold)
  -1 pearl dragon scales (1235 gold)
  a -1 quick blade (130 gold)
  -3 gold dragon scales (845 gold)
  a -3 bardiche (1 gold)
  a -3 triple sword (1 gold)
  a -2 eveningstar (65 gold)
  a -3 executioner's axe (1 gold)
  -2 gold dragon scales (910 gold)
(0, 0, D:5)
  a +0 club
(11, 26, D:5)
  a +0 short sword
(15, -9, D:5)
  a frilled lizard corpse (skeletalised by now)
(15, 30, D:5)
  6 stones
(18, -6, D:5)
  a +0 whip
  a +0 dagger
  a kobold corpse (skeletalised by now)
(18, -3, D:5)
  a +0 dagger
  3 poisoned darts
  a +0 short sword
  a +0 short sword
  2 stones
  a kobold skeleton
(24, 11, D:5)
  a +0 war axe
(24, 30, D:5)
  a +0 leather armour
(35, 19, D:5)
  a +0 dagger

