code2828

Level 1 of the Dungeon
(0, 0, D:1)
  4 stones
(3, 15, D:1)
  a stone
(5, 4, D:1)
  a +0 long sword
(6, 0, D:1)
  a +4 short sword
(7, -3, D:1)
  5 stones
(11, -15, D:1)
  a +0 dagger
(15, -21, D:1)
  a book of Transfigurations
(17, 10, D:1)
  a book of Lightning
(26, -2, D:1)
  a +0 robe
(37, -21, D:1)
  a +0 club
(37, -3, D:1)
  a +0 club
(37, -2, D:1)
  a +0 dagger
(51, 1, D:1)
  a +0 dagger
(53, 1, D:1)
  a +0 dagger

Level 2 of the Dungeon
(0, 0, D:2)
  3 boomerangs
(5, -1, D:2)
  a +0 ring mail
(9, -10, D:2)
  a +0 short sword
  5 stones
(20, -13, D:2)
  a +0 short sword
  3 stones

Level 3 of the Dungeon
(0, 0, D:3)
  a +0 club
  a +0 robe
(2, 3, D:3)
  a +0 short sword
  5 poisoned darts
(9, -11, D:3)
  a +0 whip
(14, -28, D:3)
  a +0 robe
(14, 2, D:3)
  a +0 helmet
(18, -16, D:3)
  a +0 whip
(20, -35, D:3)
  4 atropa-tipped darts
(45, 10, D:3)
  a +0 rapier
(52, -38, D:3)
  a +0 leather armour
(52, -32, D:3)
  a +0 robe

Level 4 of the Dungeon
(0, 0, D:4)
  a +0 whip
(2, -7, D:4)
  a +0 helmet
(10, 3, D:4)
  8 gold pieces
(11, 3, D:4)
  a scroll of torment
(11, 5, D:4)
  a ring of fire
(14, -8, D:4)
  5 stones
(18, 12, D:4)
  a +0 hand axe
(21, 3, D:4)
  a +0 flail
(21, 12, D:4)
  a +0 club
(22, 2, D:4)
  a +0 club
  a +0 dagger
(22, 3, D:4)
  a +0 club
  5 poisoned darts
(23, 2, D:4)
  a +0 flail
(23, 11, D:4)
  a +0 falchion
  2 boomerangs
  a +0 trident
  a +0 ring mail
(24, 11, D:4)
  a +0 dagger
  a +0 robe
(40, 2, D:4)
  6 stones
(45, -16, D:4)
  a book of Sloth
(45, -13, D:4)
  a +0 dagger
  a +0 ring mail
(53, -3, D:4)
  a +0 hand axe
  a +0 club
  a +0 leather armour of cold resistance
  a +0 whip
(55, 22, D:4)
  a +0 club
(58, 22, D:4)
  a +0 robe
(60, -15, D:4)
  a +0 hammer

Level 5 of the Dungeon
(0, 0, D:5)
  5 stones
(17, -9, D:5)
  a +0 leather armour
  a +0 mace
(17, -1, D:5)
  a +0 trident
(18, -10, D:5)
  a +0 leather armour
  a +0 short sword
(19, -10, D:5)
  a +0 robe
  a +0 dagger
(29, -13, D:5)
  a +0 spear
(31, -28, D:5)
  7 stones
(37, -36, D:5)
  a +0 spear
(37, -35, D:5)
  a +0 spear
  a +0 ring mail
(37, -34, D:5)
  a +0 spear
(38, -35, D:5)
  a +0 flail
  a +0 whip
(38, -22, D:5)
  a +0 whip
  a +0 leather armour
(38, -21, D:5)
  a +0 club
  a +0 chain mail
(43, -24, D:5)
  a +0 whip
  a +0 leather armour
(45, -24, D:5)
  a +0 mace

Level 6 of the Dungeon
(0, 0, D:6)
  a +0 robe
(2, 7, D:6)
  a +0 morningstar
  a +0 short sword
(2, 8, D:6)
  a +0 dagger of protection
  a +0 ring mail
(10, -1, D:6)
  a +0 giant club
(11, -1, D:6)
  a +0 hand axe
  a +0 chain mail
(14, 13, D:6)
  4 stones
(16, 13, D:6)
  a +0 short sword
(16, 25, D:6)
  a +0 dagger
(17, 13, D:6)
  a +1 scale mail of cold resistance
  a +0 club
  a +0 ring mail
(18, 13, D:6)
  a +0 dagger
(24, 14, D:6)
  a +0 scythe
  a +0 robe
(26, 5, D:6)
  a +2 whip of freezing
  a +0 robe
(26, 13, D:6)
  a +0 dagger
(27, 25, D:6)
  a ring of see invisible
(33, -3, D:6)
  a +0 short sword
  a +0 ring mail
(34, -5, D:6)
  a +0 dagger
  a +0 robe
(35, -6, D:6)
  a +0 rapier
  a +0 leather armour
(49, 7, D:6)
  a +0 mace
(50, 7, D:6)
  a +0 falchion
(51, 7, D:6)
  a +0 club
  a +0 leather armour

Level 7 of the Dungeon
(1, -24, D:7)
  a +0 club
  a +0 ring mail
(1, -17, D:7)
  a +0 flail
  3 boomerangs
(1, -15, D:7)
  a +0 dagger
  a +0 robe
  a +0 dagger
  a +0 robe
  a +0 short sword
(2, -25, D:7)
  a +0 trident
  a +0 leather armour
(2, -24, D:7)
  a +0 dagger
(2, -23, D:7)
  a +0 vorpal war axe
  a +0 arbalest
(3, -24, D:7)
  a +0 flail
  a +0 ring mail
(4, -7, D:7)
  a +0 leather armour
(13, 7, D:7)
  a +0 shortbow
(14, -29, D:7)
  a +0 quarterstaff
(14, -2, D:7)
  a +0 rapier
(15, -11, D:7)
  a +0 war axe
(16, 6, D:7)
  a book of Air
(19, -2, D:7)
  5 javelins
(26, 0, D:7)
  a +0 trident
(39, -26, D:7)
  +0 steam dragon scales
(39, -12, D:7)
  a +0 ring mail
  a +0 club
  a +0 leather armour
  a +0 quarterstaff
  a +0 sling
(40, -14, D:7)
  a +0 falchion
(40, -11, D:7)
  a +0 leather armour
  a +0 short sword
  a +0 robe
  a +0 dagger
(40, -10, D:7)
  a +0 ring mail
  a +0 morningstar
  a +2 falchion of flaming

Level 8 of the Dungeon
(0, 0, D:8)
  a staff of conjuration
(1, 39, D:8)
  a +0 falchion
(4, -13, D:8)
  a +0 falchion
(4, 35, D:8)
  a +0 ring mail
(10, 34, D:8)
  +0 steam dragon scales
(11, 11, D:8)
  a +0 flail
  a +0 robe
(11, 12, D:8)
  a +0 falchion
  a +0 club
  a +2 dagger of venom
  a +0 robe
  a +2 short sword
  5 poisoned darts
  a +0 robe
  a +2 dagger of draining
  a +0 ring mail
  a +2 dire flail
  a +0 robe
(11, 13, D:8)
  a +0 trident
  a +0 halberd
  a +0 robe
(13, -19, D:8)
  5 stones
(13, -18, D:8)
  a scroll of immolation
(19, 7, D:8)
  a +0 short sword
  a +0 robe
(20, 4, D:8)
  a +0 falchion
(20, 8, D:8)
  a +3 dire flail
  a +0 robe
(21, -19, D:8)
  7 stones
(21, 7, D:8)
  a +2 hand axe
  a +0 robe
(21, 8, D:8)
  a +0 mace
  a +0 robe
(25, -3, D:8)
  a +4 falchion
  a +0 robe
(30, -16, D:8)
  4 stones
(32, 31, D:8)
  a +0 great sword
  a +0 robe
  a +4 hand axe
  a +0 robe
  a +0 halberd
  a +0 robe
(32, 32, D:8)
  a +0 scimitar
  a +0 robe
  a +3 long sword
  a +0 robe
(33, 23, D:8)
  a +1 short sword of draining
(39, 13, D:8)
  2 stones
(50, 18, D:8)
  3 stones
(55, 37, D:8)
  a +0 dagger
(56, 34, D:8)
  a +0 club
(56, 35, D:8)
  a +0 whip
  a +0 dagger
(58, 38, D:8)
  a +0 scale mail

Level 9 of the Dungeon
(0, 0, D:9)
  a +0 robe
  a +0 dagger
(1, 1, D:9)
  a +0 club
  a +0 dagger of protection
  a +0 hand axe
  a +0 leather armour
(9, -9, D:9)
  the +2 robe "Suiqila" {Stlth+}
    Stlth:     It makes you more stealthy.
(13, -28, D:9)
  a +0 vorpal shortbow
(13, 7, D:9)
  6 stones
(14, 5, D:9)
  a +0 dagger
(15, -18, D:9)
  a staff of poison
(15, -14, D:9)
  a +0 giant spiked club
  a +0 giant club
(16, -13, D:9)
  a staff of cold
(18, -14, D:9)
  a +0 whip
(18, -9, D:9)
  a +0 scale mail
(24, -22, D:9)
  5 stones
(25, -22, D:9)
  10 stones
(26, -22, D:9)
  15 stones
(33, -17, D:9)
  a +0 hand axe
  a +0 leather armour
  a +0 flail
  a +1 dagger of electrocution
  a +0 leather armour
  a +0 falchion
  a +0 chain mail
  a +0 hand axe
  a +0 scale mail
  a +0 hand axe
  a +0 plate armour
  a +0 short sword
  a +3 flail
  a +0 ring mail
  a +0 falchion of holy wrath
  a +0 leather armour
  a +0 mace
  a +0 whip
  a +0 leather armour
  a +0 hand axe
  a +0 plate armour
  5 boomerangs
  a +0 mace
(33, -16, D:9)
  a +0 short sword
(34, -13, D:9)
  a +0 hand axe
(35, -10, D:9)
  a +0 club
  a +0 leather armour
  a +0 war axe
  a +0 leather armour
  a +0 dagger
(35, -9, D:9)
  a +0 hand axe
  2 boomerangs
  a +0 scale mail
  a +0 trident
  a +0 plate armour
(35, -8, D:9)
  a +0 long sword of distortion
  a +0 plate armour
  a +1 dagger of speed
  a +0 leather armour
(36, -33, D:9)
  a +0 halberd
  a +0 chain mail
(37, -33, D:9)
  a +0 short sword
  a +0 dagger
  a +0 robe
  a +0 flail
  a +0 scale mail
(38, -15, D:9)
  a +0 giant club
  a +0 giant club
(49, -23, D:9)
  a +0 great sword
(50, -20, D:9)
  a +0 spear
(50, -18, D:9)
  a +0 club
  a +0 trident
  a +0 ring mail
  a +0 kite shield
(50, -17, D:9)
  a +0 whip
  a +0 whip
  a +0 flail
  a +0 flail
  a +0 whip
  a +0 leather armour
  a +0 club
  a +0 club
(51, -18, D:9)
  a +0 halberd
(54, -30, D:9)
  9 stones
(61, -22, D:9)
  4 stones

Level 10 of the Dungeon
(2, 14, D:10)
  a +0 mace
(6, 27, D:10)
  7 stones
(10, -7, D:10)
  a +0 giant club
  a +0 giant spiked club
(11, 8, D:10)
  a +0 ring mail
(16, -1, D:10)
  a +0 quarterstaff
(17, 1, D:10)
  a +0 long sword
(20, 10, D:10)
  a +0 falchion
(29, -3, D:10)
  a +0 hand axe
(32, -6, D:10)
  a +0 dagger
  a +0 robe
(33, -5, D:10)
  +0 acid dragon scales
(34, -4, D:10)
  a +0 dagger
  a +0 robe
(37, 17, D:10)
  a +0 flail
(38, 17, D:10)
  a +0 flail
  a +0 chain mail
  a +0 dagger
  a +0 leather armour
(39, 17, D:10)
  a +0 dagger
(40, 20, D:10)
  a ring of see invisible
(42, 20, D:10)
  a +0 chain mail
(43, 6, D:10)
  a +0 dagger of draining
  a +0 robe
(44, 7, D:10)
  a +2 dagger of venom
  a +0 robe
(45, 7, D:10)
  a +0 dagger
  a +0 robe
(45, 8, D:10)
  a +0 dagger
  a +0 robe
  a +0 dagger
  a +0 robe
(47, 11, D:10)
  6 poisoned darts
(57, 11, D:10)
  a +0 scale mail

Level 11 of the Dungeon
(0, 0, D:11)
  4 stones
(10, 3, D:11)
  a box of beasts
(13, 35, D:11)
  a +0 great sword
(15, -4, D:11)
  3 large rocks
(15, -1, D:11)
  5 stones
(15, 30, D:11)
  a +4 dagger
  a +0 robe
(16, 27, D:11)
  a +3 dagger
  a +0 robe
(17, 27, D:11)
  a +0 short sword
  3 poisoned darts
  a +0 chain mail
(21, 14, D:11)
  3 poisoned darts
(21, 27, D:11)
  a +0 dagger
  a +0 robe
(29, 17, D:11)
  a tin of tremorstones (2/2)
(33, 3, D:11)
  a +1 short sword of flaming
  a +0 shortbow
(33, 4, D:11)
  a +0 short sword
  4 poisoned darts
(34, 3, D:11)
  a +0 short sword
  a +0 whip
(34, 4, D:11)
  a +0 short sword
(39, 27, D:11)
  8 stones
(41, 8, D:11)
  3 stones

Level 12 of the Dungeon
(0, 0, D:12)
  a yak corpse
  a yak corpse
(1, -36, D:12)
  a +0 quarterstaff
(2, 0, D:12)
  a redback corpse
(10, 4, D:12)
  a +0 dagger of venom
  a +0 robe
  the human corpse of Josephine
(16, -37, D:12)
  a +0 troll leather armour
(16, -27, D:12)
  a +0 chain mail
(25, -21, D:12)
  a +0 dagger
(27, -41, D:12)
  3 stones
(50, 8, D:12)
  a +0 short sword
(52, 1, D:12)
  7 stones

the Ecumenical Temple

