code2828

Level 1 of the Dungeon
(0, 0, D:1)
  a staff of poison
(2, -9, D:1)
  a +0 dagger
(13, 26, D:1)
  a +0 club
(13, 31, D:1)
  5 stones
(16, -7, D:1)
  a +0 dagger
(17, 44, D:1)
  a +0 club
  a stone
(20, 23, D:1)
  7 stones
(23, 18, D:1)
  a +0 club
(27, 14, D:1)
  a +0 dagger
  2 stones
(37, -10, D:1)
  a +0 leather armour
(42, 4, D:1)
  a staff of fire
(45, 32, D:1)
  7 stones
(48, 35, D:1)
  a +0 dagger

Level 2 of the Dungeon
(0, 0, D:2)
  a +0 short sword
  a stone
(1, 49, D:2)
  a +0 dagger
(16, 55, D:2)
  a +0 dagger
(19, 29, D:2)
  a +0 club
  a +0 sling
  a +0 club
(20, 30, D:2)
  a +0 dagger
(21, 8, D:2)
  a +0 club
(21, 30, D:2)
  a +0 mace
  a +0 animal skin
  a +0 helmet
  a +0 dagger
  a +0 sling
(22, 50, D:2)
  a +0 hammer
(36, 9, D:2)
  a +0 club
(36, 45, D:2)
  a +0 club
(46, 24, D:2)
  a +0 short sword
(57, 31, D:2)
  a +0 leather armour
(59, 42, D:2)
  a +0 club
  4 stones
(59, 47, D:2)
  a +0 club

Level 3 of the Dungeon
(0, 0, D:3)
  a +0 hand axe
(1, -32, D:3)
  a +0 buckler
(9, -26, D:3)
  a +0 mace
(17, -47, D:3)
  4 stones
(25, -44, D:3)
  a +0 mace
(25, -42, D:3)
  a +0 dagger
  a +0 leather armour
(52, -38, D:3)
  a +0 hand axe
(52, -23, D:3)
  9 stones
(58, -2, D:3)
  a +0 robe
(60, -21, D:3)
  a +0 club
(69, -5, D:3)
  a +0 short sword

Level 4 of the Dungeon
(0, 0, D:4)
  a scorpion corpse
(0, 1, D:4)
  5 gold pieces
(11, 16, D:4)
  a +0 hat
(12, 18, D:4)
  a +0 sling
(12, 19, D:4)
  a +0 short sword
(14, 15, D:4)
  a book of Displacement
(22, 18, D:4)
  a scroll of identify
(24, 18, D:4)
  a +0 club
(28, 17, D:4)
  9 gold pieces
(32, 24, D:4)
  6 poisoned darts
(35, 24, D:4)
  3 stones

