code2828

Level 1 of the Dungeon
(0, 0, D:1)
  a +0 plate armour
(1, 10, D:1)
  a +0 dagger
(9, -17, D:1)
  a +0 whip
(10, -18, D:1)
  a +0 club
(13, -17, D:1)
  a +0 club
(15, -22, D:1)
  a +0 leather armour
(21, -8, D:1)
  5 javelins
(24, -5, D:1)
  5 stones
(26, -3, D:1)
  a +0 club
(34, 8, D:1)
  a +0 club
(50, -8, D:1)
  a +0 whip
  5 stones

Level 2 of the Dungeon
(0, 0, D:2)
  a +0 dagger
(1, 2, D:2)
  a +0 dagger
(6, -14, D:2)
  a +0 sling
  a +2 dagger of flaming
(6, -11, D:2)
  a +0 dagger
(6, 16, D:2)
  a +0 scythe of protection
  a +0 robe
(16, -1, D:2)
  a +0 leather armour
(16, 4, D:2)
  a +0 dagger
(17, -23, D:2)
  a +0 dagger
(23, 2, D:2)
  a +0 club
(30, 2, D:2)
  a +0 short sword
(31, 2, D:2)
  a +0 dagger
  a +0 club
(32, 18, D:2)
  a +0 falchion
(36, -12, D:2)
  a +0 pair of gloves
(38, -15, D:2)
  a +0 club
(39, 8, D:2)
  a +0 ring mail
(43, -6, D:2)
  a +0 club

Level 3 of the Dungeon
(0, 0, D:3)
  a +0 spear
(1, -3, D:3)
  6 stones
(7, 16, D:3)
  a +0 leather armour
  a +0 robe
  a +0 club
(8, 22, D:3)
  a +0 club
(9, 14, D:3)
  a +0 hand axe
(12, 21, D:3)
  a +0 robe
(15, 7, D:3)
  a +0 leather armour
  a +0 flail
(15, 8, D:3)
  a +0 trident
  a +0 leather armour
  a +0 mace
(15, 9, D:3)
  a +0 robe
  a +0 dagger
(16, 8, D:3)
  a +0 whip
(27, -5, D:3)
  7 stones
(27, -4, D:3)
  a +0 club
(28, 15, D:3)
  a +0 club
(38, -3, D:3)
  a +0 ring mail
(39, -2, D:3)
  a +0 club
(41, -7, D:3)
  a +0 mace
(43, -10, D:3)
  a +0 leather armour
  a +0 mace
(46, -12, D:3)
  a +0 hand axe
  a +0 leather armour

Level 4 of the Dungeon
[Shop] Atwaon's Antique Weapon Emporium
  a +0 club (29 gold)
  a +0 club (29 gold)
  the +3 flail "Qomehun" {venom, Str+3} (942 gold)
    It poisons the flesh of those it strikes.
    
    Str:       It affects your strength (+3).
  a +0 battleaxe (188 gold)
  a +0 club (29 gold)
  a +0 rapier (116 gold)
  a +2 vampiric short sword (609 gold)
[Shop] Aliplesaatt's Distillery
  2 potions of lignification (60 gold)
  a potion of resistance (100 gold)
  a potion of attraction (30 gold)
  2 potions of flight (60 gold)
  a potion of flight (30 gold)
(13, 17, D:4)
  a +0 club
  a +0 leather armour
  a +0 trident
(13, 18, D:4)
  a +0 club
  a +0 ring mail
  a +0 dagger of speed
  a +0 robe
(19, 9, D:4)
  a +0 giant club
(19, 29, D:4)
  a +0 scimitar
(20, 19, D:4)
  a +0 falchion
  a +1 leather armour of cold resistance
(20, 20, D:4)
  a +0 flail
(24, 0, D:4)
  a +0 glaive
  a +0 robe
(24, 9, D:4)
  a +0 spear
  a +0 whip
(28, 15, D:4)
  a +0 arbalest
(40, 3, D:4)
  a +0 whip
(43, 30, D:4)
  a +0 club
  3 stones
(52, 5, D:4)
  5 stones
(60, 34, D:4)
  a +0 club
  4 stones
(66, 43, D:4)
  a +0 club

Level 5 of the Dungeon
[Shop] Xymoeg's Jewellery Boutique
  an amulet of the acrobat (330 gold)
  a +6 ring of intelligence (396 gold)
  a ring of ice (275 gold)
  the ring "Ilom" {rElec rPois rCorr Dex+3 Slay-5} (273 gold)
    [ring of poison resistance]
    
    Dex:       It affects your dexterity (+3).
    Slay:      It affects your accuracy & damage with ranged weapons and melee
    (-5).
    rElec:     It insulates you from electricity.
    rPois:     It protects you from poison.
    rCorr:     It protects you from acid and corrosion.
  a ring of see invisible (165 gold)
  a ring of magical power (220 gold)
  a ring of poison resistance (220 gold)
(14, -1, D:5)
  a +0 falchion
(14, 26, D:5)
  a +0 whip
(18, 27, D:5)
  a +0 leather armour
(20, -7, D:5)
  a +0 dagger
  a +0 robe
  a +0 dagger
  a +0 robe
(20, -6, D:5)
  a +0 mace
  a +0 hand axe
  a +0 war axe
(21, 15, D:5)
  a +0 robe
(31, -7, D:5)
  a +0 leather armour
(36, 6, D:5)
  a +1 flail of holy wrath
  a +0 leather armour

Level 6 of the Dungeon
(0, 0, D:6)
  a +0 giant club
(12, -3, D:6)
  a +0 great sword
  a +0 robe
(13, -13, D:6)
  a +0 robe
  a +5 long sword of freezing
(14, -27, D:6)
  a +0 flail
(14, -14, D:6)
  a +0 robe
  a +3 long sword of freezing
  a +0 leather armour
  a +0 club
  a +0 leather armour
  a +0 club
(14, -3, D:6)
  a +4 flail
  a +0 robe
(15, -27, D:6)
  a +0 spear
  a +2 vorpal spear
  a +2 scale mail of poison resistance
  a +0 kite shield
(15, -26, D:6)
  a +0 spear
(16, -3, D:6)
  a +0 dagger
  a +0 robe
(16, 1, D:6)
  a +0 war axe
  a +0 robe
(18, -48, D:6)
  5 stones
(18, -7, D:6)
  a +0 short sword
(21, -5, D:6)
  a +0 leather armour
(29, -13, D:6)
  6 boomerangs
(46, -13, D:6)
  a +0 halberd
(47, -15, D:6)
  a +0 whip
  a +0 robe
(47, -14, D:6)
  a +0 whip
  a +0 flail
(47, -13, D:6)
  a +0 halberd
(47, -12, D:6)
  a +0 spear
(55, -10, D:6)
  a +0 spear

Level 7 of the Dungeon
(0, 0, D:7)
  a +0 long sword of flaming
  +0 swamp dragon scales
(11, -30, D:7)
  3 stones
(27, -1, D:7)
  a +0 chain mail
  a +0 club
(36, -26, D:7)
  a +0 robe
(38, -24, D:7)
  6 stones
  a +0 robe
  a +0 halberd
(39, -23, D:7)
  a +0 robe
  a +2 whip of freezing
(39, -1, D:7)
  a +0 ring mail
(40, -25, D:7)
  a +0 robe
  a +0 trident
(40, -24, D:7)
  a +0 robe
  a +0 dagger

Level 8 of the Dungeon
(0, 0, D:8)
  a +0 whip
(1, 1, D:8)
  a +0 whip
  a +0 club
(2, 1, D:8)
  a +0 whip
(12, 10, D:8)
  a +0 spear
  a +0 scale mail
(14, -15, D:8)
  a +0 flail
(15, -13, D:8)
  a +0 flail
(28, -1, D:8)
  a +0 whip
(32, 5, D:8)
  a +0 giant club
  a +0 giant spiked club
(34, -37, D:8)
  2 stones
(34, -26, D:8)
  a +0 shortbow
(36, -19, D:8)
  a +0 whip
(37, 3, D:8)
  a +0 spear
(38, -25, D:8)
  a +0 club
  a +0 leather armour
(41, 19, D:8)
  a +0 spear
(42, 15, D:8)
  a +3 mace
  a +0 robe
  a +0 trident
  a +0 robe
(50, 20, D:8)
  a +0 whip
(51, -34, D:8)
  a +0 hand axe
  a +0 robe
(51, 22, D:8)
  a +0 leather armour
(52, -34, D:8)
  a +0 hand axe of freezing
  a +0 robe
(53, -35, D:8)
  a +0 whip
  a +0 leather armour
(53, -34, D:8)
  a staff of poison
(60, -6, D:8)
  the +4 dagger of the Aged Runes {flame, rN+ Dex+3}
    It burns those it strikes, dealing additional fire damage.
    
    Dex:       It affects your dexterity (+3).
    rN:        It protects you from negative energy.
(66, -32, D:8)
  a +0 club

Level 9 of the Dungeon
(0, 0, D:9)
  a +0 flail
(4, -7, D:9)
  a +0 leather armour
(10, -4, D:9)
  a +0 leather armour
  a +0 club
  a +0 club
  a +0 chain mail
  a +0 flail
(12, -4, D:9)
  a +0 leather armour
  a +0 flail
(12, 1, D:9)
  a +0 robe
  a +0 dagger
(17, 1, D:9)
  a +2 robe of willpower
  a +0 scimitar of flaming
(20, -2, D:9)
  a +0 club
(20, -1, D:9)
  a +0 hand axe
(20, 0, D:9)
  a +0 leather armour
  a +0 short sword
(22, -1, D:9)
  a +0 plate armour
  a +0 halberd
  a +0 arbalest
(25, -6, D:9)
  a +0 whip
(25, -4, D:9)
  a +0 plate armour
  a +0 scimitar
(30, -8, D:9)
  a +0 great sword
(37, -14, D:9)
  a +0 hand axe
(38, -14, D:9)
  a +0 dagger
  a +0 robe
(38, -13, D:9)
  a +0 dagger
  a +0 robe
(38, -12, D:9)
  a +0 whip
(39, -2, D:9)
  7 stones
(41, -13, D:9)
  a +0 war axe

Level 10 of the Dungeon
(0, 13, D:10)
  a +0 long sword
(7, 42, D:10)
  3 stones
(12, 23, D:10)
  a +0 robe
  a +0 dagger
(12, 39, D:10)
  4 atropa-tipped darts
(14, 21, D:10)
  a +0 short sword
  a +0 leather armour
(14, 23, D:10)
  a +0 hand axe
(15, 21, D:10)
  a +0 whip
  a +0 ring mail
(16, 25, D:10)
  6 boomerangs
(20, 22, D:10)
  a +0 pair of gloves
(24, 12, D:10)
  a +0 hand axe
(24, 13, D:10)
  a +2 vorpal hand axe
  a +0 leather armour
(25, 21, D:10)
  a +0 troll leather armour
(27, -1, D:10)
  a +0 scale mail
(28, 27, D:10)
  a +0 mace
(28, 31, D:10)
  a +0 robe
(29, 13, D:10)
  a +0 whip
  a +0 chain mail
(29, 14, D:10)
  a +0 club
  3 boomerangs
(30, 13, D:10)
  a +0 war axe
  a +0 chain mail
(30, 14, D:10)
  a +0 dagger
(31, 15, D:10)
  a +0 short sword
  a +0 leather armour
(32, -1, D:10)
  a +0 robe
  a +0 dagger
(39, 39, D:10)
  a scroll of fear
  a +0 shortbow
  a centaur corpse
(40, -1, D:10)
  a +0 morningstar
(40, 18, D:10)
  a +0 whip
  5 stones
(41, 37, D:10)
  a river rat corpse
(42, 18, D:10)
  a +0 club
(45, 23, D:10)
  a +0 club
  a +0 dagger
  a +0 robe
(46, 16, D:10)
  a +0 dagger
  a +0 robe
(64, 44, D:10)
  8 stones

Level 11 of the Dungeon
(0, 28, D:11)
  21 gold pieces
(0, 29, D:11)
  a manual of Throwing
(0, 30, D:11)
  a wand of mindburst (7)
(3, 6, D:11)
  a +0 hand axe
  a +0 chain mail
(4, 5, D:11)
  a +0 dagger
  a +0 robe
(4, 6, D:11)
  a +0 dagger
  a +0 robe
(4, 8, D:11)
  a +0 dagger
  a +0 robe
(25, 15, D:11)
  a +0 hand axe
  a +0 dagger
  a +0 robe
(25, 16, D:11)
  a +0 leather armour
(25, 17, D:11)
  a +0 short sword
  a +0 ring mail
(31, 1, D:11)
  a +0 long sword
(40, 14, D:11)
  a +0 short sword
  a +0 robe
  a +0 dagger
  a +0 chain mail
  a +0 broad axe
  3 large rocks
(45, 1, D:11)
  a poisoned dart
(46, -1, D:11)
  a poisoned dart

Level 12 of the Dungeon
(0, 0, D:12)
  a potion of curing
(3, -2, D:12)
  a scroll of identify

the Ecumenical Temple

