code2828

Level 1 of the Dungeon
[Shop] Wioc's Assorted Antiques
  3 scrolls of immolation (396 gold)
  a scroll of enchant armour (247 gold)
  a scroll of torment (313 gold)
  a potion of invisibility (264 gold)
  a wand of flame (20) (462 gold)
  a potion of curing (99 gold)
(0, 0, D:1)
  a +0 short sword
  a stone
(2, 13, D:1)
  a +0 whip
  3 stones
(26, 10, D:1)
  a +0 dagger
(30, -2, D:1)
  a +0 falchion
(30, 19, D:1)
  a +0 club
(35, 28, D:1)
  a +0 whip
(37, 19, D:1)
  a +0 whip

Level 2 of the Dungeon
(0, 0, D:2)
  a stone
(10, 33, D:2)
  a +0 robe
(11, 33, D:2)
  a +0 scale mail
(25, -5, D:2)
  2 stones
(27, 21, D:2)
  a +0 scale mail
(36, 41, D:2)
  a +0 chain mail
(36, 42, D:2)
  a +0 club
(39, 19, D:2)
  9 stones
(54, 6, D:2)
  a +0 dagger
(58, 4, D:2)
  5 poisoned darts
(58, 5, D:2)
  a stone
(63, 21, D:2)
  a +0 whip

Level 3 of the Dungeon
(5, -47, D:3)
  a +0 robe
(21, -9, D:3)
  a +0 war axe
(22, 8, D:3)
  a +0 dagger
(32, -43, D:3)
  a +0 robe
(38, -48, D:3)
  a +0 war axe
(46, -5, D:3)
  a +0 club
(47, -2, D:3)
  a +0 whip
  6 stones
(56, -29, D:3)
  a +0 short sword

Level 4 of the Dungeon
(0, 0, D:4)
  a +0 robe
  a +0 ring mail
(1, -8, D:4)
  a +0 dagger
(3, -8, D:4)
  a +0 club
(12, 8, D:4)
  a +0 ring mail
(15, -35, D:4)
  a +0 quarterstaff
(22, -34, D:4)
  a +0 club
  a +0 ring mail
  an orc corpse
(22, -33, D:4)
  a +0 club
  a +0 leather armour
  an orc corpse
(25, -9, D:4)
  an adder corpse (skeletalised by now)
(26, -41, D:4)
  a +0 ring mail
(26, -35, D:4)
  a +0 whip
  a +0 dagger of freezing
  a boomerang
  a +0 scale mail
(27, -35, D:4)
  a +0 club
  a +1 war axe of venom
  an orc corpse
  an orc corpse

