code2828

Level 1 of the Dungeon
(5, 29, D:1)
  a stone
(7, 29, D:1)
  6 stones
(22, 11, D:1)
  a +0 robe
(25, 34, D:1)
  a +0 club
(33, 28, D:1)
  3 stones
  a +0 whip
(35, 25, D:1)
  a +0 ring mail
(37, 42, D:1)
  a +0 club
  a +0 robe
(38, 12, D:1)
  a +0 dagger
(40, 12, D:1)
  a +0 club
(44, 46, D:1)
  a +0 robe
  a scarf of harm
(48, 20, D:1)
  a +0 club

Level 2 of the Dungeon
[Shop] Wilaom's Magic Scroll Emporium
  a scroll of enchant armour (82 gold)
  a scroll of blinking (82 gold)
  a scroll of torment (104 gold)
  a scroll of identify (22 gold)
  a scroll of identify (22 gold)
  a scroll of teleportation (33 gold)
  a scroll of immolation (44 gold)
  a scroll of identify (22 gold)
  a scroll of identify (22 gold)
[Shop] Girphus's Assorted Antiques
  a scroll of brand weapon (190 gold)
  a scroll of identify (40 gold)
  a scroll of vulnerability (80 gold)
  a +8 plate armour of ponderousness (800 gold)
  a lightning rod (4/4) (600 gold)
  a scroll of identify (40 gold)
  a +0 scale mail (80 gold)
  a potion of might (80 gold)
  a scroll of poison (80 gold)
(0, 0, D:2)
  11 gold pieces
(4, 24, D:2)
  a +0 club
  a goblin corpse
(12, 21, D:2)
  2 stones
(15, 5, D:2)
  4 stones
  a +0 dagger
  a kobold corpse (skeletalised by now)
(15, 15, D:2)
  a ball python corpse
(17, 15, D:2)
  a ball python corpse
(24, 18, D:2)
  a +0 leather armour
(33, 14, D:2)
  4 stones

