code2828

Level 1 of the Dungeon
[Shop] Mutruqoi's Distillery
  a potion of might (56 gold)
  a potion of resistance (140 gold)
  2 potions of haste (280 gold)
  a potion of cancellation (112 gold)
  a potion of brilliance (56 gold)
  a potion of heal wounds (70 gold)
  a potion of brilliance (56 gold)
  2 potions of curing (84 gold)
  a potion of degeneration (14 gold)
  a potion of magic (112 gold)
[Shop] Quhuxt's Armour Emporium
  a +4 ring mail of fire resistance (434 gold)
  the +2 pair of gloves of Xeoh {Harm rF+} (399 gold)
    rF:        It protects you from fire.
    Harm:      It increases damage dealt and taken.
  a +0 ring mail (56 gold)
  a +0 ring mail (56 gold)
  a +0 robe (9 gold)
  a +0 robe (9 gold)
[Shop] Jovil's Magic Scroll Emporium
  a scroll of enchant weapon (97 gold)
  a scroll of identify (26 gold)
  a scroll of torment (123 gold)
  a scroll of torment (123 gold)
  a scroll of magic mapping (97 gold)
  a scroll of identify (26 gold)
  a scroll of noise (13 gold)
  a scroll of fog (52 gold)
  a scroll of amnesia (52 gold)
(0, 0, D:1)
  a rat corpse (skeletalised by now)
  a rat corpse (skeletalised by now)
  a bat corpse (skeletalised by now)
(32, 16, D:1)
  a bat corpse
(34, 15, D:1)
  a +0 short sword
(35, 2, D:1)
  a +0 scale mail
(37, 0, D:1)
  a +0 dagger
  a ball python corpse
  a goblin corpse
(37, 2, D:1)
  a kobold corpse
(46, 29, D:1)
  a jackal corpse
  a jackal corpse
(50, 30, D:1)
  5 stones

