code2828

Level 1 of the Dungeon
(6, 30, D:1)
  a +0 dagger
(14, 29, D:1)
  5 stones
(16, 4, D:1)
  a +0 sling
(21, 0, D:1)
  a +0 dagger
(39, 2, D:1)
  a +0 hand axe
(44, 23, D:1)
  a +0 dagger
(45, 9, D:1)
  a +0 dagger

Level 2 of the Dungeon
(0, 0, D:2)
  a bat corpse (skeletalised by now)
(5, 11, D:2)
  7 stones
(6, -5, D:2)
  9 stones
(11, 3, D:2)
  a +0 club
(14, 2, D:2)
  a +0 dagger
(16, 7, D:2)
  a +0 club
  a goblin corpse (skeletalised by now)
(17, 7, D:2)
  a +0 dagger
(21, 9, D:2)
  a +0 scythe
  a +0 robe
  the human corpse of Sigmund (skeletalised by now)
(22, 4, D:2)
  2 potions of attraction
(23, 7, D:2)
  a +0 club
(25, 4, D:2)
  a bat corpse (skeletalised by now)
(38, -1, D:2)
  a +0 club
  a goblin corpse
(39, -6, D:2)
  a +0 dagger
(39, -5, D:2)
  a +0 club
(39, -3, D:2)
  a +0 club
  a +0 club
  a goblin corpse
  a goblin corpse
(39, -2, D:2)
  a +0 whip
  12 gold pieces
(39, -1, D:2)
  a +0 flail
  a +0 short sword
  a +0 animal skin
  a +0 helmet
  a +0 club
  a hobgoblin corpse
  a goblin corpse
(39, 1, D:2)
  a +0 dagger
  a +0 club
(53, 13, D:2)
  5 large rocks

