code2828

Level 1 of the Dungeon
(0, 0, D:1)
  a +0 plate armour
(5, 8, D:1)
  a +0 whip
(5, 36, D:1)
  a +0 dagger
(11, 31, D:1)
  8 stones
(17, 24, D:1)
  2 large rocks
(19, 16, D:1)
  5 stones
(23, 11, D:1)
  a +0 dagger
  4 stones
(35, -5, D:1)
  a +0 whip
(37, 51, D:1)
  4 stones
(42, 9, D:1)
  a +0 club
(46, -4, D:1)
  a +0 dagger
  5 stones
(60, 30, D:1)
  a +0 barding
(62, 51, D:1)
  a +0 club

Level 2 of the Dungeon
(0, 0, D:2)
  a +0 whip
  6 stones
(4, -27, D:2)
  a +0 sling
(4, -26, D:2)
  a +0 short sword
  a stone
(4, -2, D:2)
  a +0 short sword
(16, 4, D:2)
  a +0 club
  2 stones
(21, -12, D:2)
  a +0 dagger
(24, 7, D:2)
  a +0 club
(31, -6, D:2)
  a +0 club
  a +0 sling
(34, 9, D:2)
  4 stones
(36, 2, D:2)
  a ring of poison resistance

Level 3 of the Dungeon
[Shop] Ofyewk's Weapon Shop
  a +0 rapier (44 gold)
  a +0 spectral giant spiked club (73 gold)
  a +0 spear (33 gold)
  a +0 dagger (22 gold)
  the +4 spear "Deiroo Qugue" {drain, rElec rF+ rC+} (587 gold)
    A truly terrible weapon, it drains the life of any living foe it strikes.
    
    rF:        It protects you from fire.
    rC:        It protects you from cold.
    rElec:     It insulates you from electricity.
  a +0 club (11 gold)
  a +0 flail (38 gold)
(0, 0, D:3)
  a +0 dagger
(5, 0, D:3)
  a +0 ring mail
(6, 24, D:3)
  a +0 leather armour
(18, 2, D:3)
  a +0 club
(23, 13, D:3)
  a +0 dagger
(25, 14, D:3)
  a +0 flail
(25, 43, D:3)
  a +0 dagger
  2 poisoned darts
(30, 6, D:3)
  a +0 mace
(32, 18, D:3)
  a +0 spear
(33, -1, D:3)
  a +0 flail
(33, 5, D:3)
  7 stones
(35, 10, D:3)
  a +0 ring mail
(38, 15, D:3)
  a stone
  a +0 whip
(39, 10, D:3)
  a +0 dagger

Level 4 of the Dungeon
(0, 0, D:4)
  a +0 leather armour
(20, -31, D:4)
  a +0 giant spiked club
  an ogre corpse (skeletalised by now)
(24, -26, D:4)
  an adder corpse
(25, -28, D:4)
  a +0 short sword
(27, -43, D:4)
  a +0 dagger
(28, -42, D:4)
  4 stones
  a +0 short sword
(28, -40, D:4)
  4 stones
(29, -39, D:4)
  a +0 spear
(30, -38, D:4)
  a +0 whip
  a +0 leather armour
(30, -28, D:4)
  a +0 spear
(31, -37, D:4)
  a +0 halberd
(32, -40, D:4)
  a +0 robe
(32, -33, D:4)
  a +0 whip
(33, -44, D:4)
  a +0 spear
(34, -35, D:4)
  a +0 club
(44, -14, D:4)
  a quokka skeleton
(46, -14, D:4)
  a +0 dagger
(46, -12, D:4)
  a +0 dagger
(51, -20, D:4)
  a +0 mace
  a +0 chain mail
(62, -42, D:4)
  a +0 short sword
  2 stones
(64, -53, D:4)
  the +0 ring mail "Zecosk" {Will+ Dex+4}
    Dex:       It affects your dexterity (+4).
    Will:      It increases your willpower.

Level 5 of the Dungeon
(0, 0, D:5)
  a +0 dagger
(4, -3, D:5)
  a +0 ring mail
  a +0 club

