code2828

Level 1 of the Dungeon
(0, 0, D:1)
  a +0 robe
(0, 6, D:1)
  a staff of earth
(6, 2, D:1)
  a +0 dagger
  4 stones
(7, 34, D:1)
  a +0 short sword
(14, 7, D:1)
  a +0 dagger
(15, 20, D:1)
  a +0 dagger
(17, 36, D:1)
  a +0 short sword
(17, 37, D:1)
  a +0 dagger
(23, 25, D:1)
  a +0 short sword
  10 stones
(24, 25, D:1)
  a +0 club
(30, 18, D:1)
  a +0 club
(32, 1, D:1)
  a +0 whip
(32, 5, D:1)
  8 stones
(44, 20, D:1)
  a +0 short sword
  5 stones
(60, 7, D:1)
  a +0 ring mail

Level 2 of the Dungeon
(0, 0, D:2)
  6 stones
(3, 4, D:2)
  a +0 spear
(7, 5, D:2)
  4 stones
(17, 15, D:2)
  a +0 dagger
  5 stones

Level 3 of the Dungeon
(0, 0, D:3)
  a +0 ring mail
(2, 5, D:3)
  a +0 dagger
(3, 3, D:3)
  a +0 hand axe
(6, 31, D:3)
  a +0 spear
(10, 27, D:3)
  a +0 short sword
  3 stones
(13, 33, D:3)
  a +0 dagger
(22, 8, D:3)
  a +0 short sword
(24, 14, D:3)
  a +0 plate armour
(27, 15, D:3)
  a +0 war axe
  a +0 leather armour
(29, 23, D:3)
  3 poisoned darts
(29, 30, D:3)
  3 large rocks

Level 4 of the Dungeon
(0, 0, D:4)
  8 stones
(5, -25, D:4)
  a +0 sling
  a +0 dagger
  a +0 ring mail
(6, -10, D:4)
  a +0 ring mail
(9, -32, D:4)
  a +0 short sword
(9, 5, D:4)
  a +0 scale mail
(10, -32, D:4)
  a +0 trident
(10, -31, D:4)
  a +0 dagger
  a +0 robe
  a +0 hand axe
  a +0 leather armour
(10, 1, D:4)
  a +0 scale mail
(15, 2, D:4)
  a +0 quarterstaff
(24, -2, D:4)
  a +0 dagger
(27, 3, D:4)
  a +5 dagger
  a +0 robe
  a +5 mace
  a +0 robe
(27, 5, D:4)
  a +0 spectral falchion
(29, -5, D:4)
  2 stones
(34, 18, D:4)
  7 stones
(36, 1, D:4)
  a +0 dagger
  a +0 robe
(36, 2, D:4)
  a +0 flail
  a +0 ring mail
(38, 3, D:4)
  a +0 whip
  a +0 hand axe
(52, -27, D:4)
  a +0 robe
(55, 10, D:4)
  a +0 dagger
(59, -16, D:4)
  a +0 club
(60, 9, D:4)
  a +0 club

