code2828

Level 1 of the Dungeon
(0, 0, D:1)
  a +0 dagger
(11, 4, D:1)
  a +0 hand axe
(24, -8, D:1)
  a +0 sling
(27, 7, D:1)
  a +0 hand axe
(29, -13, D:1)
  a +0 robe
(29, 12, D:1)
  4 stones
(30, 9, D:1)
  6 stones
(35, -12, D:1)
  a +0 club
(43, -15, D:1)
  8 stones
(43, -14, D:1)
  a +0 leather armour
(43, -3, D:1)
  4 stones
(45, 16, D:1)
  a +0 whip
(53, 16, D:1)
  a +0 dagger

Level 2 of the Dungeon
(14, 20, D:2)
  2 boomerangs
(22, 30, D:2)
  a +0 whip
  5 stones
(38, 25, D:2)
  a +0 dagger
  3 stones
(39, 6, D:2)
  a book of Callings
(41, 16, D:2)
  a +0 robe

Level 3 of the Dungeon
(0, 33, D:3)
  6 boomerangs
(1, 2, D:3)
  a +1 dagger of flaming
(3, 11, D:3)
  a +0 robe
(16, 23, D:3)
  a +0 whip
  a +0 leather armour
(17, 10, D:3)
  a +0 dagger
(17, 11, D:3)
  a +0 club
(18, 23, D:3)
  a +0 mace of protection
  a +0 ring mail
  a +0 dagger
  a +0 robe
  a +0 hand axe
  a +0 leather armour
(19, 15, D:3)
  Great Wizards, Vol. VII
(19, 37, D:3)
  a +0 club
(28, 40, D:3)
  a +0 dagger of freezing
(31, 40, D:3)
  a +0 robe
(44, 10, D:3)
  4 large rocks

Level 4 of the Dungeon
(4, -10, D:4)
  a book of Party Tricks
(10, -6, D:4)
  a +0 ring mail
(12, -24, D:4)
  a +0 robe
(26, 0, D:4)
  a +0 ring mail
(28, 19, D:4)
  a +0 robe
(44, -27, D:4)
  a staff of poison
(50, -15, D:4)
  a +0 spear
(61, 10, D:4)
  a +0 dagger
  3 stones
(65, 16, D:4)
  a book of the Hunter

Level 5 of the Dungeon
(0, 0, D:5)
  a +0 whip
  a +0 leather armour
(2, 0, D:5)
  a +0 falchion
  a +0 mace
(2, 3, D:5)
  a +0 quarterstaff
(6, 1, D:5)
  a +0 dagger of holy wrath
  a +0 ring mail
(10, 2, D:5)
  a +0 robe
(18, -7, D:5)
  5 stones
(30, 9, D:5)
  a +0 short sword
(31, 5, D:5)
  a +0 animal skin
(33, -2, D:5)
  a +0 giant club
  a +0 flail
(34, -4, D:5)
  a +0 club
  a +0 spear
(34, -3, D:5)
  a +0 spear
  a +0 spear
  a +0 ring mail
(35, -9, D:5)
  a +0 mace
(38, 21, D:5)
  a book of Conjurations
(39, 3, D:5)
  a +0 trident
(41, 3, D:5)
  a +0 giant club
(43, 0, D:5)
  a +0 hand axe
(59, 4, D:5)
  a +0 dagger

Level 6 of the Dungeon
(0, 0, D:6)
  a wand of mindburst (12)
(3, -3, D:6)
  a +0 short sword
  a +0 chain mail
  a +0 flail
  a +0 club
  a +0 leather armour
  an orc corpse
  an orc corpse
(17, -27, D:6)
  a +0 robe

the Ecumenical Temple

